

================================================================
== Vivado HLS Report for 'dummy_proc_fe'
================================================================
* Date:           Fri Feb  2 16:43:26 2018

* Version:        2017.4 (Build 2086221 on Fri Dec 15 21:13:33 MST 2017)
* Project:        fft_filter_hlsprj
* Solution:       solution3
* Product family: kintex7
* Target device:  xc7k410tffg900-2


================================================================
== Performance Estimates
================================================================
+ Timing (ns): 
    * Summary: 
    +--------+-------+----------+------------+
    |  Clock | Target| Estimated| Uncertainty|
    +--------+-------+----------+------------+
    |ap_clk  |   3.30|      2.89|        0.41|
    +--------+-------+----------+------------+

+ Latency (clock cycles): 
    * Summary: 
    +-------+-------+-------+-------+---------+
    |    Latency    |    Interval   | Pipeline|
    |  min  |  max  |  min  |  max  |   Type  |
    +-------+-------+-------+-------+---------+
    |  10241|  10241|  10241|  10241|   none  |
    +-------+-------+-------+-------+---------+

    + Detail: 
        * Instance: 
        N/A

        * Loop: 
        +----------+-------+-------+----------+-----------+-----------+------+----------+
        |          |    Latency    | Iteration|  Initiation Interval  | Trip |          |
        | Loop Name|  min  |  max  |  Latency |  achieved |   target  | Count| Pipelined|
        +----------+-------+-------+----------+-----------+-----------+------+----------+
        |- Loop 1  |  10240|  10240|         5|          -|          -|  2048|    no    |
        +----------+-------+-------+----------+-----------+-----------+------+----------+



================================================================
== Utilization Estimates
================================================================
* Summary: 
+-----------------+---------+-------+--------+--------+
|       Name      | BRAM_18K| DSP48E|   FF   |   LUT  |
+-----------------+---------+-------+--------+--------+
|DSP              |        -|      -|       -|       -|
|Expression       |        -|      -|       0|      97|
|FIFO             |        -|      -|       -|       -|
|Instance         |        -|      -|       -|       -|
|Memory           |        2|      -|       0|       0|
|Multiplexer      |        -|      -|       -|     135|
|Register         |        -|      -|     250|       -|
+-----------------+---------+-------+--------+--------+
|Total            |        2|      0|     250|     232|
+-----------------+---------+-------+--------+--------+
|Available        |     1590|   1540|  508400|  254200|
+-----------------+---------+-------+--------+--------+
|Utilization (%)  |    ~0   |      0|   ~0   |   ~0   |
+-----------------+---------+-------+--------+--------+

+ Detail: 
    * Instance: 
    N/A

    * DSP48: 
    N/A

    * Memory: 
    +-----------------------+----------------------+---------+---+----+------+-----+------+-------------+
    |         Memory        |        Module        | BRAM_18K| FF| LUT| Words| Bits| Banks| W*Bits*Banks|
    +-----------------------+----------------------+---------+---+----+------+-----+------+-------------+
    |detector_tail_M_rea_U  |dummy_proc_fe_detbkb  |        1|  0|   0|   512|   32|     1|        16384|
    |detector_tail_M_ima_U  |dummy_proc_fe_detbkb  |        1|  0|   0|   512|   32|     1|        16384|
    +-----------------------+----------------------+---------+---+----+------+-----+------+-------------+
    |Total                  |                      |        2|  0|   0|  1024|   64|     2|        32768|
    +-----------------------+----------------------+---------+---+----+------+-----+------+-------------+

    * FIFO: 
    N/A

    * Expression: 
    +--------------------+----------+-------+---+----+------------+------------+
    |    Variable Name   | Operation| DSP48E| FF| LUT| Bitwidth P0| Bitwidth P1|
    +--------------------+----------+-------+---+----+------------+------------+
    |i_1_fu_235_p2       |     +    |      0|  0|  19|          12|           1|
    |tmp_9_fu_282_p2     |     +    |      0|  0|  19|          12|          12|
    |ap_block_state7     |    and   |      0|  0|   8|           1|           1|
    |exitcond_fu_229_p2  |   icmp   |      0|  0|  13|          12|          13|
    |icmp_fu_256_p2      |   icmp   |      0|  0|   9|           3|           1|
    |tmp_8_fu_276_p2     |   icmp   |      0|  0|  13|          12|          11|
    |ap_block_state1     |    or    |      0|  0|   8|           1|           1|
    |ap_block_state4     |    or    |      0|  0|   8|           1|           1|
    +--------------------+----------+-------+---+----+------------+------------+
    |Total               |          |      0|  0|  97|          54|          41|
    +--------------------+----------+-------+---+----+------------+------------+

    * Multiplexer: 
    +------------------------------+----+-----------+-----+-----------+
    |             Name             | LUT| Input Size| Bits| Total Bits|
    +------------------------------+----+-----------+-----+-----------+
    |ap_NS_fsm                     |  33|          8|    1|          8|
    |ap_done                       |   9|          2|    1|          2|
    |config_fwd_data_V_blk_n       |   9|          2|    1|          2|
    |config_inv_data_V_blk_n       |   9|          2|    1|          2|
    |detector_tail_M_ima_address0  |  13|          3|    9|         27|
    |detector_tail_M_rea_address0  |  13|          3|    9|         27|
    |i_reg_217                     |   9|          2|   12|         24|
    |in_r_blk_n                    |   9|          2|    1|          2|
    |output_xn1_blk_n              |   9|          2|    1|          2|
    |output_xn1_din                |  13|          3|   64|        192|
    |output_xn2_blk_n              |   9|          2|    1|          2|
    +------------------------------+----+-----------+-----+-----------+
    |Total                         | 135|         31|  101|        290|
    +------------------------------+----+-----------+-----+-----------+

    * Register: 
    +-------------------------------+----+----+-----+-----------+
    |              Name             | FF | LUT| Bits| Const Bits|
    +-------------------------------+----+----+-----+-----------+
    |ap_CS_fsm                      |   7|   0|    7|          0|
    |ap_done_reg                    |   1|   0|    1|          0|
    |detector_tail_M_ima_1_reg_362  |  32|   0|   32|          0|
    |detector_tail_M_rea_1_reg_357  |  32|   0|   32|          0|
    |i_1_reg_303                    |  12|   0|   12|          0|
    |i_reg_217                      |  12|   0|   12|          0|
    |icmp_reg_324                   |   1|   0|    1|          0|
    |in_M_imag_V_load_ne_reg_333    |  32|   0|   32|          0|
    |input_xn2_load_reg_319         |  64|   0|   64|          0|
    |tmp_2_reg_328                  |  32|   0|   32|          0|
    |tmp_8_reg_338                  |   1|   0|    1|          0|
    |tmp_9_reg_342                  |  12|   0|   12|          0|
    |tmp_reg_308                    |  12|   0|   64|         52|
    +-------------------------------+----+----+-----+-----------+
    |Total                          | 250|   0|  302|         52|
    +-------------------------------+----+----+-----+-----------+



================================================================
== Interface
================================================================
* Summary: 
+--------------------------+-----+-----+------------+-------------------+--------------+
|         RTL Ports        | Dir | Bits|  Protocol  |   Source Object   |    C Type    |
+--------------------------+-----+-----+------------+-------------------+--------------+
|ap_clk                    |  in |    1| ap_ctrl_hs |   dummy_proc_fe   | return value |
|ap_rst                    |  in |    1| ap_ctrl_hs |   dummy_proc_fe   | return value |
|ap_start                  |  in |    1| ap_ctrl_hs |   dummy_proc_fe   | return value |
|ap_done                   | out |    1| ap_ctrl_hs |   dummy_proc_fe   | return value |
|ap_continue               |  in |    1| ap_ctrl_hs |   dummy_proc_fe   | return value |
|ap_idle                   | out |    1| ap_ctrl_hs |   dummy_proc_fe   | return value |
|ap_ready                  | out |    1| ap_ctrl_hs |   dummy_proc_fe   | return value |
|config_fwd_data_V_din     | out |   16|   ap_fifo  | config_fwd_data_V |    pointer   |
|config_fwd_data_V_full_n  |  in |    1|   ap_fifo  | config_fwd_data_V |    pointer   |
|config_fwd_data_V_write   | out |    1|   ap_fifo  | config_fwd_data_V |    pointer   |
|config_inv_data_V_din     | out |   16|   ap_fifo  | config_inv_data_V |    pointer   |
|config_inv_data_V_full_n  |  in |    1|   ap_fifo  | config_inv_data_V |    pointer   |
|config_inv_data_V_write   | out |    1|   ap_fifo  | config_inv_data_V |    pointer   |
|in_r_dout                 |  in |   64|   ap_fifo  |        in_r       |    pointer   |
|in_r_empty_n              |  in |    1|   ap_fifo  |        in_r       |    pointer   |
|in_r_read                 | out |    1|   ap_fifo  |        in_r       |    pointer   |
|input_xn2_address0        | out |   11|  ap_memory |     input_xn2     |     array    |
|input_xn2_ce0             | out |    1|  ap_memory |     input_xn2     |     array    |
|input_xn2_q0              |  in |   64|  ap_memory |     input_xn2     |     array    |
|output_xn1_din            | out |   64|   ap_fifo  |     output_xn1    |    pointer   |
|output_xn1_full_n         |  in |    1|   ap_fifo  |     output_xn1    |    pointer   |
|output_xn1_write          | out |    1|   ap_fifo  |     output_xn1    |    pointer   |
|output_xn2_din            | out |   64|   ap_fifo  |     output_xn2    |    pointer   |
|output_xn2_full_n         |  in |    1|   ap_fifo  |     output_xn2    |    pointer   |
|output_xn2_write          | out |    1|   ap_fifo  |     output_xn2    |    pointer   |
+--------------------------+-----+-----+------------+-------------------+--------------+

