Copyright 1986-2014 Xilinx, Inc. All Rights Reserved.
------------------------------------------------------------------------------------
| Tool Version : Vivado v.2014.4 (lin64) Build 1071353 Tue Nov 18 16:47:07 MST 2014
| Date         : Thu Nov  9 08:52:29 2017
| Host         : commlab-server.uni.lux running 64-bit unknown
| Command      : report_drc
------------------------------------------------------------------------------------

Report DRC

Table of Contents
-----------------
1. REPORT SUMMARY
2. REPORT DETAILS

1. REPORT SUMMARY
-----------------
            Netlist: netlist
          Floorplan: checkpoint_sosf_detector_top
      Design limits: <entire design considered>
           Ruledeck: default
           Max violations: <unlimited>
         Violations found: 99

2. REPORT DETAILS
-----------------
CFGBVS-1#1 Warning
Missing CFGBVS and CONFIG_VOLTAGE Design Properties  
Neither the CFGBVS nor CONFIG_VOLTAGE voltage property is set in the current_design.  Configuration bank voltage select (CFGBVS) must be set to VCCO or GND, and CONFIG_VOLTAGE must be set to the correct configuration voltage, in order to determine the I/O voltage support for the pins in bank 0.  It is suggested to specify these either using the 'Edit Device Properties' function in the GUI or directly in the XDC file using the following syntax:

 set_property CFGBVS value1 [current_design]
 #where value1 is either VCCO or GND

 set_property CONFIG_VOLTAGE value2 [current_design]
 #where value2 is the voltage provided to configuration bank 0

Refer to the device configuration user guide for more information.
Related violations: <none>

DPIP-1#1 Warning
Input pipelining  
DSP fft_config1_U0/inst/U0/i_synth/xfft_inst/floating_point.xfft_inst/fft/non_floating_point.arch_d.xfft_inst/pe_gen[0].natural_order_input.PE/has_TW_mult.MULT/i_cmpy/four_mult_structure.use_dsp.i_dsp/re_im/use_DSP48.qDSP[0].appDSP[0].bppDSP[0].u_l[0].use_dsp48e1.dsp input C is not pipelined. Pipelining DSP48 input will improve performance.
Related violations: <none>

DPIP-1#2 Warning
Input pipelining  
DSP fft_config1_U0/inst/U0/i_synth/xfft_inst/floating_point.xfft_inst/fft/non_floating_point.arch_d.xfft_inst/pe_gen[0].natural_order_input.PE/has_TW_mult.MULT/i_cmpy/four_mult_structure.use_dsp.i_dsp/re_im/use_DSP48.qDSP[0].appDSP[0].bppDSP[0].u_l[1].use_dsp48e1.dsp input C is not pipelined. Pipelining DSP48 input will improve performance.
Related violations: <none>

DPIP-1#3 Warning
Input pipelining  
DSP fft_config1_U0/inst/U0/i_synth/xfft_inst/floating_point.xfft_inst/fft/non_floating_point.arch_d.xfft_inst/pe_gen[0].natural_order_input.PE/has_TW_mult.MULT/i_cmpy/four_mult_structure.use_dsp.i_dsp/re_im/use_DSP48.qDSP[0].appDSP[0].bppDSP[1].u_l[0].use_dsp48e1.dsp input C is not pipelined. Pipelining DSP48 input will improve performance.
Related violations: <none>

DPIP-1#4 Warning
Input pipelining  
DSP fft_config1_U0/inst/U0/i_synth/xfft_inst/floating_point.xfft_inst/fft/non_floating_point.arch_d.xfft_inst/pe_gen[0].natural_order_input.PE/has_TW_mult.MULT/i_cmpy/four_mult_structure.use_dsp.i_dsp/re_im/use_DSP48.qDSP[0].appDSP[0].bppDSP[1].u_l[1].use_dsp48e1.dsp input C is not pipelined. Pipelining DSP48 input will improve performance.
Related violations: <none>

DPIP-1#5 Warning
Input pipelining  
DSP fft_config1_U0/inst/U0/i_synth/xfft_inst/floating_point.xfft_inst/fft/non_floating_point.arch_d.xfft_inst/pe_gen[0].natural_order_input.PE/has_TW_mult.MULT/i_cmpy/four_mult_structure.use_dsp.i_dsp/re_im/use_DSP48.qDSP[1].appDSP[0].bppDSP[0].u_l[0].use_dsp48e1.dsp input C is not pipelined. Pipelining DSP48 input will improve performance.
Related violations: <none>

DPIP-1#6 Warning
Input pipelining  
DSP fft_config1_U0/inst/U0/i_synth/xfft_inst/floating_point.xfft_inst/fft/non_floating_point.arch_d.xfft_inst/pe_gen[0].natural_order_input.PE/has_TW_mult.MULT/i_cmpy/four_mult_structure.use_dsp.i_dsp/re_im/use_DSP48.qDSP[1].appDSP[0].bppDSP[0].u_l[1].use_dsp48e1.dsp input C is not pipelined. Pipelining DSP48 input will improve performance.
Related violations: <none>

DPIP-1#7 Warning
Input pipelining  
DSP fft_config1_U0/inst/U0/i_synth/xfft_inst/floating_point.xfft_inst/fft/non_floating_point.arch_d.xfft_inst/pe_gen[0].natural_order_input.PE/has_TW_mult.MULT/i_cmpy/four_mult_structure.use_dsp.i_dsp/re_im/use_DSP48.qDSP[1].appDSP[0].bppDSP[1].u_l[0].use_dsp48e1.dsp input C is not pipelined. Pipelining DSP48 input will improve performance.
Related violations: <none>

DPIP-1#8 Warning
Input pipelining  
DSP fft_config1_U0/inst/U0/i_synth/xfft_inst/floating_point.xfft_inst/fft/non_floating_point.arch_d.xfft_inst/pe_gen[0].natural_order_input.PE/has_TW_mult.MULT/i_cmpy/four_mult_structure.use_dsp.i_dsp/re_im/use_DSP48.qDSP[1].appDSP[0].bppDSP[1].u_l[1].use_dsp48e1.dsp input C is not pipelined. Pipelining DSP48 input will improve performance.
Related violations: <none>

DPIP-1#9 Warning
Input pipelining  
DSP fft_config1_U0/inst/U0/i_synth/xfft_inst/floating_point.xfft_inst/fft/non_floating_point.arch_d.xfft_inst/pe_gen[1].natural_order_input.PE/has_TW_mult.MULT/i_cmpy/four_mult_structure.use_dsp.i_dsp/re_im/use_DSP48.qDSP[0].appDSP[0].bppDSP[0].u_l[0].use_dsp48e1.dsp input C is not pipelined. Pipelining DSP48 input will improve performance.
Related violations: <none>

DPIP-1#10 Warning
Input pipelining  
DSP fft_config1_U0/inst/U0/i_synth/xfft_inst/floating_point.xfft_inst/fft/non_floating_point.arch_d.xfft_inst/pe_gen[1].natural_order_input.PE/has_TW_mult.MULT/i_cmpy/four_mult_structure.use_dsp.i_dsp/re_im/use_DSP48.qDSP[0].appDSP[0].bppDSP[0].u_l[1].use_dsp48e1.dsp input C is not pipelined. Pipelining DSP48 input will improve performance.
Related violations: <none>

DPIP-1#11 Warning
Input pipelining  
DSP fft_config1_U0/inst/U0/i_synth/xfft_inst/floating_point.xfft_inst/fft/non_floating_point.arch_d.xfft_inst/pe_gen[1].natural_order_input.PE/has_TW_mult.MULT/i_cmpy/four_mult_structure.use_dsp.i_dsp/re_im/use_DSP48.qDSP[0].appDSP[0].bppDSP[1].u_l[0].use_dsp48e1.dsp input C is not pipelined. Pipelining DSP48 input will improve performance.
Related violations: <none>

DPIP-1#12 Warning
Input pipelining  
DSP fft_config1_U0/inst/U0/i_synth/xfft_inst/floating_point.xfft_inst/fft/non_floating_point.arch_d.xfft_inst/pe_gen[1].natural_order_input.PE/has_TW_mult.MULT/i_cmpy/four_mult_structure.use_dsp.i_dsp/re_im/use_DSP48.qDSP[0].appDSP[0].bppDSP[1].u_l[1].use_dsp48e1.dsp input C is not pipelined. Pipelining DSP48 input will improve performance.
Related violations: <none>

DPIP-1#13 Warning
Input pipelining  
DSP fft_config1_U0/inst/U0/i_synth/xfft_inst/floating_point.xfft_inst/fft/non_floating_point.arch_d.xfft_inst/pe_gen[1].natural_order_input.PE/has_TW_mult.MULT/i_cmpy/four_mult_structure.use_dsp.i_dsp/re_im/use_DSP48.qDSP[1].appDSP[0].bppDSP[0].u_l[0].use_dsp48e1.dsp input C is not pipelined. Pipelining DSP48 input will improve performance.
Related violations: <none>

DPIP-1#14 Warning
Input pipelining  
DSP fft_config1_U0/inst/U0/i_synth/xfft_inst/floating_point.xfft_inst/fft/non_floating_point.arch_d.xfft_inst/pe_gen[1].natural_order_input.PE/has_TW_mult.MULT/i_cmpy/four_mult_structure.use_dsp.i_dsp/re_im/use_DSP48.qDSP[1].appDSP[0].bppDSP[0].u_l[1].use_dsp48e1.dsp input C is not pipelined. Pipelining DSP48 input will improve performance.
Related violations: <none>

DPIP-1#15 Warning
Input pipelining  
DSP fft_config1_U0/inst/U0/i_synth/xfft_inst/floating_point.xfft_inst/fft/non_floating_point.arch_d.xfft_inst/pe_gen[1].natural_order_input.PE/has_TW_mult.MULT/i_cmpy/four_mult_structure.use_dsp.i_dsp/re_im/use_DSP48.qDSP[1].appDSP[0].bppDSP[1].u_l[0].use_dsp48e1.dsp input C is not pipelined. Pipelining DSP48 input will improve performance.
Related violations: <none>

DPIP-1#16 Warning
Input pipelining  
DSP fft_config1_U0/inst/U0/i_synth/xfft_inst/floating_point.xfft_inst/fft/non_floating_point.arch_d.xfft_inst/pe_gen[1].natural_order_input.PE/has_TW_mult.MULT/i_cmpy/four_mult_structure.use_dsp.i_dsp/re_im/use_DSP48.qDSP[1].appDSP[0].bppDSP[1].u_l[1].use_dsp48e1.dsp input C is not pipelined. Pipelining DSP48 input will improve performance.
Related violations: <none>

DPIP-1#17 Warning
Input pipelining  
DSP fft_config1_U0/inst/U0/i_synth/xfft_inst/floating_point.xfft_inst/fft/non_floating_point.arch_d.xfft_inst/pe_gen[2].natural_order_input.PE/has_TW_mult.MULT/i_cmpy/four_mult_structure.use_dsp.i_dsp/re_im/use_DSP48.qDSP[0].appDSP[0].bppDSP[0].u_l[0].use_dsp48e1.dsp input C is not pipelined. Pipelining DSP48 input will improve performance.
Related violations: <none>

DPIP-1#18 Warning
Input pipelining  
DSP fft_config1_U0/inst/U0/i_synth/xfft_inst/floating_point.xfft_inst/fft/non_floating_point.arch_d.xfft_inst/pe_gen[2].natural_order_input.PE/has_TW_mult.MULT/i_cmpy/four_mult_structure.use_dsp.i_dsp/re_im/use_DSP48.qDSP[0].appDSP[0].bppDSP[0].u_l[1].use_dsp48e1.dsp input C is not pipelined. Pipelining DSP48 input will improve performance.
Related violations: <none>

DPIP-1#19 Warning
Input pipelining  
DSP fft_config1_U0/inst/U0/i_synth/xfft_inst/floating_point.xfft_inst/fft/non_floating_point.arch_d.xfft_inst/pe_gen[2].natural_order_input.PE/has_TW_mult.MULT/i_cmpy/four_mult_structure.use_dsp.i_dsp/re_im/use_DSP48.qDSP[0].appDSP[0].bppDSP[1].u_l[0].use_dsp48e1.dsp input C is not pipelined. Pipelining DSP48 input will improve performance.
Related violations: <none>

DPIP-1#20 Warning
Input pipelining  
DSP fft_config1_U0/inst/U0/i_synth/xfft_inst/floating_point.xfft_inst/fft/non_floating_point.arch_d.xfft_inst/pe_gen[2].natural_order_input.PE/has_TW_mult.MULT/i_cmpy/four_mult_structure.use_dsp.i_dsp/re_im/use_DSP48.qDSP[0].appDSP[0].bppDSP[1].u_l[1].use_dsp48e1.dsp input C is not pipelined. Pipelining DSP48 input will improve performance.
Related violations: <none>

DPIP-1#21 Warning
Input pipelining  
DSP fft_config1_U0/inst/U0/i_synth/xfft_inst/floating_point.xfft_inst/fft/non_floating_point.arch_d.xfft_inst/pe_gen[2].natural_order_input.PE/has_TW_mult.MULT/i_cmpy/four_mult_structure.use_dsp.i_dsp/re_im/use_DSP48.qDSP[1].appDSP[0].bppDSP[0].u_l[0].use_dsp48e1.dsp input C is not pipelined. Pipelining DSP48 input will improve performance.
Related violations: <none>

DPIP-1#22 Warning
Input pipelining  
DSP fft_config1_U0/inst/U0/i_synth/xfft_inst/floating_point.xfft_inst/fft/non_floating_point.arch_d.xfft_inst/pe_gen[2].natural_order_input.PE/has_TW_mult.MULT/i_cmpy/four_mult_structure.use_dsp.i_dsp/re_im/use_DSP48.qDSP[1].appDSP[0].bppDSP[0].u_l[1].use_dsp48e1.dsp input C is not pipelined. Pipelining DSP48 input will improve performance.
Related violations: <none>

DPIP-1#23 Warning
Input pipelining  
DSP fft_config1_U0/inst/U0/i_synth/xfft_inst/floating_point.xfft_inst/fft/non_floating_point.arch_d.xfft_inst/pe_gen[2].natural_order_input.PE/has_TW_mult.MULT/i_cmpy/four_mult_structure.use_dsp.i_dsp/re_im/use_DSP48.qDSP[1].appDSP[0].bppDSP[1].u_l[0].use_dsp48e1.dsp input C is not pipelined. Pipelining DSP48 input will improve performance.
Related violations: <none>

DPIP-1#24 Warning
Input pipelining  
DSP fft_config1_U0/inst/U0/i_synth/xfft_inst/floating_point.xfft_inst/fft/non_floating_point.arch_d.xfft_inst/pe_gen[2].natural_order_input.PE/has_TW_mult.MULT/i_cmpy/four_mult_structure.use_dsp.i_dsp/re_im/use_DSP48.qDSP[1].appDSP[0].bppDSP[1].u_l[1].use_dsp48e1.dsp input C is not pipelined. Pipelining DSP48 input will improve performance.
Related violations: <none>

DPIP-1#25 Warning
Input pipelining  
DSP fft_config1_U0/inst/U0/i_synth/xfft_inst/floating_point.xfft_inst/fft/non_floating_point.arch_d.xfft_inst/pe_gen[3].natural_order_input.PE/has_TW_mult.MULT/i_cmpy/three_mult_structure.use_dsp.i_dsp48/mult1_preadder_d_plus_b.mult1/mult/use_prim.appDSP48[0].bppDSP48[1].use_dsp.use_dsp48e1.iDSP48E1 input C is not pipelined. Pipelining DSP48 input will improve performance.
Related violations: <none>

DPIP-1#26 Warning
Input pipelining  
DSP fft_config1_U0/inst/U0/i_synth/xfft_inst/floating_point.xfft_inst/fft/non_floating_point.arch_d.xfft_inst/pe_gen[3].natural_order_input.PE/has_TW_mult.MULT/i_cmpy/three_mult_structure.use_dsp.i_dsp48/mult1_preadder_d_plus_b.mult1/mult/use_prim.appDSP48[0].bppDSP48[2].use_dsp.use_dsp48e1.iDSP48E1 input C is not pipelined. Pipelining DSP48 input will improve performance.
Related violations: <none>

DPIP-1#27 Warning
Input pipelining  
DSP fft_config1_U0/inst/U0/i_synth/xfft_inst/floating_point.xfft_inst/fft/non_floating_point.arch_d.xfft_inst/pe_gen[3].natural_order_input.PE/has_TW_mult.MULT/i_cmpy/three_mult_structure.use_dsp.i_dsp48/mult2_preadder_d_plus_b.mult2/mult/use_prim.appDSP48[0].bppDSP48[0].use_dsp.use_dsp48e1.iDSP48E1 input C is not pipelined. Pipelining DSP48 input will improve performance.
Related violations: <none>

DPIP-1#28 Warning
Input pipelining  
DSP fft_config1_U0/inst/U0/i_synth/xfft_inst/floating_point.xfft_inst/fft/non_floating_point.arch_d.xfft_inst/pe_gen[3].natural_order_input.PE/has_TW_mult.MULT/i_cmpy/three_mult_structure.use_dsp.i_dsp48/mult2_preadder_d_plus_b.mult2/mult/use_prim.appDSP48[0].bppDSP48[1].use_dsp.use_dsp48e1.iDSP48E1 input C is not pipelined. Pipelining DSP48 input will improve performance.
Related violations: <none>

DPIP-1#29 Warning
Input pipelining  
DSP fft_config1_U0/inst/U0/i_synth/xfft_inst/floating_point.xfft_inst/fft/non_floating_point.arch_d.xfft_inst/pe_gen[3].natural_order_input.PE/has_TW_mult.MULT/i_cmpy/three_mult_structure.use_dsp.i_dsp48/mult2_preadder_d_plus_b.mult2/mult/use_prim.appDSP48[1].bppDSP48[0].use_dsp.use_dsp48e1.iDSP48E1 input C is not pipelined. Pipelining DSP48 input will improve performance.
Related violations: <none>

DPIP-1#30 Warning
Input pipelining  
DSP fft_config1_U0/inst/U0/i_synth/xfft_inst/floating_point.xfft_inst/fft/non_floating_point.arch_d.xfft_inst/pe_gen[3].natural_order_input.PE/has_TW_mult.MULT/i_cmpy/three_mult_structure.use_dsp.i_dsp48/mult2_preadder_d_plus_b.mult2/mult/use_prim.appDSP48[1].bppDSP48[1].use_dsp.use_dsp48e1.iDSP48E1 input C is not pipelined. Pipelining DSP48 input will improve performance.
Related violations: <none>

DPIP-1#31 Warning
Input pipelining  
DSP fft_config1_U0/inst/U0/i_synth/xfft_inst/floating_point.xfft_inst/fft/non_floating_point.arch_d.xfft_inst/pe_gen[3].natural_order_input.PE/has_TW_mult.MULT/i_cmpy/three_mult_structure.use_dsp.i_dsp48/mult3_preadder_d_minus_b.mult3/mult/use_prim.appDSP48[0].bppDSP48[1].use_dsp.use_dsp48e1.iDSP48E1 input C is not pipelined. Pipelining DSP48 input will improve performance.
Related violations: <none>

DPIP-1#32 Warning
Input pipelining  
DSP fft_config1_U0/inst/U0/i_synth/xfft_inst/floating_point.xfft_inst/fft/non_floating_point.arch_d.xfft_inst/pe_gen[3].natural_order_input.PE/has_TW_mult.MULT/i_cmpy/three_mult_structure.use_dsp.i_dsp48/mult3_preadder_d_minus_b.mult3/mult/use_prim.appDSP48[0].bppDSP48[2].use_dsp.use_dsp48e1.iDSP48E1 input C is not pipelined. Pipelining DSP48 input will improve performance.
Related violations: <none>

DPIP-1#33 Warning
Input pipelining  
DSP sosf_detector_top_dummy_proc_be_U0/sosf_detector_top_fadd_32ns_32ns_32_10_full_dsp_U7/sosf_detector_top_ap_fadd_8_full_dsp_32_u/U0/i_synth/ADDSUB_OP.ADDSUB/SPEED_OP.DSP.OP/DSP48E1_BODY.ALIGN_ADD/DSP2/DSP input A B is not pipelined. Pipelining DSP48 input will improve performance.
Related violations: <none>

DPIP-1#34 Warning
Input pipelining  
DSP sosf_detector_top_dummy_proc_be_U0/sosf_detector_top_fadd_32ns_32ns_32_10_full_dsp_U7/sosf_detector_top_ap_fadd_8_full_dsp_32_u/U0/i_synth/ADDSUB_OP.ADDSUB/SPEED_OP.DSP.OP/DSP48E1_BODY.NORM_RND/SHIFT_RND/DSP input C is not pipelined. Pipelining DSP48 input will improve performance.
Related violations: <none>

DPIP-1#35 Warning
Input pipelining  
DSP sosf_detector_top_dummy_proc_be_U0/sosf_detector_top_fmul_32ns_32ns_32_6_max_dsp_U10/sosf_detector_top_ap_fmul_4_max_dsp_32_u/U0/i_synth/MULT.OP/MULT/DSP48E1_SPD_SGL_VARIANT.FIX_MULT/DSP1/DSP input A B is not pipelined. Pipelining DSP48 input will improve performance.
Related violations: <none>

DPIP-1#36 Warning
Input pipelining  
DSP sosf_detector_top_dummy_proc_be_U0/sosf_detector_top_fmul_32ns_32ns_32_6_max_dsp_U10/sosf_detector_top_ap_fmul_4_max_dsp_32_u/U0/i_synth/MULT.OP/R_AND_R/LAT_OPT.FULL.R_AND_R/DSP48E1_SGL_EXP_IP.OLD_ADD.ADD/DSP input A is not pipelined. Pipelining DSP48 input will improve performance.
Related violations: <none>

DPIP-1#37 Warning
Input pipelining  
DSP sosf_detector_top_dummy_proc_be_U0/sosf_detector_top_fmul_32ns_32ns_32_6_max_dsp_U11/sosf_detector_top_ap_fmul_4_max_dsp_32_u/U0/i_synth/MULT.OP/MULT/DSP48E1_SPD_SGL_VARIANT.FIX_MULT/DSP1/DSP input A B is not pipelined. Pipelining DSP48 input will improve performance.
Related violations: <none>

DPIP-1#38 Warning
Input pipelining  
DSP sosf_detector_top_dummy_proc_be_U0/sosf_detector_top_fmul_32ns_32ns_32_6_max_dsp_U11/sosf_detector_top_ap_fmul_4_max_dsp_32_u/U0/i_synth/MULT.OP/R_AND_R/LAT_OPT.FULL.R_AND_R/DSP48E1_SGL_EXP_IP.OLD_ADD.ADD/DSP input A is not pipelined. Pipelining DSP48 input will improve performance.
Related violations: <none>

DPIP-1#39 Warning
Input pipelining  
DSP sosf_detector_top_dummy_proc_be_U0/sosf_detector_top_fmul_32ns_32ns_32_6_max_dsp_U8/sosf_detector_top_ap_fmul_4_max_dsp_32_u/U0/i_synth/MULT.OP/MULT/DSP48E1_SPD_SGL_VARIANT.FIX_MULT/DSP1/DSP input A B is not pipelined. Pipelining DSP48 input will improve performance.
Related violations: <none>

DPIP-1#40 Warning
Input pipelining  
DSP sosf_detector_top_dummy_proc_be_U0/sosf_detector_top_fmul_32ns_32ns_32_6_max_dsp_U8/sosf_detector_top_ap_fmul_4_max_dsp_32_u/U0/i_synth/MULT.OP/R_AND_R/LAT_OPT.FULL.R_AND_R/DSP48E1_SGL_EXP_IP.OLD_ADD.ADD/DSP input A is not pipelined. Pipelining DSP48 input will improve performance.
Related violations: <none>

DPIP-1#41 Warning
Input pipelining  
DSP sosf_detector_top_dummy_proc_be_U0/sosf_detector_top_fmul_32ns_32ns_32_6_max_dsp_U9/sosf_detector_top_ap_fmul_4_max_dsp_32_u/U0/i_synth/MULT.OP/MULT/DSP48E1_SPD_SGL_VARIANT.FIX_MULT/DSP1/DSP input A B is not pipelined. Pipelining DSP48 input will improve performance.
Related violations: <none>

DPIP-1#42 Warning
Input pipelining  
DSP sosf_detector_top_dummy_proc_be_U0/sosf_detector_top_fmul_32ns_32ns_32_6_max_dsp_U9/sosf_detector_top_ap_fmul_4_max_dsp_32_u/U0/i_synth/MULT.OP/R_AND_R/LAT_OPT.FULL.R_AND_R/DSP48E1_SGL_EXP_IP.OLD_ADD.ADD/DSP input A is not pipelined. Pipelining DSP48 input will improve performance.
Related violations: <none>

DPIP-1#43 Warning
Input pipelining  
DSP sosf_detector_top_dummy_proc_be_U0/sosf_detector_top_fsub_32ns_32ns_32_10_full_dsp_U6/sosf_detector_top_ap_fsub_8_full_dsp_32_u/U0/i_synth/ADDSUB_OP.ADDSUB/SPEED_OP.DSP.OP/DSP48E1_BODY.ALIGN_ADD/DSP2/DSP input A B is not pipelined. Pipelining DSP48 input will improve performance.
Related violations: <none>

DPIP-1#44 Warning
Input pipelining  
DSP sosf_detector_top_dummy_proc_be_U0/sosf_detector_top_fsub_32ns_32ns_32_10_full_dsp_U6/sosf_detector_top_ap_fsub_8_full_dsp_32_u/U0/i_synth/ADDSUB_OP.ADDSUB/SPEED_OP.DSP.OP/DSP48E1_BODY.NORM_RND/SHIFT_RND/DSP input C is not pipelined. Pipelining DSP48 input will improve performance.
Related violations: <none>

DPOP-1#1 Warning
Output pipelining  
DSP sosf_detector_top_dummy_proc_be_U0/sosf_detector_top_fadd_32ns_32ns_32_10_full_dsp_U7/sosf_detector_top_ap_fadd_8_full_dsp_32_u/U0/i_synth/ADDSUB_OP.ADDSUB/SPEED_OP.DSP.OP/DSP48E1_BODY.NORM_RND/SHIFT_RND/DSP output P is not pipelined. Pipelining DSP48 output will improve performance. Both multiplier/adder output can be pipelined.
Related violations: <none>

DPOP-1#2 Warning
Output pipelining  
DSP sosf_detector_top_dummy_proc_be_U0/sosf_detector_top_fmul_32ns_32ns_32_6_max_dsp_U10/sosf_detector_top_ap_fmul_4_max_dsp_32_u/U0/i_synth/MULT.OP/R_AND_R/LAT_OPT.FULL.R_AND_R/DSP48E1_SGL_EXP_IP.OLD_ADD.ADD/DSP output P is not pipelined. Pipelining DSP48 output will improve performance. Both multiplier/adder output can be pipelined.
Related violations: <none>

DPOP-1#3 Warning
Output pipelining  
DSP sosf_detector_top_dummy_proc_be_U0/sosf_detector_top_fmul_32ns_32ns_32_6_max_dsp_U11/sosf_detector_top_ap_fmul_4_max_dsp_32_u/U0/i_synth/MULT.OP/R_AND_R/LAT_OPT.FULL.R_AND_R/DSP48E1_SGL_EXP_IP.OLD_ADD.ADD/DSP output P is not pipelined. Pipelining DSP48 output will improve performance. Both multiplier/adder output can be pipelined.
Related violations: <none>

DPOP-1#4 Warning
Output pipelining  
DSP sosf_detector_top_dummy_proc_be_U0/sosf_detector_top_fmul_32ns_32ns_32_6_max_dsp_U8/sosf_detector_top_ap_fmul_4_max_dsp_32_u/U0/i_synth/MULT.OP/R_AND_R/LAT_OPT.FULL.R_AND_R/DSP48E1_SGL_EXP_IP.OLD_ADD.ADD/DSP output P is not pipelined. Pipelining DSP48 output will improve performance. Both multiplier/adder output can be pipelined.
Related violations: <none>

DPOP-1#5 Warning
Output pipelining  
DSP sosf_detector_top_dummy_proc_be_U0/sosf_detector_top_fmul_32ns_32ns_32_6_max_dsp_U9/sosf_detector_top_ap_fmul_4_max_dsp_32_u/U0/i_synth/MULT.OP/R_AND_R/LAT_OPT.FULL.R_AND_R/DSP48E1_SGL_EXP_IP.OLD_ADD.ADD/DSP output P is not pipelined. Pipelining DSP48 output will improve performance. Both multiplier/adder output can be pipelined.
Related violations: <none>

DPOP-1#6 Warning
Output pipelining  
DSP sosf_detector_top_dummy_proc_be_U0/sosf_detector_top_fsub_32ns_32ns_32_10_full_dsp_U6/sosf_detector_top_ap_fsub_8_full_dsp_32_u/U0/i_synth/ADDSUB_OP.ADDSUB/SPEED_OP.DSP.OP/DSP48E1_BODY.NORM_RND/SHIFT_RND/DSP output P is not pipelined. Pipelining DSP48 output will improve performance. Both multiplier/adder output can be pipelined.
Related violations: <none>

NDRV-2#1 Warning
Out of context terminal  
Port ap_idle, ap_rst, ovflo_din, ap_done, ap_start, ovflo_full_n, out_r_ce0, coefs_address0[12:0], ap_ready, coefs_q0[63:0], coefs_ce0, out_r_d0[63:0], out_r_address0[12:0], in_r_dout[63:0], in_r_read (the first 15 of 16 listed) does not have an associated HD.PARTPIN_LOCS property, which will prevent the partial routing of the signal %ELG. Without this partial route, timing analysis to/from this port will not be accurate and no routing information for this port can be exported.
Related violations: <none>

AVAL-4#1 Advisory
enum_USE_DPORT_FALSE_enum_DREG_ADREG_0_connects_CED_CEAD_RSTD_GND  
fft_config1_U0/inst/U0/i_synth/xfft_inst/floating_point.xfft_inst/fft/non_floating_point.arch_d.xfft_inst/pe_gen[0].natural_order_input.PE/has_TW_mult.MULT/i_cmpy/four_mult_structure.use_dsp.i_dsp/re_im/use_DSP48.qDSP[0].appDSP[0].bppDSP[0].u_l[0].use_dsp48e1.dsp: DSP48E1 is not using the D port (USE_DPORT = FALSE). For improved power characteristics, set DREG and ADREG to '1', tie CED, CEAD, and RSTD to logic '0'.
Related violations: <none>

AVAL-4#2 Advisory
enum_USE_DPORT_FALSE_enum_DREG_ADREG_0_connects_CED_CEAD_RSTD_GND  
fft_config1_U0/inst/U0/i_synth/xfft_inst/floating_point.xfft_inst/fft/non_floating_point.arch_d.xfft_inst/pe_gen[0].natural_order_input.PE/has_TW_mult.MULT/i_cmpy/four_mult_structure.use_dsp.i_dsp/re_im/use_DSP48.qDSP[0].appDSP[0].bppDSP[0].u_l[1].use_dsp48e1.dsp: DSP48E1 is not using the D port (USE_DPORT = FALSE). For improved power characteristics, set DREG and ADREG to '1', tie CED, CEAD, and RSTD to logic '0'.
Related violations: <none>

AVAL-4#3 Advisory
enum_USE_DPORT_FALSE_enum_DREG_ADREG_0_connects_CED_CEAD_RSTD_GND  
fft_config1_U0/inst/U0/i_synth/xfft_inst/floating_point.xfft_inst/fft/non_floating_point.arch_d.xfft_inst/pe_gen[0].natural_order_input.PE/has_TW_mult.MULT/i_cmpy/four_mult_structure.use_dsp.i_dsp/re_im/use_DSP48.qDSP[0].appDSP[0].bppDSP[1].u_l[0].use_dsp48e1.dsp: DSP48E1 is not using the D port (USE_DPORT = FALSE). For improved power characteristics, set DREG and ADREG to '1', tie CED, CEAD, and RSTD to logic '0'.
Related violations: <none>

AVAL-4#4 Advisory
enum_USE_DPORT_FALSE_enum_DREG_ADREG_0_connects_CED_CEAD_RSTD_GND  
fft_config1_U0/inst/U0/i_synth/xfft_inst/floating_point.xfft_inst/fft/non_floating_point.arch_d.xfft_inst/pe_gen[0].natural_order_input.PE/has_TW_mult.MULT/i_cmpy/four_mult_structure.use_dsp.i_dsp/re_im/use_DSP48.qDSP[1].appDSP[0].bppDSP[0].u_l[0].use_dsp48e1.dsp: DSP48E1 is not using the D port (USE_DPORT = FALSE). For improved power characteristics, set DREG and ADREG to '1', tie CED, CEAD, and RSTD to logic '0'.
Related violations: <none>

AVAL-4#5 Advisory
enum_USE_DPORT_FALSE_enum_DREG_ADREG_0_connects_CED_CEAD_RSTD_GND  
fft_config1_U0/inst/U0/i_synth/xfft_inst/floating_point.xfft_inst/fft/non_floating_point.arch_d.xfft_inst/pe_gen[0].natural_order_input.PE/has_TW_mult.MULT/i_cmpy/four_mult_structure.use_dsp.i_dsp/re_im/use_DSP48.qDSP[1].appDSP[0].bppDSP[0].u_l[1].use_dsp48e1.dsp: DSP48E1 is not using the D port (USE_DPORT = FALSE). For improved power characteristics, set DREG and ADREG to '1', tie CED, CEAD, and RSTD to logic '0'.
Related violations: <none>

AVAL-4#6 Advisory
enum_USE_DPORT_FALSE_enum_DREG_ADREG_0_connects_CED_CEAD_RSTD_GND  
fft_config1_U0/inst/U0/i_synth/xfft_inst/floating_point.xfft_inst/fft/non_floating_point.arch_d.xfft_inst/pe_gen[0].natural_order_input.PE/has_TW_mult.MULT/i_cmpy/four_mult_structure.use_dsp.i_dsp/re_im/use_DSP48.qDSP[1].appDSP[0].bppDSP[1].u_l[0].use_dsp48e1.dsp: DSP48E1 is not using the D port (USE_DPORT = FALSE). For improved power characteristics, set DREG and ADREG to '1', tie CED, CEAD, and RSTD to logic '0'.
Related violations: <none>

AVAL-4#7 Advisory
enum_USE_DPORT_FALSE_enum_DREG_ADREG_0_connects_CED_CEAD_RSTD_GND  
fft_config1_U0/inst/U0/i_synth/xfft_inst/floating_point.xfft_inst/fft/non_floating_point.arch_d.xfft_inst/pe_gen[1].natural_order_input.PE/has_TW_mult.MULT/i_cmpy/four_mult_structure.use_dsp.i_dsp/re_im/use_DSP48.qDSP[0].appDSP[0].bppDSP[0].u_l[0].use_dsp48e1.dsp: DSP48E1 is not using the D port (USE_DPORT = FALSE). For improved power characteristics, set DREG and ADREG to '1', tie CED, CEAD, and RSTD to logic '0'.
Related violations: <none>

AVAL-4#8 Advisory
enum_USE_DPORT_FALSE_enum_DREG_ADREG_0_connects_CED_CEAD_RSTD_GND  
fft_config1_U0/inst/U0/i_synth/xfft_inst/floating_point.xfft_inst/fft/non_floating_point.arch_d.xfft_inst/pe_gen[1].natural_order_input.PE/has_TW_mult.MULT/i_cmpy/four_mult_structure.use_dsp.i_dsp/re_im/use_DSP48.qDSP[0].appDSP[0].bppDSP[0].u_l[1].use_dsp48e1.dsp: DSP48E1 is not using the D port (USE_DPORT = FALSE). For improved power characteristics, set DREG and ADREG to '1', tie CED, CEAD, and RSTD to logic '0'.
Related violations: <none>

AVAL-4#9 Advisory
enum_USE_DPORT_FALSE_enum_DREG_ADREG_0_connects_CED_CEAD_RSTD_GND  
fft_config1_U0/inst/U0/i_synth/xfft_inst/floating_point.xfft_inst/fft/non_floating_point.arch_d.xfft_inst/pe_gen[1].natural_order_input.PE/has_TW_mult.MULT/i_cmpy/four_mult_structure.use_dsp.i_dsp/re_im/use_DSP48.qDSP[0].appDSP[0].bppDSP[1].u_l[0].use_dsp48e1.dsp: DSP48E1 is not using the D port (USE_DPORT = FALSE). For improved power characteristics, set DREG and ADREG to '1', tie CED, CEAD, and RSTD to logic '0'.
Related violations: <none>

AVAL-4#10 Advisory
enum_USE_DPORT_FALSE_enum_DREG_ADREG_0_connects_CED_CEAD_RSTD_GND  
fft_config1_U0/inst/U0/i_synth/xfft_inst/floating_point.xfft_inst/fft/non_floating_point.arch_d.xfft_inst/pe_gen[1].natural_order_input.PE/has_TW_mult.MULT/i_cmpy/four_mult_structure.use_dsp.i_dsp/re_im/use_DSP48.qDSP[1].appDSP[0].bppDSP[0].u_l[0].use_dsp48e1.dsp: DSP48E1 is not using the D port (USE_DPORT = FALSE). For improved power characteristics, set DREG and ADREG to '1', tie CED, CEAD, and RSTD to logic '0'.
Related violations: <none>

AVAL-4#11 Advisory
enum_USE_DPORT_FALSE_enum_DREG_ADREG_0_connects_CED_CEAD_RSTD_GND  
fft_config1_U0/inst/U0/i_synth/xfft_inst/floating_point.xfft_inst/fft/non_floating_point.arch_d.xfft_inst/pe_gen[1].natural_order_input.PE/has_TW_mult.MULT/i_cmpy/four_mult_structure.use_dsp.i_dsp/re_im/use_DSP48.qDSP[1].appDSP[0].bppDSP[0].u_l[1].use_dsp48e1.dsp: DSP48E1 is not using the D port (USE_DPORT = FALSE). For improved power characteristics, set DREG and ADREG to '1', tie CED, CEAD, and RSTD to logic '0'.
Related violations: <none>

AVAL-4#12 Advisory
enum_USE_DPORT_FALSE_enum_DREG_ADREG_0_connects_CED_CEAD_RSTD_GND  
fft_config1_U0/inst/U0/i_synth/xfft_inst/floating_point.xfft_inst/fft/non_floating_point.arch_d.xfft_inst/pe_gen[1].natural_order_input.PE/has_TW_mult.MULT/i_cmpy/four_mult_structure.use_dsp.i_dsp/re_im/use_DSP48.qDSP[1].appDSP[0].bppDSP[1].u_l[0].use_dsp48e1.dsp: DSP48E1 is not using the D port (USE_DPORT = FALSE). For improved power characteristics, set DREG and ADREG to '1', tie CED, CEAD, and RSTD to logic '0'.
Related violations: <none>

AVAL-4#13 Advisory
enum_USE_DPORT_FALSE_enum_DREG_ADREG_0_connects_CED_CEAD_RSTD_GND  
fft_config1_U0/inst/U0/i_synth/xfft_inst/floating_point.xfft_inst/fft/non_floating_point.arch_d.xfft_inst/pe_gen[2].natural_order_input.PE/has_TW_mult.MULT/i_cmpy/four_mult_structure.use_dsp.i_dsp/re_im/use_DSP48.qDSP[0].appDSP[0].bppDSP[0].u_l[0].use_dsp48e1.dsp: DSP48E1 is not using the D port (USE_DPORT = FALSE). For improved power characteristics, set DREG and ADREG to '1', tie CED, CEAD, and RSTD to logic '0'.
Related violations: <none>

AVAL-4#14 Advisory
enum_USE_DPORT_FALSE_enum_DREG_ADREG_0_connects_CED_CEAD_RSTD_GND  
fft_config1_U0/inst/U0/i_synth/xfft_inst/floating_point.xfft_inst/fft/non_floating_point.arch_d.xfft_inst/pe_gen[2].natural_order_input.PE/has_TW_mult.MULT/i_cmpy/four_mult_structure.use_dsp.i_dsp/re_im/use_DSP48.qDSP[0].appDSP[0].bppDSP[0].u_l[1].use_dsp48e1.dsp: DSP48E1 is not using the D port (USE_DPORT = FALSE). For improved power characteristics, set DREG and ADREG to '1', tie CED, CEAD, and RSTD to logic '0'.
Related violations: <none>

AVAL-4#15 Advisory
enum_USE_DPORT_FALSE_enum_DREG_ADREG_0_connects_CED_CEAD_RSTD_GND  
fft_config1_U0/inst/U0/i_synth/xfft_inst/floating_point.xfft_inst/fft/non_floating_point.arch_d.xfft_inst/pe_gen[2].natural_order_input.PE/has_TW_mult.MULT/i_cmpy/four_mult_structure.use_dsp.i_dsp/re_im/use_DSP48.qDSP[0].appDSP[0].bppDSP[1].u_l[0].use_dsp48e1.dsp: DSP48E1 is not using the D port (USE_DPORT = FALSE). For improved power characteristics, set DREG and ADREG to '1', tie CED, CEAD, and RSTD to logic '0'.
Related violations: <none>

AVAL-4#16 Advisory
enum_USE_DPORT_FALSE_enum_DREG_ADREG_0_connects_CED_CEAD_RSTD_GND  
fft_config1_U0/inst/U0/i_synth/xfft_inst/floating_point.xfft_inst/fft/non_floating_point.arch_d.xfft_inst/pe_gen[2].natural_order_input.PE/has_TW_mult.MULT/i_cmpy/four_mult_structure.use_dsp.i_dsp/re_im/use_DSP48.qDSP[1].appDSP[0].bppDSP[0].u_l[0].use_dsp48e1.dsp: DSP48E1 is not using the D port (USE_DPORT = FALSE). For improved power characteristics, set DREG and ADREG to '1', tie CED, CEAD, and RSTD to logic '0'.
Related violations: <none>

AVAL-4#17 Advisory
enum_USE_DPORT_FALSE_enum_DREG_ADREG_0_connects_CED_CEAD_RSTD_GND  
fft_config1_U0/inst/U0/i_synth/xfft_inst/floating_point.xfft_inst/fft/non_floating_point.arch_d.xfft_inst/pe_gen[2].natural_order_input.PE/has_TW_mult.MULT/i_cmpy/four_mult_structure.use_dsp.i_dsp/re_im/use_DSP48.qDSP[1].appDSP[0].bppDSP[0].u_l[1].use_dsp48e1.dsp: DSP48E1 is not using the D port (USE_DPORT = FALSE). For improved power characteristics, set DREG and ADREG to '1', tie CED, CEAD, and RSTD to logic '0'.
Related violations: <none>

AVAL-4#18 Advisory
enum_USE_DPORT_FALSE_enum_DREG_ADREG_0_connects_CED_CEAD_RSTD_GND  
fft_config1_U0/inst/U0/i_synth/xfft_inst/floating_point.xfft_inst/fft/non_floating_point.arch_d.xfft_inst/pe_gen[2].natural_order_input.PE/has_TW_mult.MULT/i_cmpy/four_mult_structure.use_dsp.i_dsp/re_im/use_DSP48.qDSP[1].appDSP[0].bppDSP[1].u_l[0].use_dsp48e1.dsp: DSP48E1 is not using the D port (USE_DPORT = FALSE). For improved power characteristics, set DREG and ADREG to '1', tie CED, CEAD, and RSTD to logic '0'.
Related violations: <none>

AVAL-4#19 Advisory
enum_USE_DPORT_FALSE_enum_DREG_ADREG_0_connects_CED_CEAD_RSTD_GND  
fft_config1_U0/inst/U0/i_synth/xfft_inst/floating_point.xfft_inst/fft/non_floating_point.arch_d.xfft_inst/pe_gen[3].natural_order_input.PE/has_TW_mult.MULT/i_cmpy/three_mult_structure.use_dsp.i_dsp48/mult1_preadder_d_plus_b.mult1/mult/use_prim.appDSP48[0].bppDSP48[0].use_dsp.use_dsp48e1.iDSP48E1: DSP48E1 is not using the D port (USE_DPORT = FALSE). For improved power characteristics, set DREG and ADREG to '1', tie CED, CEAD, and RSTD to logic '0'.
Related violations: <none>

AVAL-4#20 Advisory
enum_USE_DPORT_FALSE_enum_DREG_ADREG_0_connects_CED_CEAD_RSTD_GND  
fft_config1_U0/inst/U0/i_synth/xfft_inst/floating_point.xfft_inst/fft/non_floating_point.arch_d.xfft_inst/pe_gen[3].natural_order_input.PE/has_TW_mult.MULT/i_cmpy/three_mult_structure.use_dsp.i_dsp48/mult1_preadder_d_plus_b.mult1/mult/use_prim.appDSP48[0].bppDSP48[1].use_dsp.use_dsp48e1.iDSP48E1: DSP48E1 is not using the D port (USE_DPORT = FALSE). For improved power characteristics, set DREG and ADREG to '1', tie CED, CEAD, and RSTD to logic '0'.
Related violations: <none>

AVAL-4#21 Advisory
enum_USE_DPORT_FALSE_enum_DREG_ADREG_0_connects_CED_CEAD_RSTD_GND  
fft_config1_U0/inst/U0/i_synth/xfft_inst/floating_point.xfft_inst/fft/non_floating_point.arch_d.xfft_inst/pe_gen[3].natural_order_input.PE/has_TW_mult.MULT/i_cmpy/three_mult_structure.use_dsp.i_dsp48/mult1_preadder_d_plus_b.mult1/mult/use_prim.appDSP48[0].bppDSP48[2].use_dsp.use_dsp48e1.iDSP48E1: DSP48E1 is not using the D port (USE_DPORT = FALSE). For improved power characteristics, set DREG and ADREG to '1', tie CED, CEAD, and RSTD to logic '0'.
Related violations: <none>

AVAL-4#22 Advisory
enum_USE_DPORT_FALSE_enum_DREG_ADREG_0_connects_CED_CEAD_RSTD_GND  
fft_config1_U0/inst/U0/i_synth/xfft_inst/floating_point.xfft_inst/fft/non_floating_point.arch_d.xfft_inst/pe_gen[3].natural_order_input.PE/has_TW_mult.MULT/i_cmpy/three_mult_structure.use_dsp.i_dsp48/mult2_preadder_d_plus_b.mult2/mult/use_prim.appDSP48[0].bppDSP48[0].use_dsp.use_dsp48e1.iDSP48E1: DSP48E1 is not using the D port (USE_DPORT = FALSE). For improved power characteristics, set DREG and ADREG to '1', tie CED, CEAD, and RSTD to logic '0'.
Related violations: <none>

AVAL-4#23 Advisory
enum_USE_DPORT_FALSE_enum_DREG_ADREG_0_connects_CED_CEAD_RSTD_GND  
fft_config1_U0/inst/U0/i_synth/xfft_inst/floating_point.xfft_inst/fft/non_floating_point.arch_d.xfft_inst/pe_gen[3].natural_order_input.PE/has_TW_mult.MULT/i_cmpy/three_mult_structure.use_dsp.i_dsp48/mult2_preadder_d_plus_b.mult2/mult/use_prim.appDSP48[0].bppDSP48[1].use_dsp.use_dsp48e1.iDSP48E1: DSP48E1 is not using the D port (USE_DPORT = FALSE). For improved power characteristics, set DREG and ADREG to '1', tie CED, CEAD, and RSTD to logic '0'.
Related violations: <none>

AVAL-4#24 Advisory
enum_USE_DPORT_FALSE_enum_DREG_ADREG_0_connects_CED_CEAD_RSTD_GND  
fft_config1_U0/inst/U0/i_synth/xfft_inst/floating_point.xfft_inst/fft/non_floating_point.arch_d.xfft_inst/pe_gen[3].natural_order_input.PE/has_TW_mult.MULT/i_cmpy/three_mult_structure.use_dsp.i_dsp48/mult2_preadder_d_plus_b.mult2/mult/use_prim.appDSP48[1].bppDSP48[1].use_dsp.use_dsp48e1.iDSP48E1: DSP48E1 is not using the D port (USE_DPORT = FALSE). For improved power characteristics, set DREG and ADREG to '1', tie CED, CEAD, and RSTD to logic '0'.
Related violations: <none>

AVAL-4#25 Advisory
enum_USE_DPORT_FALSE_enum_DREG_ADREG_0_connects_CED_CEAD_RSTD_GND  
fft_config1_U0/inst/U0/i_synth/xfft_inst/floating_point.xfft_inst/fft/non_floating_point.arch_d.xfft_inst/pe_gen[3].natural_order_input.PE/has_TW_mult.MULT/i_cmpy/three_mult_structure.use_dsp.i_dsp48/mult3_preadder_d_minus_b.mult3/mult/use_prim.appDSP48[0].bppDSP48[0].use_dsp.use_dsp48e1.iDSP48E1: DSP48E1 is not using the D port (USE_DPORT = FALSE). For improved power characteristics, set DREG and ADREG to '1', tie CED, CEAD, and RSTD to logic '0'.
Related violations: <none>

AVAL-4#26 Advisory
enum_USE_DPORT_FALSE_enum_DREG_ADREG_0_connects_CED_CEAD_RSTD_GND  
fft_config1_U0/inst/U0/i_synth/xfft_inst/floating_point.xfft_inst/fft/non_floating_point.arch_d.xfft_inst/pe_gen[3].natural_order_input.PE/has_TW_mult.MULT/i_cmpy/three_mult_structure.use_dsp.i_dsp48/mult3_preadder_d_minus_b.mult3/mult/use_prim.appDSP48[0].bppDSP48[1].use_dsp.use_dsp48e1.iDSP48E1: DSP48E1 is not using the D port (USE_DPORT = FALSE). For improved power characteristics, set DREG and ADREG to '1', tie CED, CEAD, and RSTD to logic '0'.
Related violations: <none>

AVAL-4#27 Advisory
enum_USE_DPORT_FALSE_enum_DREG_ADREG_0_connects_CED_CEAD_RSTD_GND  
fft_config1_U0/inst/U0/i_synth/xfft_inst/floating_point.xfft_inst/fft/non_floating_point.arch_d.xfft_inst/pe_gen[3].natural_order_input.PE/has_TW_mult.MULT/i_cmpy/three_mult_structure.use_dsp.i_dsp48/mult3_preadder_d_minus_b.mult3/mult/use_prim.appDSP48[0].bppDSP48[2].use_dsp.use_dsp48e1.iDSP48E1: DSP48E1 is not using the D port (USE_DPORT = FALSE). For improved power characteristics, set DREG and ADREG to '1', tie CED, CEAD, and RSTD to logic '0'.
Related violations: <none>

AVAL-4#28 Advisory
enum_USE_DPORT_FALSE_enum_DREG_ADREG_0_connects_CED_CEAD_RSTD_GND  
sosf_detector_top_dummy_proc_be_U0/sosf_detector_top_fadd_32ns_32ns_32_10_full_dsp_U7/sosf_detector_top_ap_fadd_8_full_dsp_32_u/U0/i_synth/ADDSUB_OP.ADDSUB/SPEED_OP.DSP.OP/DSP48E1_BODY.ALIGN_ADD/DSP2/DSP: DSP48E1 is not using the D port (USE_DPORT = FALSE). For improved power characteristics, set DREG and ADREG to '1', tie CED, CEAD, and RSTD to logic '0'.
Related violations: <none>

AVAL-4#29 Advisory
enum_USE_DPORT_FALSE_enum_DREG_ADREG_0_connects_CED_CEAD_RSTD_GND  
sosf_detector_top_dummy_proc_be_U0/sosf_detector_top_fadd_32ns_32ns_32_10_full_dsp_U7/sosf_detector_top_ap_fadd_8_full_dsp_32_u/U0/i_synth/ADDSUB_OP.ADDSUB/SPEED_OP.DSP.OP/DSP48E1_BODY.NORM_RND/SHIFT_RND/DSP: DSP48E1 is not using the D port (USE_DPORT = FALSE). For improved power characteristics, set DREG and ADREG to '1', tie CED, CEAD, and RSTD to logic '0'.
Related violations: <none>

AVAL-4#30 Advisory
enum_USE_DPORT_FALSE_enum_DREG_ADREG_0_connects_CED_CEAD_RSTD_GND  
sosf_detector_top_dummy_proc_be_U0/sosf_detector_top_fmul_32ns_32ns_32_6_max_dsp_U10/sosf_detector_top_ap_fmul_4_max_dsp_32_u/U0/i_synth/MULT.OP/MULT/DSP48E1_SPD_SGL_VARIANT.FIX_MULT/DSP1/DSP: DSP48E1 is not using the D port (USE_DPORT = FALSE). For improved power characteristics, set DREG and ADREG to '1', tie CED, CEAD, and RSTD to logic '0'.
Related violations: <none>

AVAL-4#31 Advisory
enum_USE_DPORT_FALSE_enum_DREG_ADREG_0_connects_CED_CEAD_RSTD_GND  
sosf_detector_top_dummy_proc_be_U0/sosf_detector_top_fmul_32ns_32ns_32_6_max_dsp_U10/sosf_detector_top_ap_fmul_4_max_dsp_32_u/U0/i_synth/MULT.OP/MULT/DSP48E1_SPD_SGL_VARIANT.FIX_MULT/DSP2/DSP: DSP48E1 is not using the D port (USE_DPORT = FALSE). For improved power characteristics, set DREG and ADREG to '1', tie CED, CEAD, and RSTD to logic '0'.
Related violations: <none>

AVAL-4#32 Advisory
enum_USE_DPORT_FALSE_enum_DREG_ADREG_0_connects_CED_CEAD_RSTD_GND  
sosf_detector_top_dummy_proc_be_U0/sosf_detector_top_fmul_32ns_32ns_32_6_max_dsp_U10/sosf_detector_top_ap_fmul_4_max_dsp_32_u/U0/i_synth/MULT.OP/R_AND_R/LAT_OPT.FULL.R_AND_R/DSP48E1_SGL_EXP_IP.OLD_ADD.ADD/DSP: DSP48E1 is not using the D port (USE_DPORT = FALSE). For improved power characteristics, set DREG and ADREG to '1', tie CED, CEAD, and RSTD to logic '0'.
Related violations: <none>

AVAL-4#33 Advisory
enum_USE_DPORT_FALSE_enum_DREG_ADREG_0_connects_CED_CEAD_RSTD_GND  
sosf_detector_top_dummy_proc_be_U0/sosf_detector_top_fmul_32ns_32ns_32_6_max_dsp_U11/sosf_detector_top_ap_fmul_4_max_dsp_32_u/U0/i_synth/MULT.OP/MULT/DSP48E1_SPD_SGL_VARIANT.FIX_MULT/DSP1/DSP: DSP48E1 is not using the D port (USE_DPORT = FALSE). For improved power characteristics, set DREG and ADREG to '1', tie CED, CEAD, and RSTD to logic '0'.
Related violations: <none>

AVAL-4#34 Advisory
enum_USE_DPORT_FALSE_enum_DREG_ADREG_0_connects_CED_CEAD_RSTD_GND  
sosf_detector_top_dummy_proc_be_U0/sosf_detector_top_fmul_32ns_32ns_32_6_max_dsp_U11/sosf_detector_top_ap_fmul_4_max_dsp_32_u/U0/i_synth/MULT.OP/MULT/DSP48E1_SPD_SGL_VARIANT.FIX_MULT/DSP2/DSP: DSP48E1 is not using the D port (USE_DPORT = FALSE). For improved power characteristics, set DREG and ADREG to '1', tie CED, CEAD, and RSTD to logic '0'.
Related violations: <none>

AVAL-4#35 Advisory
enum_USE_DPORT_FALSE_enum_DREG_ADREG_0_connects_CED_CEAD_RSTD_GND  
sosf_detector_top_dummy_proc_be_U0/sosf_detector_top_fmul_32ns_32ns_32_6_max_dsp_U11/sosf_detector_top_ap_fmul_4_max_dsp_32_u/U0/i_synth/MULT.OP/R_AND_R/LAT_OPT.FULL.R_AND_R/DSP48E1_SGL_EXP_IP.OLD_ADD.ADD/DSP: DSP48E1 is not using the D port (USE_DPORT = FALSE). For improved power characteristics, set DREG and ADREG to '1', tie CED, CEAD, and RSTD to logic '0'.
Related violations: <none>

AVAL-4#36 Advisory
enum_USE_DPORT_FALSE_enum_DREG_ADREG_0_connects_CED_CEAD_RSTD_GND  
sosf_detector_top_dummy_proc_be_U0/sosf_detector_top_fmul_32ns_32ns_32_6_max_dsp_U8/sosf_detector_top_ap_fmul_4_max_dsp_32_u/U0/i_synth/MULT.OP/MULT/DSP48E1_SPD_SGL_VARIANT.FIX_MULT/DSP1/DSP: DSP48E1 is not using the D port (USE_DPORT = FALSE). For improved power characteristics, set DREG and ADREG to '1', tie CED, CEAD, and RSTD to logic '0'.
Related violations: <none>

AVAL-4#37 Advisory
enum_USE_DPORT_FALSE_enum_DREG_ADREG_0_connects_CED_CEAD_RSTD_GND  
sosf_detector_top_dummy_proc_be_U0/sosf_detector_top_fmul_32ns_32ns_32_6_max_dsp_U8/sosf_detector_top_ap_fmul_4_max_dsp_32_u/U0/i_synth/MULT.OP/MULT/DSP48E1_SPD_SGL_VARIANT.FIX_MULT/DSP2/DSP: DSP48E1 is not using the D port (USE_DPORT = FALSE). For improved power characteristics, set DREG and ADREG to '1', tie CED, CEAD, and RSTD to logic '0'.
Related violations: <none>

AVAL-4#38 Advisory
enum_USE_DPORT_FALSE_enum_DREG_ADREG_0_connects_CED_CEAD_RSTD_GND  
sosf_detector_top_dummy_proc_be_U0/sosf_detector_top_fmul_32ns_32ns_32_6_max_dsp_U8/sosf_detector_top_ap_fmul_4_max_dsp_32_u/U0/i_synth/MULT.OP/R_AND_R/LAT_OPT.FULL.R_AND_R/DSP48E1_SGL_EXP_IP.OLD_ADD.ADD/DSP: DSP48E1 is not using the D port (USE_DPORT = FALSE). For improved power characteristics, set DREG and ADREG to '1', tie CED, CEAD, and RSTD to logic '0'.
Related violations: <none>

AVAL-4#39 Advisory
enum_USE_DPORT_FALSE_enum_DREG_ADREG_0_connects_CED_CEAD_RSTD_GND  
sosf_detector_top_dummy_proc_be_U0/sosf_detector_top_fmul_32ns_32ns_32_6_max_dsp_U9/sosf_detector_top_ap_fmul_4_max_dsp_32_u/U0/i_synth/MULT.OP/MULT/DSP48E1_SPD_SGL_VARIANT.FIX_MULT/DSP1/DSP: DSP48E1 is not using the D port (USE_DPORT = FALSE). For improved power characteristics, set DREG and ADREG to '1', tie CED, CEAD, and RSTD to logic '0'.
Related violations: <none>

AVAL-4#40 Advisory
enum_USE_DPORT_FALSE_enum_DREG_ADREG_0_connects_CED_CEAD_RSTD_GND  
sosf_detector_top_dummy_proc_be_U0/sosf_detector_top_fmul_32ns_32ns_32_6_max_dsp_U9/sosf_detector_top_ap_fmul_4_max_dsp_32_u/U0/i_synth/MULT.OP/MULT/DSP48E1_SPD_SGL_VARIANT.FIX_MULT/DSP2/DSP: DSP48E1 is not using the D port (USE_DPORT = FALSE). For improved power characteristics, set DREG and ADREG to '1', tie CED, CEAD, and RSTD to logic '0'.
Related violations: <none>

AVAL-4#41 Advisory
enum_USE_DPORT_FALSE_enum_DREG_ADREG_0_connects_CED_CEAD_RSTD_GND  
sosf_detector_top_dummy_proc_be_U0/sosf_detector_top_fmul_32ns_32ns_32_6_max_dsp_U9/sosf_detector_top_ap_fmul_4_max_dsp_32_u/U0/i_synth/MULT.OP/R_AND_R/LAT_OPT.FULL.R_AND_R/DSP48E1_SGL_EXP_IP.OLD_ADD.ADD/DSP: DSP48E1 is not using the D port (USE_DPORT = FALSE). For improved power characteristics, set DREG and ADREG to '1', tie CED, CEAD, and RSTD to logic '0'.
Related violations: <none>

AVAL-4#42 Advisory
enum_USE_DPORT_FALSE_enum_DREG_ADREG_0_connects_CED_CEAD_RSTD_GND  
sosf_detector_top_dummy_proc_be_U0/sosf_detector_top_fsub_32ns_32ns_32_10_full_dsp_U6/sosf_detector_top_ap_fsub_8_full_dsp_32_u/U0/i_synth/ADDSUB_OP.ADDSUB/SPEED_OP.DSP.OP/DSP48E1_BODY.ALIGN_ADD/DSP2/DSP: DSP48E1 is not using the D port (USE_DPORT = FALSE). For improved power characteristics, set DREG and ADREG to '1', tie CED, CEAD, and RSTD to logic '0'.
Related violations: <none>

AVAL-4#43 Advisory
enum_USE_DPORT_FALSE_enum_DREG_ADREG_0_connects_CED_CEAD_RSTD_GND  
sosf_detector_top_dummy_proc_be_U0/sosf_detector_top_fsub_32ns_32ns_32_10_full_dsp_U6/sosf_detector_top_ap_fsub_8_full_dsp_32_u/U0/i_synth/ADDSUB_OP.ADDSUB/SPEED_OP.DSP.OP/DSP48E1_BODY.NORM_RND/SHIFT_RND/DSP: DSP48E1 is not using the D port (USE_DPORT = FALSE). For improved power characteristics, set DREG and ADREG to '1', tie CED, CEAD, and RSTD to logic '0'.
Related violations: <none>

AVAL-5#1 Advisory
enum_USE_MULT_NONE_enum_DREG_ADREG_0_connects_CED_CEAD_RSTD_GND  
sosf_detector_top_dummy_proc_be_U0/sosf_detector_top_fmul_32ns_32ns_32_6_max_dsp_U10/sosf_detector_top_ap_fmul_4_max_dsp_32_u/U0/i_synth/MULT.OP/R_AND_R/LAT_OPT.FULL.R_AND_R/DSP48E1_SGL_EXP_IP.OLD_ADD.ADD/DSP: DSP48E1 is not using the Multiplier (USE_MULT = NONE). For improved power characteristics, set DREG and ADREG to '1', tie CED, CEAD, and RSTD to logic '0'.
Related violations: <none>

AVAL-5#2 Advisory
enum_USE_MULT_NONE_enum_DREG_ADREG_0_connects_CED_CEAD_RSTD_GND  
sosf_detector_top_dummy_proc_be_U0/sosf_detector_top_fmul_32ns_32ns_32_6_max_dsp_U11/sosf_detector_top_ap_fmul_4_max_dsp_32_u/U0/i_synth/MULT.OP/R_AND_R/LAT_OPT.FULL.R_AND_R/DSP48E1_SGL_EXP_IP.OLD_ADD.ADD/DSP: DSP48E1 is not using the Multiplier (USE_MULT = NONE). For improved power characteristics, set DREG and ADREG to '1', tie CED, CEAD, and RSTD to logic '0'.
Related violations: <none>

AVAL-5#3 Advisory
enum_USE_MULT_NONE_enum_DREG_ADREG_0_connects_CED_CEAD_RSTD_GND  
sosf_detector_top_dummy_proc_be_U0/sosf_detector_top_fmul_32ns_32ns_32_6_max_dsp_U8/sosf_detector_top_ap_fmul_4_max_dsp_32_u/U0/i_synth/MULT.OP/R_AND_R/LAT_OPT.FULL.R_AND_R/DSP48E1_SGL_EXP_IP.OLD_ADD.ADD/DSP: DSP48E1 is not using the Multiplier (USE_MULT = NONE). For improved power characteristics, set DREG and ADREG to '1', tie CED, CEAD, and RSTD to logic '0'.
Related violations: <none>

AVAL-5#4 Advisory
enum_USE_MULT_NONE_enum_DREG_ADREG_0_connects_CED_CEAD_RSTD_GND  
sosf_detector_top_dummy_proc_be_U0/sosf_detector_top_fmul_32ns_32ns_32_6_max_dsp_U9/sosf_detector_top_ap_fmul_4_max_dsp_32_u/U0/i_synth/MULT.OP/R_AND_R/LAT_OPT.FULL.R_AND_R/DSP48E1_SGL_EXP_IP.OLD_ADD.ADD/DSP: DSP48E1 is not using the Multiplier (USE_MULT = NONE). For improved power characteristics, set DREG and ADREG to '1', tie CED, CEAD, and RSTD to logic '0'.
Related violations: <none>


