Copyright 1986-2014 Xilinx, Inc. All Rights Reserved.
-----------------------------------------------------------------------------------------------
| Tool Version      : Vivado v.2014.4 (lin64) Build 1071353 Tue Nov 18 16:47:07 MST 2014
| Date              : Thu Nov  9 08:55:36 2017
| Host              : commlab-server.uni.lux running 64-bit unknown
| Command           : report_timing_summary -file ./report/sosf_detector_top_timing_routed.rpt
| Design            : sosf_detector_top
| Device            : 7k410t-ffg900
| Speed File        : -2  PRODUCTION 1.12 2014-09-11
| Temperature Grade : C
-----------------------------------------------------------------------------------------------

Timing Summary Report

------------------------------------------------------------------------------------------------
| Timer Settings
| --------------
------------------------------------------------------------------------------------------------

  Enable Multi Corner Analysis               :  Yes
  Enable Pessimism Removal                   :  Yes
  Pessimism Removal Resolution               :  Nearest Common Node
  Enable Input Delay Default Clock           :  No
  Enable Preset / Clear Arcs                 :  No
  Disable Flight Delays                      :  No

  Corner  Analyze    Analyze    
  Name    Max Paths  Min Paths  
  ------  ---------  ---------  
  Slow    Yes        Yes        
  Fast    Yes        Yes        



check_timing report

Table of Contents
-----------------
1. checking no_clock
2. checking constant_clock
3. checking pulse_width_clock
4. checking unconstrained_internal_endpoints
5. checking no_input_delay
6. checking no_output_delay
7. checking multiple_clock
8. checking generated_clocks
9. checking loops
10. checking partial_input_delay
11. checking partial_output_delay
12. checking unexpandable_clocks
13. checking latch_loops

1. checking no_clock
--------------------
 There are 0 register/latch pins with no clock.


2. checking constant_clock
--------------------------
 There are 0 register/latch pins with constant_clock.


3. checking pulse_width_clock
-----------------------------
 There are 0 register/latch pins which need pulse_width check


4. checking unconstrained_internal_endpoints
--------------------------------------------
 There are 0 pins that are not constrained for maximum delay.

 There are 0 pins that are not constrained for maximum delay due to constant clock.


5. checking no_input_delay
--------------------------
 There are 132 input ports with no input delay specified. (HIGH)

 There are 0 input ports with no input delay but user has a false path constraint.


6. checking no_output_delay
---------------------------
 There are 98 ports with no output delay specified. (HIGH)

 There are 0 ports with no output delay but user has a false path constraint

 There are 0 ports with no output delay but with a timing clock defined on it or propagating through it


7. checking multiple_clock
--------------------------
 There are 0 register/latch pins with multiple clocks.


8. checking generated_clocks
----------------------------
 There are 0 generated clocks that are not connected to a clock source.


9. checking loops
-----------------
 There are 0 combinational loops in the design.


10. checking partial_input_delay
--------------------------------
 There are 0 input ports with partial input delay specified.


11. checking partial_output_delay
---------------------------------
 There are 0 ports with partial output delay specified.


12. checking unexpandable_clocks
--------------------------------
 There are 0 unexpandable clock pairs.


13. checking latch_loops
------------------------
 There are 0 combinational latch loops in the design through latch input



------------------------------------------------------------------------------------------------
| Design Timing Summary
| ---------------------
------------------------------------------------------------------------------------------------

    WNS(ns)      TNS(ns)  TNS Failing Endpoints  TNS Total Endpoints      WHS(ns)      THS(ns)  THS Failing Endpoints  THS Total Endpoints     WPWS(ns)     TPWS(ns)  TPWS Failing Endpoints  TPWS Total Endpoints  
    -------      -------  ---------------------  -------------------      -------      -------  ---------------------  -------------------     --------     --------  ----------------------  --------------------  
      0.094        0.000                      0                31387        0.054        0.000                      0                31387        0.528        0.000                       0                 12955  


All user specified timing constraints are met.


------------------------------------------------------------------------------------------------
| Clock Summary
| -------------
------------------------------------------------------------------------------------------------

Clock   Waveform(ns)         Period(ns)      Frequency(MHz)
-----   ------------         ----------      --------------
ap_clk  {0.000 1.650}        3.300           303.030         


------------------------------------------------------------------------------------------------
| Intra Clock Table
| -----------------
------------------------------------------------------------------------------------------------

Clock             WNS(ns)      TNS(ns)  TNS Failing Endpoints  TNS Total Endpoints      WHS(ns)      THS(ns)  THS Failing Endpoints  THS Total Endpoints     WPWS(ns)     TPWS(ns)  TPWS Failing Endpoints  TPWS Total Endpoints  
-----             -------      -------  ---------------------  -------------------      -------      -------  ---------------------  -------------------     --------     --------  ----------------------  --------------------  
ap_clk              0.094        0.000                      0                31387        0.054        0.000                      0                31387        0.528        0.000                       0                 12955  


------------------------------------------------------------------------------------------------
| Inter Clock Table
| -----------------
------------------------------------------------------------------------------------------------

From Clock    To Clock          WNS(ns)      TNS(ns)  TNS Failing Endpoints  TNS Total Endpoints      WHS(ns)      THS(ns)  THS Failing Endpoints  THS Total Endpoints  
----------    --------          -------      -------  ---------------------  -------------------      -------      -------  ---------------------  -------------------  


------------------------------------------------------------------------------------------------
| Other Path Groups Table
| -----------------------
------------------------------------------------------------------------------------------------

Path Group    From Clock    To Clock          WNS(ns)      TNS(ns)  TNS Failing Endpoints  TNS Total Endpoints      WHS(ns)      THS(ns)  THS Failing Endpoints  THS Total Endpoints  
----------    ----------    --------          -------      -------  ---------------------  -------------------      -------      -------  ---------------------  -------------------  


------------------------------------------------------------------------------------------------
| Timing Details
| --------------
------------------------------------------------------------------------------------------------


---------------------------------------------------------------------------------------------------
From Clock:  ap_clk
  To Clock:  ap_clk

Setup :            0  Failing Endpoints,  Worst Slack        0.094ns,  Total Violation        0.000ns
Hold  :            0  Failing Endpoints,  Worst Slack        0.054ns,  Total Violation        0.000ns
PW    :            0  Failing Endpoints,  Worst Slack        0.528ns,  Total Violation        0.000ns
---------------------------------------------------------------------------------------------------


Max Delay Paths
--------------------------------------------------------------------------------------
Slack (MET) :             0.094ns  (required time - arrival time)
  Source:                 fft_config1_U0/inst/U0/i_synth/axi_wrapper/gen_ce_non_real_time.ce_predicted_reg/C
                            (rising edge-triggered cell FDRE clocked by ap_clk  {rise@0.000ns fall@1.650ns period=3.300ns})
  Destination:            fft_config1_U0/inst/U0/i_synth/xfft_inst/floating_point.xfft_inst/fft/non_floating_point.arch_d.xfft_inst/pe_gen[1].natural_order_input.PE/FB_1.BF_1/no_twos_cmp.REG_lower_im/no_sclr_lut.real_shift_ram.use_baseblock.use_hlutnm_srls.srl_loop[0].i_srl16e0/CE
                            (rising edge-triggered cell SRL16E clocked by ap_clk  {rise@0.000ns fall@1.650ns period=3.300ns})
  Path Group:             ap_clk
  Path Type:              Setup (Max at Slow Process Corner)
  Requirement:            3.300ns  (ap_clk rise@3.300ns - ap_clk rise@0.000ns)
  Data Path Delay:        2.891ns  (logic 0.223ns (7.713%)  route 2.668ns (92.287%))
  Logic Levels:           0  
  Clock Path Skew:        -0.003ns (DCD - SCD + CPR)
    Destination Clock Delay (DCD):    1.260ns = ( 4.560 - 3.300 ) 
    Source Clock Delay      (SCD):    1.276ns
    Clock Pessimism Removal (CPR):    0.013ns
  Clock Uncertainty:      0.035ns  ((TSJ^2 + TIJ^2)^1/2 + DJ) / 2 + PE
    Total System Jitter     (TSJ):    0.071ns
    Total Input Jitter      (TIJ):    0.000ns
    Discrete Jitter          (DJ):    0.000ns
    Phase Error              (PE):    0.000ns

    Location             Delay type                Incr(ns)  Path(ns)    Netlist Resource(s)
  -------------------------------------------------------------------    -------------------
                         (clock ap_clk rise edge)     0.000     0.000 r  
                                                      0.000     0.000 r  ap_clk
                         net (fo=12958, unset)        1.276     1.276    fft_config1_U0/inst/U0/i_synth/axi_wrapper/aclk
    SLICE_X72Y167                                                     r  fft_config1_U0/inst/U0/i_synth/axi_wrapper/gen_ce_non_real_time.ce_predicted_reg/C
  -------------------------------------------------------------------    -------------------
    SLICE_X72Y167        FDRE (Prop_fdre_C_Q)         0.223     1.499 r  fft_config1_U0/inst/U0/i_synth/axi_wrapper/gen_ce_non_real_time.ce_predicted_reg/Q
                         net (fo=10271, routed)       2.668     4.167    fft_config1_U0/inst/U0/i_synth/xfft_inst/floating_point.xfft_inst/fft/non_floating_point.arch_d.xfft_inst/pe_gen[1].natural_order_input.PE/FB_1.BF_1/no_twos_cmp.REG_lower_im/ce_w2c
    SLICE_X86Y136        SRL16E                                       r  fft_config1_U0/inst/U0/i_synth/xfft_inst/floating_point.xfft_inst/fft/non_floating_point.arch_d.xfft_inst/pe_gen[1].natural_order_input.PE/FB_1.BF_1/no_twos_cmp.REG_lower_im/no_sclr_lut.real_shift_ram.use_baseblock.use_hlutnm_srls.srl_loop[0].i_srl16e0/CE
  -------------------------------------------------------------------    -------------------

                         (clock ap_clk rise edge)     3.300     3.300 r  
                                                      0.000     3.300 r  ap_clk
                         net (fo=12958, unset)        1.260     4.560    fft_config1_U0/inst/U0/i_synth/xfft_inst/floating_point.xfft_inst/fft/non_floating_point.arch_d.xfft_inst/pe_gen[1].natural_order_input.PE/FB_1.BF_1/no_twos_cmp.REG_lower_im/aclk
    SLICE_X86Y136                                                     r  fft_config1_U0/inst/U0/i_synth/xfft_inst/floating_point.xfft_inst/fft/non_floating_point.arch_d.xfft_inst/pe_gen[1].natural_order_input.PE/FB_1.BF_1/no_twos_cmp.REG_lower_im/no_sclr_lut.real_shift_ram.use_baseblock.use_hlutnm_srls.srl_loop[0].i_srl16e0/CLK
                         clock pessimism              0.013     4.573    
                         clock uncertainty           -0.035     4.538    
    SLICE_X86Y136        SRL16E (Setup_srl16e_CLK_CE)
                                                     -0.276     4.262    fft_config1_U0/inst/U0/i_synth/xfft_inst/floating_point.xfft_inst/fft/non_floating_point.arch_d.xfft_inst/pe_gen[1].natural_order_input.PE/FB_1.BF_1/no_twos_cmp.REG_lower_im/no_sclr_lut.real_shift_ram.use_baseblock.use_hlutnm_srls.srl_loop[0].i_srl16e0
  -------------------------------------------------------------------
                         required time                          4.262    
                         arrival time                          -4.167    
  -------------------------------------------------------------------
                         slack                                  0.094    





Min Delay Paths
--------------------------------------------------------------------------------------
Slack (MET) :             0.054ns  (arrival time - required time)
  Source:                 fft_config1_U0/inst/U0/i_synth/xfft_inst/floating_point.xfft_inst/fft/non_floating_point.arch_d.xfft_inst/pe_gen[0].natural_order_input.PE/hasbf2.FB_2.BF_2/mem_mux_and_reg_upper_re/slicel_slicem_implementation.mux/use_lut6_2.latency1.Q_reg[19]/C
                            (rising edge-triggered cell FDRE clocked by ap_clk  {rise@0.000ns fall@1.650ns period=3.300ns})
  Destination:            fft_config1_U0/inst/U0/i_synth/xfft_inst/floating_point.xfft_inst/fft/non_floating_point.arch_d.xfft_inst/pe_gen[0].natural_order_input.PE/hasbf2.FB_2.BF_2/MEM/dist_ram.srlram.ram/fixed_length.shift_ram/i_bb_inst/f1.many_clbs.gen_width[48].srl_sig_reg[31]_srl32/D
                            (rising edge-triggered cell SRLC32E clocked by ap_clk  {rise@0.000ns fall@1.650ns period=3.300ns})
  Path Group:             ap_clk
  Path Type:              Hold (Min at Fast Process Corner)
  Requirement:            0.000ns  (ap_clk rise@0.000ns - ap_clk rise@0.000ns)
  Data Path Delay:        0.186ns  (logic 0.091ns (48.987%)  route 0.095ns (51.013%))
  Logic Levels:           0  
  Clock Path Skew:        0.014ns (DCD - SCD - CPR)
    Destination Clock Delay (DCD):    0.853ns
    Source Clock Delay      (SCD):    0.633ns
    Clock Pessimism Removal (CPR):    0.206ns

    Location             Delay type                Incr(ns)  Path(ns)    Netlist Resource(s)
  -------------------------------------------------------------------    -------------------
                         (clock ap_clk rise edge)     0.000     0.000 r  
                                                      0.000     0.000 r  ap_clk
                         net (fo=12958, unset)        0.633     0.633    fft_config1_U0/inst/U0/i_synth/xfft_inst/floating_point.xfft_inst/fft/non_floating_point.arch_d.xfft_inst/pe_gen[0].natural_order_input.PE/hasbf2.FB_2.BF_2/mem_mux_and_reg_upper_re/slicel_slicem_implementation.mux/aclk
    SLICE_X69Y143                                                     r  fft_config1_U0/inst/U0/i_synth/xfft_inst/floating_point.xfft_inst/fft/non_floating_point.arch_d.xfft_inst/pe_gen[0].natural_order_input.PE/hasbf2.FB_2.BF_2/mem_mux_and_reg_upper_re/slicel_slicem_implementation.mux/use_lut6_2.latency1.Q_reg[19]/C
  -------------------------------------------------------------------    -------------------
    SLICE_X69Y143        FDRE (Prop_fdre_C_Q)         0.091     0.724 r  fft_config1_U0/inst/U0/i_synth/xfft_inst/floating_point.xfft_inst/fft/non_floating_point.arch_d.xfft_inst/pe_gen[0].natural_order_input.PE/hasbf2.FB_2.BF_2/mem_mux_and_reg_upper_re/slicel_slicem_implementation.mux/use_lut6_2.latency1.Q_reg[19]/Q
                         net (fo=1, routed)           0.095     0.819    fft_config1_U0/inst/U0/i_synth/xfft_inst/floating_point.xfft_inst/fft/non_floating_point.arch_d.xfft_inst/pe_gen[0].natural_order_input.PE/hasbf2.FB_2.BF_2/MEM/dist_ram.srlram.ram/fixed_length.shift_ram/i_bb_inst/d[48]
    SLICE_X66Y142        SRLC32E                                      r  fft_config1_U0/inst/U0/i_synth/xfft_inst/floating_point.xfft_inst/fft/non_floating_point.arch_d.xfft_inst/pe_gen[0].natural_order_input.PE/hasbf2.FB_2.BF_2/MEM/dist_ram.srlram.ram/fixed_length.shift_ram/i_bb_inst/f1.many_clbs.gen_width[48].srl_sig_reg[31]_srl32/D
  -------------------------------------------------------------------    -------------------

                         (clock ap_clk rise edge)     0.000     0.000 r  
                                                      0.000     0.000 r  ap_clk
                         net (fo=12958, unset)        0.853     0.853    fft_config1_U0/inst/U0/i_synth/xfft_inst/floating_point.xfft_inst/fft/non_floating_point.arch_d.xfft_inst/pe_gen[0].natural_order_input.PE/hasbf2.FB_2.BF_2/MEM/dist_ram.srlram.ram/fixed_length.shift_ram/i_bb_inst/clk
    SLICE_X66Y142                                                     r  fft_config1_U0/inst/U0/i_synth/xfft_inst/floating_point.xfft_inst/fft/non_floating_point.arch_d.xfft_inst/pe_gen[0].natural_order_input.PE/hasbf2.FB_2.BF_2/MEM/dist_ram.srlram.ram/fixed_length.shift_ram/i_bb_inst/f1.many_clbs.gen_width[48].srl_sig_reg[31]_srl32/CLK
                         clock pessimism             -0.206     0.647    
    SLICE_X66Y142        SRLC32E (Hold_srlc32e_CLK_D)
                                                      0.118     0.765    fft_config1_U0/inst/U0/i_synth/xfft_inst/floating_point.xfft_inst/fft/non_floating_point.arch_d.xfft_inst/pe_gen[0].natural_order_input.PE/hasbf2.FB_2.BF_2/MEM/dist_ram.srlram.ram/fixed_length.shift_ram/i_bb_inst/f1.many_clbs.gen_width[48].srl_sig_reg[31]_srl32
  -------------------------------------------------------------------
                         required time                         -0.765    
                         arrival time                           0.819    
  -------------------------------------------------------------------
                         slack                                  0.054    





Pulse Width Checks
--------------------------------------------------------------------------------------
Clock Name:         ap_clk
Waveform:           { 0 1.65 }
Period:             3.300
Sources:            { ap_clk }

Check Type        Corner  Lib Pin      Reference Pin  Required  Actual  Slack  Location        Pin                                                                                                                                                                                                                                        
Min Period        n/a     DSP48E1/CLK  n/a            2.772     3.300   0.528  DSP48_X7Y74     sosf_detector_top_dummy_proc_be_U0/sosf_detector_top_fadd_32ns_32ns_32_10_full_dsp_U7/sosf_detector_top_ap_fadd_8_full_dsp_32_u/U0/i_synth/ADDSUB_OP.ADDSUB/SPEED_OP.DSP.OP/DSP48E1_BODY.NORM_RND/SHIFT_RND/DSP/CLK                        
Low Pulse Width   Slow    RAMS64E/CLK  n/a            0.768     1.625   0.857  SLICE_X100Y142  fft_config1_U0/inst/U0/i_synth/xfft_inst/floating_point.xfft_inst/fft/non_floating_point.arch_d.xfft_inst/pe_gen[1].natural_order_input.PE/has_TW_mult.TW/twiddle_generator/tw2.twgen2/dist_ram.first_quarter_table_reg_0_63_13_13/SP/CLK  
High Pulse Width  Slow    RAMS64E/CLK  n/a            0.768     1.625   0.857  SLICE_X102Y140  fft_config1_U0/inst/U0/i_synth/xfft_inst/floating_point.xfft_inst/fft/non_floating_point.arch_d.xfft_inst/pe_gen[1].natural_order_input.PE/has_TW_mult.TW/twiddle_generator/tw2.twgen2/dist_ram.first_quarter_table_reg_0_63_0_0/SP/CLK    



