

================================================================
== Vivado HLS Report for 'filter_top_dummy_proc_be'
================================================================
* Date:           Thu Jan 25 09:57:29 2018

* Version:        2014.4 (Build 1071461 on Tue Nov 18 16:42:57 PM 2014)
* Project:        fft_filter_hlsprj
* Solution:       solution1
* Product family: kintex7
* Target device:  xc7k410tffg900-2


================================================================
== Performance Estimates
================================================================
+ Timing (ns): 
    * Summary: 
    +---------+-------+----------+------------+
    |  Clock  | Target| Estimated| Uncertainty|
    +---------+-------+----------+------------+
    |default  |   3.30|      2.39|        0.41|
    +---------+-------+----------+------------+

+ Latency (clock cycles): 
    * Summary: 
    +-------+-------+-------+-------+---------+
    |    Latency    |    Interval   | Pipeline|
    |  min  |  max  |  min  |  max  |   Type  |
    +-------+-------+-------+-------+---------+
    |  24577|  24577|  24577|  24577|   none  |
    +-------+-------+-------+-------+---------+

    + Detail: 
        * Instance: 
        N/A

        * Loop: 
        +----------+-------+-------+----------+-----------+-----------+------+----------+
        |          |    Latency    | Iteration|  Initiation Interval  | Trip |          |
        | Loop Name|  min  |  max  |  Latency |  achieved |   target  | Count| Pipelined|
        +----------+-------+-------+----------+-----------+-----------+------+----------+
        |- Loop 1  |  24576|  24576|        12|          -|          -|  2048|    no    |
        +----------+-------+-------+----------+-----------+-----------+------+----------+



================================================================
== Utilization Estimates
================================================================
* Summary: 
+-----------------+---------+-------+--------+--------+
|       Name      | BRAM_18K| DSP48E|   FF   |   LUT  |
+-----------------+---------+-------+--------+--------+
|Expression       |        -|      -|       0|     166|
|FIFO             |        -|      -|       -|       -|
|Instance         |        -|     16|       0|       0|
|Memory           |        -|      -|       -|       -|
|Multiplexer      |        -|      -|       -|      18|
|Register         |        -|      -|     570|       -|
+-----------------+---------+-------+--------+--------+
|Total            |        0|     16|     570|     184|
+-----------------+---------+-------+--------+--------+
|Available        |     1590|   1540|  508400|  254200|
+-----------------+---------+-------+--------+--------+
|Utilization (%)  |        0|      1|   ~0   |   ~0   |
+-----------------+---------+-------+--------+--------+

+ Detail: 
    * Instance: 
    +---------------------------------+-----------------------------+---------+-------+---+----+
    |             Instance            |            Module           | BRAM_18K| DSP48E| FF| LUT|
    +---------------------------------+-----------------------------+---------+-------+---+----+
    |filter_top_mul_32s_32s_63_7_U10  |filter_top_mul_32s_32s_63_7  |        0|      4|  0|   0|
    |filter_top_mul_32s_32s_63_7_U11  |filter_top_mul_32s_32s_63_7  |        0|      4|  0|   0|
    |filter_top_mul_32s_32s_63_7_U12  |filter_top_mul_32s_32s_63_7  |        0|      4|  0|   0|
    |filter_top_mul_32s_32s_63_7_U13  |filter_top_mul_32s_32s_63_7  |        0|      4|  0|   0|
    +---------------------------------+-----------------------------+---------+-------+---+----+
    |Total                            |                             |        0|     16|  0|   0|
    +---------------------------------+-----------------------------+---------+-------+---+----+

    * Memory: 
    N/A

    * FIFO: 
    N/A

    * Expression: 
    +--------------------+----------+-------+---+----+------------+------------+
    |    Variable Name   | Operation| DSP48E| FF| LUT| Bitwidth P0| Bitwidth P1|
    +--------------------+----------+-------+---+----+------------+------------+
    |i_1_fu_133_p2       |     +    |      0|  0|  12|          12|           1|
    |p_Val2_1_fu_222_p2  |     +    |      0|  0|  63|          63|          63|
    |tmp_9_fu_263_p2     |     +    |      0|  0|  11|          11|          11|
    |p_Val2_s_fu_208_p2  |     -    |      0|  0|  63|          63|          63|
    |exitcond_fu_127_p2  |   icmp   |      0|  0|  13|          12|          13|
    |icmp_fu_253_p2      |   icmp   |      0|  0|   2|           3|           1|
    |ap_sig_bdd_156      |    or    |      0|  0|   1|           1|           1|
    |ap_sig_bdd_170      |    or    |      0|  0|   1|           1|           1|
    +--------------------+----------+-------+---+----+------------+------------+
    |Total               |          |      0|  0| 166|         166|         154|
    +--------------------+----------+-------+---+----+------------+------------+

    * Multiplexer: 
    +-----------+----+-----------+-----+-----------+
    |    Name   | LUT| Input Size| Bits| Total Bits|
    +-----------+----+-----------+-----+-----------+
    |ap_NS_fsm  |   6|         14|    1|         14|
    |i_reg_114  |  12|          2|   12|         24|
    +-----------+----+-----------+-----+-----------+
    |Total      |  18|         16|   13|         38|
    +-----------+----+-----------+-----+-----------+

    * Register: 
    +----------------------------------+----+----+-----+-----------+
    |               Name               | FF | LUT| Bits| Const Bits|
    +----------------------------------+----+----+-----+-----------+
    |ap_CS_fsm                         |  13|   0|   13|          0|
    |ap_done_reg                       |   1|   0|    1|          0|
    |i_1_reg_276                       |  12|   0|   12|          0|
    |i_reg_114                         |  12|   0|   12|          0|
    |icmp_reg_365                      |   1|   0|    1|          0|
    |input_xk2_read_reg_374            |  64|   0|   64|          0|
    |p_r_M_imag_V_reg_360              |  32|   0|   32|          0|
    |p_r_M_real_V_reg_355              |  32|   0|   32|          0|
    |p_x_M_imag_V_read_assign_reg_306  |  32|   0|   32|          0|
    |p_y_M_imag_V_read_assign_reg_296  |  32|   0|   32|          0|
    |tmp1_i_cast_reg_335               |  63|   0|   63|          0|
    |tmp_10_reg_291                    |  32|   0|   32|          0|
    |tmp_11_reg_301                    |  32|   0|   32|          0|
    |tmp_2_i_cast_reg_340              |  63|   0|   63|          0|
    |tmp_3_i_cast_reg_350              |  63|   0|   63|          0|
    |tmp_9_reg_369                     |  11|   0|   11|          0|
    |tmp_i_cast_reg_345                |  63|   0|   63|          0|
    |tmp_reg_281                       |  12|   0|   64|         52|
    +----------------------------------+----+----+-----+-----------+
    |Total                             | 570|   0|  622|         52|
    +----------------------------------+----+----+-----+-----------+



================================================================
== Interface
================================================================
* Summary: 
+---------------------+-----+-----+------------+--------------------------+--------------+
|      RTL Ports      | Dir | Bits|  Protocol  |       Source Object      |    C Type    |
+---------------------+-----+-----+------------+--------------------------+--------------+
|ap_clk               |  in |    1| ap_ctrl_hs | filter_top_dummy_proc_be | return value |
|ap_rst               |  in |    1| ap_ctrl_hs | filter_top_dummy_proc_be | return value |
|ap_start             |  in |    1| ap_ctrl_hs | filter_top_dummy_proc_be | return value |
|ap_done              | out |    1| ap_ctrl_hs | filter_top_dummy_proc_be | return value |
|ap_continue          |  in |    1| ap_ctrl_hs | filter_top_dummy_proc_be | return value |
|ap_idle              | out |    1| ap_ctrl_hs | filter_top_dummy_proc_be | return value |
|ap_ready             | out |    1| ap_ctrl_hs | filter_top_dummy_proc_be | return value |
|coefs_address0       | out |   11|  ap_memory |           coefs          |     array    |
|coefs_ce0            | out |    1|  ap_memory |           coefs          |     array    |
|coefs_q0             |  in |   64|  ap_memory |           coefs          |     array    |
|input_xk1_dout       |  in |   64|   ap_fifo  |         input_xk1        |    pointer   |
|input_xk1_empty_n    |  in |    1|   ap_fifo  |         input_xk1        |    pointer   |
|input_xk1_read       | out |    1|   ap_fifo  |         input_xk1        |    pointer   |
|input_xk2_dout       |  in |   64|   ap_fifo  |         input_xk2        |    pointer   |
|input_xk2_empty_n    |  in |    1|   ap_fifo  |         input_xk2        |    pointer   |
|input_xk2_read       | out |    1|   ap_fifo  |         input_xk2        |    pointer   |
|output_xk1_address0  | out |   11|  ap_memory |        output_xk1        |     array    |
|output_xk1_ce0       | out |    1|  ap_memory |        output_xk1        |     array    |
|output_xk1_we0       | out |    1|  ap_memory |        output_xk1        |     array    |
|output_xk1_d0        | out |   64|  ap_memory |        output_xk1        |     array    |
|out_r_address0       | out |   11|  ap_memory |           out_r          |     array    |
|out_r_ce0            | out |    1|  ap_memory |           out_r          |     array    |
|out_r_we0            | out |    1|  ap_memory |           out_r          |     array    |
|out_r_d0             | out |   64|  ap_memory |           out_r          |     array    |
+---------------------+-----+-----+------------+--------------------------+--------------+

