

================================================================
== Vivado HLS Report for 'filter_top_dummy_proc_fe'
================================================================
* Date:           Tue Mar 27 16:17:49 2018

* Version:        2014.4 (Build 1071461 on Tue Nov 18 16:42:57 PM 2014)
* Project:        fft_filter_hlsprj
* Solution:       solution5_axi_no_ap_ctrl
* Product family: kintex7
* Target device:  xc7k410tffg900-2


================================================================
== Performance Estimates
================================================================
+ Timing (ns): 
    * Summary: 
    +---------+-------+----------+------------+
    |  Clock  | Target| Estimated| Uncertainty|
    +---------+-------+----------+------------+
    |default  |   5.00|      4.18|        0.62|
    +---------+-------+----------+------------+

+ Latency (clock cycles): 
    * Summary: 
    +------+------+------+------+---------+
    |   Latency   |   Interval  | Pipeline|
    |  min |  max |  min |  max |   Type  |
    +------+------+------+------+---------+
    |  6145|  6145|  6145|  6145|   none  |
    +------+------+------+------+---------+

    + Detail: 
        * Instance: 
        N/A

        * Loop: 
        +----------+------+------+----------+-----------+-----------+------+----------+
        |          |   Latency   | Iteration|  Initiation Interval  | Trip |          |
        | Loop Name|  min |  max |  Latency |  achieved |   target  | Count| Pipelined|
        +----------+------+------+----------+-----------+-----------+------+----------+
        |- Loop 1  |  6144|  6144|         3|          -|          -|  2048|    no    |
        +----------+------+------+----------+-----------+-----------+------+----------+



================================================================
== Utilization Estimates
================================================================
* Summary: 
+-----------------+---------+-------+--------+--------+
|       Name      | BRAM_18K| DSP48E|   FF   |   LUT  |
+-----------------+---------+-------+--------+--------+
|Expression       |        -|      -|       0|      47|
|FIFO             |        -|      -|       -|       -|
|Instance         |        -|      -|       -|       -|
|Memory           |        2|      -|       0|       0|
|Multiplexer      |        -|      -|       -|      95|
|Register         |        -|      -|      42|       -|
+-----------------+---------+-------+--------+--------+
|Total            |        2|      0|      42|     142|
+-----------------+---------+-------+--------+--------+
|Available        |     1590|   1540|  508400|  254200|
+-----------------+---------+-------+--------+--------+
|Utilization (%)  |    ~0   |      0|   ~0   |   ~0   |
+-----------------+---------+-------+--------+--------+

+ Detail: 
    * Instance: 
    N/A

    * Memory: 
    +--------------------------+-------------------------------------------------+---------+---+----+------+-----+------+-------------+
    |          Memory          |                      Module                     | BRAM_18K| FF| LUT| Words| Bits| Banks| W*Bits*Banks|
    +--------------------------+-------------------------------------------------+---------+---+----+------+-----+------+-------------+
    |detector_tail_M_real_V_U  |filter_top_dummy_proc_fe_detector_tail_M_real_V  |        1|  0|   0|   512|   32|     1|        16384|
    |detector_tail_M_imag_V_U  |filter_top_dummy_proc_fe_detector_tail_M_real_V  |        1|  0|   0|   512|   32|     1|        16384|
    +--------------------------+-------------------------------------------------+---------+---+----+------+-----+------+-------------+
    |Total                     |                                                 |        2|  0|   0|  1024|   64|     2|        32768|
    +--------------------------+-------------------------------------------------+---------+---+----+------+-----+------+-------------+

    * FIFO: 
    N/A

    * Expression: 
    +--------------------+----------+-------+---+----+------------+------------+
    |    Variable Name   | Operation| DSP48E| FF| LUT| Bitwidth P0| Bitwidth P1|
    +--------------------+----------+-------+---+----+------------+------------+
    |i_1_fu_219_p2       |     +    |      0|  0|  12|          12|           1|
    |ap_sig_bdd_134      |    and   |      0|  0|   1|           1|           1|
    |ap_sig_bdd_145      |    and   |      0|  0|   1|           1|           1|
    |ap_sig_bdd_148      |    and   |      0|  0|   1|           1|           1|
    |ap_sig_bdd_156      |    and   |      0|  0|   1|           1|           1|
    |ap_sig_bdd_261      |    and   |      0|  0|   1|           1|           1|
    |ap_sig_bdd_264      |    and   |      0|  0|   1|           1|           1|
    |exitcond_fu_213_p2  |   icmp   |      0|  0|  13|          12|          13|
    |icmp_fu_240_p2      |   icmp   |      0|  0|   2|           3|           1|
    |tmp_4_fu_262_p2     |   icmp   |      0|  0|  12|          12|          11|
    |ap_sig_bdd_111      |    or    |      0|  0|   1|           1|           1|
    |ap_sig_bdd_131      |    or    |      0|  0|   1|           1|           1|
    +--------------------+----------+-------+---+----+------------+------------+
    |Total               |          |      0|  0|  47|          47|          34|
    +--------------------+----------+-------+---+----+------------+------------+

    * Multiplexer: 
    +---------------------------------+----+-----------+-----+-----------+
    |               Name              | LUT| Input Size| Bits| Total Bits|
    +---------------------------------+----+-----------+-----+-----------+
    |ap_NS_fsm                        |   1|          5|    1|          5|
    |detector_tail_M_imag_V_address0  |   9|          3|    9|         27|
    |detector_tail_M_real_V_address0  |   9|          3|    9|         27|
    |i_reg_174                        |  12|          2|   12|         24|
    |output_xn1_din                   |  64|          3|   64|        192|
    +---------------------------------+----+-----------+-----+-----------+
    |Total                            |  95|         16|   95|        275|
    +---------------------------------+----+-----------+-----+-----------+

    * Register: 
    +--------------+----+----+-----+-----------+
    |     Name     | FF | LUT| Bits| Const Bits|
    +--------------+----+----+-----+-----------+
    |ap_CS_fsm     |   4|   0|    4|          0|
    |ap_done_reg   |   1|   0|    1|          0|
    |i_1_reg_290   |  12|   0|   12|          0|
    |i_reg_174     |  12|   0|   12|          0|
    |icmp_reg_306  |   1|   0|    1|          0|
    |tmp_reg_295   |  12|   0|   64|         52|
    +--------------+----+----+-----+-----------+
    |Total         |  42|   0|   94|         52|
    +--------------+----+----+-----+-----------+



================================================================
== Interface
================================================================
* Summary: 
+--------------------------+-----+-----+------------+--------------------------+--------------+
|         RTL Ports        | Dir | Bits|  Protocol  |       Source Object      |    C Type    |
+--------------------------+-----+-----+------------+--------------------------+--------------+
|ap_clk                    |  in |    1| ap_ctrl_hs | filter_top_dummy_proc_fe | return value |
|ap_rst                    |  in |    1| ap_ctrl_hs | filter_top_dummy_proc_fe | return value |
|ap_start                  |  in |    1| ap_ctrl_hs | filter_top_dummy_proc_fe | return value |
|ap_done                   | out |    1| ap_ctrl_hs | filter_top_dummy_proc_fe | return value |
|ap_continue               |  in |    1| ap_ctrl_hs | filter_top_dummy_proc_fe | return value |
|ap_ce                     |  in |    1| ap_ctrl_hs | filter_top_dummy_proc_fe | return value |
|ap_idle                   | out |    1| ap_ctrl_hs | filter_top_dummy_proc_fe | return value |
|ap_ready                  | out |    1| ap_ctrl_hs | filter_top_dummy_proc_fe | return value |
|config_fwd_data_V_din     | out |   16|   ap_fifo  |     config_fwd_data_V    |    pointer   |
|config_fwd_data_V_full_n  |  in |    1|   ap_fifo  |     config_fwd_data_V    |    pointer   |
|config_fwd_data_V_write   | out |    1|   ap_fifo  |     config_fwd_data_V    |    pointer   |
|config_inv_data_V_din     | out |   16|   ap_fifo  |     config_inv_data_V    |    pointer   |
|config_inv_data_V_full_n  |  in |    1|   ap_fifo  |     config_inv_data_V    |    pointer   |
|config_inv_data_V_write   | out |    1|   ap_fifo  |     config_inv_data_V    |    pointer   |
|in_r_TDATA                |  in |   64|    axis    |           in_r           |    pointer   |
|in_r_TVALID               |  in |    1|    axis    |           in_r           |    pointer   |
|in_r_TREADY               | out |    1|    axis    |           in_r           |    pointer   |
|input_xn2_address0        | out |   11|  ap_memory |         input_xn2        |     array    |
|input_xn2_ce0             | out |    1|  ap_memory |         input_xn2        |     array    |
|input_xn2_q0              |  in |   64|  ap_memory |         input_xn2        |     array    |
|output_xn1_din            | out |   64|   ap_fifo  |        output_xn1        |    pointer   |
|output_xn1_full_n         |  in |    1|   ap_fifo  |        output_xn1        |    pointer   |
|output_xn1_write          | out |    1|   ap_fifo  |        output_xn1        |    pointer   |
|output_xn2_din            | out |   64|   ap_fifo  |        output_xn2        |    pointer   |
|output_xn2_full_n         |  in |    1|   ap_fifo  |        output_xn2        |    pointer   |
|output_xn2_write          | out |    1|   ap_fifo  |        output_xn2        |    pointer   |
+--------------------------+-----+-----+------------+--------------------------+--------------+

============================================================
+ Verbose Summary: Synthesis Manager
============================================================
InlineROM: 1
ExposeGlobal: 0
============================================================
+ Verbose Summary: CDFG Model
============================================================
IsTopModel: 0
ResetActiveHigh: 1
IsCombinational: 2
IsDatapathOnly: 0
HasWiredReturn: 1
HasMFsm: 0
HasVarLatency: 1
IsPipeline: 0
IsRtlPipelined: 0
IsInstanceOverlapped: 0
IsDontTouch: 0
HasImplIP: 0
IsGatedGlobalClock: 0


============================================================
+ Verbose Summary: Schedule
============================================================
* Number of FSM states: 4
* Pipeline: 0
* Dataflow Pipeline: 0

* FSM state transitions: 
1 --> 
	2  / true
2 --> 
	3  / (!exitcond)
3 --> 
	4  / true
4 --> 
	2  / true
* FSM state operations: 

 <State 1>: 1.79ns
ST_1: stg_5 [1/1] 0.00ns
_ZN3hls6ip_fft8config_tI7config1E6setSchEjj.exit:0  call void (...)* @_ssdm_op_SpecInterface(i64* %in_r, [5 x i8]* @p_str4, i32 0, i32 0, i32 0, i32 0, [1 x i8]* @p_str1, [1 x i8]* @p_str1, [1 x i8]* @p_str1)

ST_1: stg_6 [1/1] 0.00ns
_ZN3hls6ip_fft8config_tI7config1E6setSchEjj.exit:1  call void (...)* @_ssdm_op_SpecInterface(i64* %output_xn2, [8 x i8]* @str84, i32 0, i32 0, i32 0, i32 0, [8 x i8]* @str84, [8 x i8]* @str84, [8 x i8]* @str84)

ST_1: stg_7 [1/1] 0.00ns
_ZN3hls6ip_fft8config_tI7config1E6setSchEjj.exit:2  call void (...)* @_ssdm_op_SpecInterface(i64* %output_xn1, [8 x i8]* @str83, i32 0, i32 0, i32 0, i32 0, [8 x i8]* @str83, [8 x i8]* @str83, [8 x i8]* @str83)

ST_1: stg_8 [1/1] 0.00ns
_ZN3hls6ip_fft8config_tI7config1E6setSchEjj.exit:3  call void (...)* @_ssdm_op_SpecInterface(i16* %config_inv_data_V, [8 x i8]* @str82, i32 0, i32 0, i32 0, i32 0, [8 x i8]* @str82, [8 x i8]* @str82, [8 x i8]* @str82)

ST_1: stg_9 [1/1] 0.00ns
_ZN3hls6ip_fft8config_tI7config1E6setSchEjj.exit:4  call void (...)* @_ssdm_op_SpecInterface(i16* %config_fwd_data_V, [8 x i8]* @str81, i32 0, i32 0, i32 0, i32 0, [8 x i8]* @str81, [8 x i8]* @str81, [8 x i8]* @str81)

ST_1: stg_10 [1/1] 0.00ns
_ZN3hls6ip_fft8config_tI7config1E6setSchEjj.exit:5  call void (...)* @_ssdm_op_SpecMemCore([2048 x i64]* %input_xn2, [1 x i8]* @p_str1, [12 x i8]* @p_str6, [1 x i8]* @p_str1, i32 -1, [1 x i8]* @p_str1, [1 x i8]* @p_str1, [1 x i8]* @p_str1)

ST_1: stg_11 [1/1] 0.00ns
_ZN3hls6ip_fft8config_tI7config1E6setSchEjj.exit:6  call void (...)* @_ssdm_op_SpecInterface([2048 x i64]* %input_xn2, [10 x i8]* @p_str3, i32 0, i32 0, i32 0, i32 0, [1 x i8]* @p_str1, [1 x i8]* @p_str1, [1 x i8]* @p_str1) nounwind

ST_1: p_Result_s [1/1] 0.00ns
_ZN3hls6ip_fft8config_tI7config1E6setSchEjj.exit:7  %p_Result_s = call i16 @_ssdm_op_PartSet.i16.i16.i13.i32.i32(i16 undef, i13 3135, i32 0, i32 12)

ST_1: stg_13 [1/1] 1.79ns
_ZN3hls6ip_fft8config_tI7config1E6setSchEjj.exit:8  call void @_ssdm_op_Write.ap_fifo.i16P(i16* %config_fwd_data_V, i16 %p_Result_s)

ST_1: p_Result_1 [1/1] 0.00ns
_ZN3hls6ip_fft8config_tI7config1E6setSchEjj.exit:9  %p_Result_1 = call i16 @_ssdm_op_PartSet.i16.i16.i13.i32.i32(i16 undef, i13 2, i32 0, i32 12)

ST_1: stg_15 [1/1] 1.79ns
_ZN3hls6ip_fft8config_tI7config1E6setSchEjj.exit:10  call void @_ssdm_op_Write.ap_fifo.i16P(i16* %config_inv_data_V, i16 %p_Result_1)

ST_1: stg_16 [1/1] 0.89ns
_ZN3hls6ip_fft8config_tI7config1E6setSchEjj.exit:11  br label %0


 <State 2>: 2.39ns
ST_2: i [1/1] 0.00ns
:0  %i = phi i12 [ 0, %_ZN3hls6ip_fft8config_tI7config1E6setSchEjj.exit ], [ %i_1, %5 ]

ST_2: exitcond [1/1] 1.30ns
:1  %exitcond = icmp eq i12 %i, -2048

ST_2: empty [1/1] 0.00ns
:2  %empty = call i32 (...)* @_ssdm_op_SpecLoopTripCount(i64 2048, i64 2048, i64 2048)

ST_2: i_1 [1/1] 1.30ns
:3  %i_1 = add i12 %i, 1

ST_2: stg_21 [1/1] 0.00ns
:4  br i1 %exitcond, label %6, label %1

ST_2: tmp [1/1] 0.00ns
:0  %tmp = zext i12 %i to i64

ST_2: input_xn2_addr [1/1] 0.00ns
:1  %input_xn2_addr = getelementptr [2048 x i64]* %input_xn2, i64 0, i64 %tmp

ST_2: input_xn2_load [2/2] 2.39ns
:2  %input_xn2_load = load i64* %input_xn2_addr, align 8

ST_2: stg_25 [1/1] 0.00ns
:0  ret void


 <State 3>: 4.18ns
ST_3: input_xn2_load [1/2] 2.39ns
:2  %input_xn2_load = load i64* %input_xn2_addr, align 8

ST_3: stg_27 [1/1] 1.79ns
:3  call void @_ssdm_op_Write.ap_fifo.volatile.i64P(i64* %output_xn2, i64 %input_xn2_load)

ST_3: tmp_5 [1/1] 0.00ns
:4  %tmp_5 = call i3 @_ssdm_op_PartSelect.i3.i12.i32.i32(i12 %i, i32 9, i32 11)

ST_3: icmp [1/1] 0.94ns
:5  %icmp = icmp eq i3 %tmp_5, 0

ST_3: stg_30 [1/1] 0.00ns
:6  br i1 %icmp, label %2, label %3

ST_3: in_read [1/1] 0.00ns
:0  %in_read = call i64 @_ssdm_op_Read.axis.volatile.i64P(i64* %in_r)

ST_3: tmp_7 [1/1] 0.00ns
:1  %tmp_7 = trunc i64 %in_read to i32

ST_3: in_M_imag_V_load_new [1/1] 0.00ns
:2  %in_M_imag_V_load_new = call i32 @_ssdm_op_PartSelect.i32.i64.i32.i32(i64 %in_read, i32 32, i32 63)

ST_3: stg_34 [1/1] 1.79ns
:3  call void @_ssdm_op_Write.ap_fifo.volatile.i64P(i64* %output_xn1, i64 %in_read)

ST_3: tmp_4 [1/1] 1.30ns
:4  %tmp_4 = icmp ugt i12 %i, 1535

ST_3: stg_36 [1/1] 0.00ns
:5  br i1 %tmp_4, label %4, label %._crit_edge

ST_3: tmp_8 [1/1] 0.00ns
:0  %tmp_8 = trunc i12 %i to i9

ST_3: tmp_6 [1/1] 0.00ns
:1  %tmp_6 = zext i9 %tmp_8 to i64

ST_3: detector_tail_M_real_V_addr_1 [1/1] 0.00ns
:2  %detector_tail_M_real_V_addr_1 = getelementptr [512 x i32]* @detector_tail_M_real_V, i64 0, i64 %tmp_6

ST_3: stg_40 [1/1] 2.39ns
:3  store i32 %tmp_7, i32* %detector_tail_M_real_V_addr_1, align 4

ST_3: detector_tail_M_imag_V_addr_1 [1/1] 0.00ns
:4  %detector_tail_M_imag_V_addr_1 = getelementptr [512 x i32]* @detector_tail_M_imag_V, i64 0, i64 %tmp_6

ST_3: stg_42 [1/1] 2.39ns
:5  store i32 %in_M_imag_V_load_new, i32* %detector_tail_M_imag_V_addr_1, align 4

ST_3: stg_43 [1/1] 0.00ns
:6  br label %._crit_edge

ST_3: stg_44 [1/1] 0.00ns
._crit_edge:0  br label %5

ST_3: detector_tail_M_real_V_addr [1/1] 0.00ns
:0  %detector_tail_M_real_V_addr = getelementptr [512 x i32]* @detector_tail_M_real_V, i64 0, i64 %tmp

ST_3: detector_tail_M_real_V_load [2/2] 2.39ns
:1  %detector_tail_M_real_V_load = load i32* %detector_tail_M_real_V_addr, align 4

ST_3: detector_tail_M_imag_V_addr [1/1] 0.00ns
:2  %detector_tail_M_imag_V_addr = getelementptr [512 x i32]* @detector_tail_M_imag_V, i64 0, i64 %tmp

ST_3: detector_tail_M_imag_V_load [2/2] 2.39ns
:3  %detector_tail_M_imag_V_load = load i32* %detector_tail_M_imag_V_addr, align 4


 <State 4>: 4.18ns
ST_4: detector_tail_M_real_V_load [1/2] 2.39ns
:1  %detector_tail_M_real_V_load = load i32* %detector_tail_M_real_V_addr, align 4

ST_4: detector_tail_M_imag_V_load [1/2] 2.39ns
:3  %detector_tail_M_imag_V_load = load i32* %detector_tail_M_imag_V_addr, align 4

ST_4: output_xn1_M_imag_V_addr [1/1] 0.00ns
:4  %output_xn1_M_imag_V_addr = call i64 @_ssdm_op_BitConcatenate.i64.i32.i32(i32 %detector_tail_M_imag_V_load, i32 %detector_tail_M_real_V_load)

ST_4: stg_52 [1/1] 1.79ns
:5  call void @_ssdm_op_Write.ap_fifo.volatile.i64P(i64* %output_xn1, i64 %output_xn1_M_imag_V_addr)

ST_4: stg_53 [1/1] 0.00ns
:6  br label %5

ST_4: stg_54 [1/1] 0.00ns
:0  br label %0



============================================================
+ Verbose Summary: Binding
============================================================
STG Binding: 
---------------- STG Properties BEGIN ----------------
- Is combinational: 0
- Is one-state seq: 0
- Is datapath-only: 0
- Is clock enabled: 1
- Is pipelined: 0
- Is top level: 0
Port [ Return ] is wired: 1; IO mode=ap_ctrl_hs_ce:ce=1
Port [ config_fwd_data_V]:  wired=1; compound=1; hidden=0; nouse=0; global=0; static=0; extern=0; dir=1; type=3; mode=0x6043f90; pingpong=0; private_global=0; IO mode=ap_fifo:ce=0
Port [ config_inv_data_V]:  wired=1; compound=1; hidden=0; nouse=0; global=0; static=0; extern=0; dir=1; type=3; mode=0x8807ee0; pingpong=0; private_global=0; IO mode=ap_fifo:ce=0
Port [ in_r]:  wired=1; compound=1; hidden=0; nouse=0; global=0; static=0; extern=0; dir=0; type=0; mode=0x5fa45b0; pingpong=0; private_global=0; IO mode=axis:ce=0
Port [ input_xn2]:  wired=1; compound=1; hidden=0; nouse=0; global=0; static=0; extern=0; dir=0; type=1; mode=0x8807f40; pingpong=0; private_global=0; MemPort=[1]; IO mode=ap_memory:ce=0
Port [ output_xn1]:  wired=1; compound=1; hidden=0; nouse=0; global=0; static=0; extern=0; dir=1; type=3; mode=0x8807fa0; pingpong=0; private_global=0; IO mode=ap_fifo:ce=0
Port [ output_xn2]:  wired=1; compound=1; hidden=0; nouse=0; global=0; static=0; extern=0; dir=1; type=3; mode=0x8808000; pingpong=0; private_global=0; IO mode=ap_fifo:ce=0
Port [ detector_tail_M_real_V]:  wired=0; compound=1; hidden=1; nouse=0; global=1; static=1; extern=0; dir=2; type=1; mode=0x8808060; pingpong=0; private_global=1; linkage=7; visibility=0; MemPort=[23]; IO mode=ap_memory:ce=0
Port [ detector_tail_M_imag_V]:  wired=0; compound=1; hidden=1; nouse=0; global=1; static=1; extern=0; dir=2; type=1; mode=0x5fa7300; pingpong=0; private_global=1; linkage=7; visibility=0; MemPort=[23]; IO mode=ap_memory:ce=0
---------------- STG Properties END ------------------

---------------- Datapath Model BEGIN ----------------

<LifeTime>
<method=bitvector/>
stg_5                         (specinterface    ) [ 00000]
stg_6                         (specinterface    ) [ 00000]
stg_7                         (specinterface    ) [ 00000]
stg_8                         (specinterface    ) [ 00000]
stg_9                         (specinterface    ) [ 00000]
stg_10                        (specmemcore      ) [ 00000]
stg_11                        (specinterface    ) [ 00000]
p_Result_s                    (partset          ) [ 00000]
stg_13                        (write            ) [ 00000]
p_Result_1                    (partset          ) [ 00000]
stg_15                        (write            ) [ 00000]
stg_16                        (br               ) [ 01111]
i                             (phi              ) [ 00110]
exitcond                      (icmp             ) [ 00111]
empty                         (speclooptripcount) [ 00000]
i_1                           (add              ) [ 01111]
stg_21                        (br               ) [ 00000]
tmp                           (zext             ) [ 00010]
input_xn2_addr                (getelementptr    ) [ 00010]
stg_25                        (ret              ) [ 00000]
input_xn2_load                (load             ) [ 00000]
stg_27                        (write            ) [ 00000]
tmp_5                         (partselect       ) [ 00000]
icmp                          (icmp             ) [ 00111]
stg_30                        (br               ) [ 00000]
in_read                       (read             ) [ 00000]
tmp_7                         (trunc            ) [ 00000]
in_M_imag_V_load_new          (partselect       ) [ 00000]
stg_34                        (write            ) [ 00000]
tmp_4                         (icmp             ) [ 00111]
stg_36                        (br               ) [ 00000]
tmp_8                         (trunc            ) [ 00000]
tmp_6                         (zext             ) [ 00000]
detector_tail_M_real_V_addr_1 (getelementptr    ) [ 00000]
stg_40                        (store            ) [ 00000]
detector_tail_M_imag_V_addr_1 (getelementptr    ) [ 00000]
stg_42                        (store            ) [ 00000]
stg_43                        (br               ) [ 00000]
stg_44                        (br               ) [ 00000]
detector_tail_M_real_V_addr   (getelementptr    ) [ 00001]
detector_tail_M_imag_V_addr   (getelementptr    ) [ 00001]
detector_tail_M_real_V_load   (load             ) [ 00000]
detector_tail_M_imag_V_load   (load             ) [ 00000]
output_xn1_M_imag_V_addr      (bitconcatenate   ) [ 00000]
stg_52                        (write            ) [ 00000]
stg_53                        (br               ) [ 00000]
stg_54                        (br               ) [ 01111]
</LifeTime>

<model>

<comp_list>
<comp id="0" class="1000" name="config_fwd_data_V">
<pin_list>
<pin id="1" dir="1" index="0" bw="1" slack="0"/>
</pin_list>
<bind>
<StgValue><ssdm name="config_fwd_data_V"/></StgValue>
</bind>
</comp>

<comp id="2" class="1000" name="config_inv_data_V">
<pin_list>
<pin id="3" dir="1" index="0" bw="1" slack="0"/>
</pin_list>
<bind>
<StgValue><ssdm name="config_inv_data_V"/></StgValue>
</bind>
</comp>

<comp id="4" class="1000" name="in_r">
<pin_list>
<pin id="5" dir="1" index="0" bw="1" slack="0"/>
</pin_list>
<bind>
<StgValue><ssdm name="in_r"/></StgValue>
</bind>
</comp>

<comp id="6" class="1000" name="input_xn2">
<pin_list>
<pin id="7" dir="1" index="0" bw="1" slack="0"/>
</pin_list>
<bind>
<StgValue><ssdm name="input_xn2"/><MemPortTyVec>1 </MemPortTyVec>
</StgValue>
</bind>
</comp>

<comp id="8" class="1000" name="output_xn1">
<pin_list>
<pin id="9" dir="1" index="0" bw="1" slack="0"/>
</pin_list>
<bind>
<StgValue><ssdm name="output_xn1"/></StgValue>
</bind>
</comp>

<comp id="10" class="1000" name="output_xn2">
<pin_list>
<pin id="11" dir="1" index="0" bw="1" slack="0"/>
</pin_list>
<bind>
<StgValue><ssdm name="output_xn2"/></StgValue>
</bind>
</comp>

<comp id="12" class="1000" name="detector_tail_M_real_V">
<pin_list>
<pin id="13" dir="1" index="0" bw="1" slack="0"/>
</pin_list>
<bind>
<StgValue><ssdm name="detector_tail_M_real_V"/><MemPortTyVec>2 3 </MemPortTyVec>
</StgValue>
</bind>
</comp>

<comp id="14" class="1000" name="detector_tail_M_imag_V">
<pin_list>
<pin id="15" dir="1" index="0" bw="1" slack="0"/>
</pin_list>
<bind>
<StgValue><ssdm name="detector_tail_M_imag_V"/><MemPortTyVec>2 3 </MemPortTyVec>
</StgValue>
</bind>
</comp>

<comp id="16" class="1001" name="const_16">
<pin_list>
<pin id="17" dir="1" index="0" bw="1" slack="2147483647"/>
</pin_list>
<bind>
<StgValue><ssdm name="_ssdm_op_SpecInterface"/></StgValue>
</bind>
</comp>

<comp id="18" class="1001" name="const_18">
<pin_list>
<pin id="19" dir="1" index="0" bw="1" slack="2147483647"/>
</pin_list>
<bind>
<StgValue><ssdm name="p_str4"/></StgValue>
</bind>
</comp>

<comp id="20" class="1001" name="const_20">
<pin_list>
<pin id="21" dir="1" index="0" bw="1" slack="0"/>
</pin_list>
<bind>
<StgValue><ssdm name=""/></StgValue>
</bind>
</comp>

<comp id="22" class="1001" name="const_22">
<pin_list>
<pin id="23" dir="1" index="0" bw="1" slack="2147483647"/>
</pin_list>
<bind>
<StgValue><ssdm name="p_str1"/></StgValue>
</bind>
</comp>

<comp id="24" class="1001" name="const_24">
<pin_list>
<pin id="25" dir="1" index="0" bw="1" slack="2147483647"/>
</pin_list>
<bind>
<StgValue><ssdm name="str84"/></StgValue>
</bind>
</comp>

<comp id="26" class="1001" name="const_26">
<pin_list>
<pin id="27" dir="1" index="0" bw="1" slack="2147483647"/>
</pin_list>
<bind>
<StgValue><ssdm name="str83"/></StgValue>
</bind>
</comp>

<comp id="28" class="1001" name="const_28">
<pin_list>
<pin id="29" dir="1" index="0" bw="1" slack="2147483647"/>
</pin_list>
<bind>
<StgValue><ssdm name="str82"/></StgValue>
</bind>
</comp>

<comp id="30" class="1001" name="const_30">
<pin_list>
<pin id="31" dir="1" index="0" bw="1" slack="2147483647"/>
</pin_list>
<bind>
<StgValue><ssdm name="str81"/></StgValue>
</bind>
</comp>

<comp id="32" class="1001" name="const_32">
<pin_list>
<pin id="33" dir="1" index="0" bw="1" slack="2147483647"/>
</pin_list>
<bind>
<StgValue><ssdm name="_ssdm_op_SpecMemCore"/></StgValue>
</bind>
</comp>

<comp id="34" class="1001" name="const_34">
<pin_list>
<pin id="35" dir="1" index="0" bw="1" slack="2147483647"/>
</pin_list>
<bind>
<StgValue><ssdm name="p_str6"/></StgValue>
</bind>
</comp>

<comp id="36" class="1001" name="const_36">
<pin_list>
<pin id="37" dir="1" index="0" bw="1" slack="2147483647"/>
</pin_list>
<bind>
<StgValue><ssdm name=""/></StgValue>
</bind>
</comp>

<comp id="38" class="1001" name="const_38">
<pin_list>
<pin id="39" dir="1" index="0" bw="1" slack="2147483647"/>
</pin_list>
<bind>
<StgValue><ssdm name="p_str3"/></StgValue>
</bind>
</comp>

<comp id="40" class="1001" name="const_40">
<pin_list>
<pin id="41" dir="1" index="0" bw="1" slack="0"/>
</pin_list>
<bind>
<StgValue><ssdm name="_ssdm_op_PartSet.i16.i16.i13.i32.i32"/></StgValue>
</bind>
</comp>

<comp id="42" class="1001" name="const_42">
<pin_list>
<pin id="43" dir="1" index="0" bw="1" slack="0"/>
</pin_list>
<bind>
<StgValue><ssdm name=""/></StgValue>
</bind>
</comp>

<comp id="44" class="1001" name="const_44">
<pin_list>
<pin id="45" dir="1" index="0" bw="1" slack="0"/>
</pin_list>
<bind>
<StgValue><ssdm name=""/></StgValue>
</bind>
</comp>

<comp id="46" class="1001" name="const_46">
<pin_list>
<pin id="47" dir="1" index="0" bw="1" slack="0"/>
</pin_list>
<bind>
<StgValue><ssdm name=""/></StgValue>
</bind>
</comp>

<comp id="48" class="1001" name="const_48">
<pin_list>
<pin id="49" dir="1" index="0" bw="1" slack="0"/>
</pin_list>
<bind>
<StgValue><ssdm name="_ssdm_op_Write.ap_fifo.i16P"/></StgValue>
</bind>
</comp>

<comp id="50" class="1001" name="const_50">
<pin_list>
<pin id="51" dir="1" index="0" bw="1" slack="0"/>
</pin_list>
<bind>
<StgValue><ssdm name=""/></StgValue>
</bind>
</comp>

<comp id="52" class="1001" name="const_52">
<pin_list>
<pin id="53" dir="1" index="0" bw="1" slack="1"/>
</pin_list>
<bind>
<StgValue><ssdm name=""/></StgValue>
</bind>
</comp>

<comp id="54" class="1001" name="const_54">
<pin_list>
<pin id="55" dir="1" index="0" bw="1" slack="0"/>
</pin_list>
<bind>
<StgValue><ssdm name=""/></StgValue>
</bind>
</comp>

<comp id="56" class="1001" name="const_56">
<pin_list>
<pin id="57" dir="1" index="0" bw="1" slack="2147483647"/>
</pin_list>
<bind>
<StgValue><ssdm name="_ssdm_op_SpecLoopTripCount"/></StgValue>
</bind>
</comp>

<comp id="58" class="1001" name="const_58">
<pin_list>
<pin id="59" dir="1" index="0" bw="1" slack="2147483647"/>
</pin_list>
<bind>
<StgValue><ssdm name=""/></StgValue>
</bind>
</comp>

<comp id="60" class="1001" name="const_60">
<pin_list>
<pin id="61" dir="1" index="0" bw="1" slack="0"/>
</pin_list>
<bind>
<StgValue><ssdm name=""/></StgValue>
</bind>
</comp>

<comp id="62" class="1001" name="const_62">
<pin_list>
<pin id="63" dir="1" index="0" bw="1" slack="0"/>
</pin_list>
<bind>
<StgValue><ssdm name=""/></StgValue>
</bind>
</comp>

<comp id="64" class="1001" name="const_64">
<pin_list>
<pin id="65" dir="1" index="0" bw="1" slack="0"/>
</pin_list>
<bind>
<StgValue><ssdm name="_ssdm_op_Write.ap_fifo.volatile.i64P"/></StgValue>
</bind>
</comp>

<comp id="66" class="1001" name="const_66">
<pin_list>
<pin id="67" dir="1" index="0" bw="1" slack="0"/>
</pin_list>
<bind>
<StgValue><ssdm name="_ssdm_op_PartSelect.i3.i12.i32.i32"/></StgValue>
</bind>
</comp>

<comp id="68" class="1001" name="const_68">
<pin_list>
<pin id="69" dir="1" index="0" bw="1" slack="0"/>
</pin_list>
<bind>
<StgValue><ssdm name=""/></StgValue>
</bind>
</comp>

<comp id="70" class="1001" name="const_70">
<pin_list>
<pin id="71" dir="1" index="0" bw="1" slack="0"/>
</pin_list>
<bind>
<StgValue><ssdm name=""/></StgValue>
</bind>
</comp>

<comp id="72" class="1001" name="const_72">
<pin_list>
<pin id="73" dir="1" index="0" bw="1" slack="0"/>
</pin_list>
<bind>
<StgValue><ssdm name=""/></StgValue>
</bind>
</comp>

<comp id="74" class="1001" name="const_74">
<pin_list>
<pin id="75" dir="1" index="0" bw="1" slack="0"/>
</pin_list>
<bind>
<StgValue><ssdm name="_ssdm_op_Read.axis.volatile.i64P"/></StgValue>
</bind>
</comp>

<comp id="76" class="1001" name="const_76">
<pin_list>
<pin id="77" dir="1" index="0" bw="1" slack="0"/>
</pin_list>
<bind>
<StgValue><ssdm name="_ssdm_op_PartSelect.i32.i64.i32.i32"/></StgValue>
</bind>
</comp>

<comp id="78" class="1001" name="const_78">
<pin_list>
<pin id="79" dir="1" index="0" bw="1" slack="0"/>
</pin_list>
<bind>
<StgValue><ssdm name=""/></StgValue>
</bind>
</comp>

<comp id="80" class="1001" name="const_80">
<pin_list>
<pin id="81" dir="1" index="0" bw="1" slack="0"/>
</pin_list>
<bind>
<StgValue><ssdm name=""/></StgValue>
</bind>
</comp>

<comp id="82" class="1001" name="const_82">
<pin_list>
<pin id="83" dir="1" index="0" bw="1" slack="0"/>
</pin_list>
<bind>
<StgValue><ssdm name=""/></StgValue>
</bind>
</comp>

<comp id="84" class="1001" name="const_84">
<pin_list>
<pin id="85" dir="1" index="0" bw="1" slack="0"/>
</pin_list>
<bind>
<StgValue><ssdm name="_ssdm_op_BitConcatenate.i64.i32.i32"/></StgValue>
</bind>
</comp>

<comp id="86" class="1004" name="stg_13_write_fu_86">
<pin_list>
<pin id="87" dir="0" index="0" bw="0" slack="0"/>
<pin id="88" dir="0" index="1" bw="16" slack="0"/>
<pin id="89" dir="0" index="2" bw="16" slack="0"/>
<pin id="90" dir="1" index="3" bw="0" slack="2147483647"/>
</pin_list>
<bind>
<opcode="write(1151) " fcode="write"/>
<opset="stg_13/1 "/>
</bind>
</comp>

<comp id="93" class="1004" name="stg_15_write_fu_93">
<pin_list>
<pin id="94" dir="0" index="0" bw="0" slack="0"/>
<pin id="95" dir="0" index="1" bw="16" slack="0"/>
<pin id="96" dir="0" index="2" bw="16" slack="0"/>
<pin id="97" dir="1" index="3" bw="0" slack="2147483647"/>
</pin_list>
<bind>
<opcode="write(1151) " fcode="write"/>
<opset="stg_15/1 "/>
</bind>
</comp>

<comp id="100" class="1004" name="stg_27_write_fu_100">
<pin_list>
<pin id="101" dir="0" index="0" bw="0" slack="0"/>
<pin id="102" dir="0" index="1" bw="64" slack="0"/>
<pin id="103" dir="0" index="2" bw="64" slack="0"/>
<pin id="104" dir="1" index="3" bw="0" slack="2147483647"/>
</pin_list>
<bind>
<opcode="write(1151) " fcode="write"/>
<opset="stg_27/3 "/>
</bind>
</comp>

<comp id="107" class="1004" name="in_read_read_fu_107">
<pin_list>
<pin id="108" dir="0" index="0" bw="64" slack="0"/>
<pin id="109" dir="0" index="1" bw="64" slack="0"/>
<pin id="110" dir="1" index="2" bw="64" slack="0"/>
</pin_list>
<bind>
<opcode="read(1150) " fcode="read"/>
<opset="in_read/3 "/>
</bind>
</comp>

<comp id="113" class="1004" name="grp_write_fu_113">
<pin_list>
<pin id="114" dir="0" index="0" bw="0" slack="0"/>
<pin id="115" dir="0" index="1" bw="64" slack="0"/>
<pin id="116" dir="0" index="2" bw="64" slack="0"/>
<pin id="117" dir="1" index="3" bw="0" slack="2147483647"/>
</pin_list>
<bind>
<opcode="write(1151) " fcode="write"/>
<opset="stg_34/3 stg_52/4 "/>
</bind>
</comp>

<comp id="121" class="1004" name="input_xn2_addr_gep_fu_121">
<pin_list>
<pin id="122" dir="0" index="0" bw="64" slack="0"/>
<pin id="123" dir="0" index="1" bw="1" slack="0"/>
<pin id="124" dir="0" index="2" bw="12" slack="0"/>
<pin id="125" dir="1" index="3" bw="11" slack="0"/>
</pin_list>
<bind>
<opcode="getelementptr(29) " fcode="getelementptr"/>
<opset="input_xn2_addr/2 "/>
</bind>
</comp>

<comp id="128" class="1004" name="grp_access_fu_128">
<pin_list>
<pin id="129" dir="0" index="0" bw="11" slack="0"/>
<pin id="130" dir="0" index="1" bw="64" slack="2147483647"/>
<pin id="131" dir="1" index="2" bw="64" slack="0"/>
</pin_list>
<bind>
<opcode="load(27) " fcode="load"/>
<opset="input_xn2_load/2 "/>
</bind>
</comp>

<comp id="134" class="1004" name="detector_tail_M_real_V_addr_1_gep_fu_134">
<pin_list>
<pin id="135" dir="0" index="0" bw="32" slack="0"/>
<pin id="136" dir="0" index="1" bw="1" slack="0"/>
<pin id="137" dir="0" index="2" bw="9" slack="0"/>
<pin id="138" dir="1" index="3" bw="9" slack="0"/>
</pin_list>
<bind>
<opcode="getelementptr(29) " fcode="getelementptr"/>
<opset="detector_tail_M_real_V_addr_1/3 "/>
</bind>
</comp>

<comp id="141" class="1004" name="grp_access_fu_141">
<pin_list>
<pin id="142" dir="0" index="0" bw="9" slack="0"/>
<pin id="143" dir="0" index="1" bw="32" slack="0"/>
<pin id="144" dir="1" index="2" bw="32" slack="0"/>
</pin_list>
<bind>
<opcode="load(27) store(28) " fcode="load"/>
<opset="stg_40/3 detector_tail_M_real_V_load/3 "/>
</bind>
</comp>

<comp id="146" class="1004" name="detector_tail_M_imag_V_addr_1_gep_fu_146">
<pin_list>
<pin id="147" dir="0" index="0" bw="32" slack="0"/>
<pin id="148" dir="0" index="1" bw="1" slack="0"/>
<pin id="149" dir="0" index="2" bw="9" slack="0"/>
<pin id="150" dir="1" index="3" bw="9" slack="0"/>
</pin_list>
<bind>
<opcode="getelementptr(29) " fcode="getelementptr"/>
<opset="detector_tail_M_imag_V_addr_1/3 "/>
</bind>
</comp>

<comp id="153" class="1004" name="grp_access_fu_153">
<pin_list>
<pin id="154" dir="0" index="0" bw="9" slack="0"/>
<pin id="155" dir="0" index="1" bw="32" slack="0"/>
<pin id="156" dir="1" index="2" bw="32" slack="0"/>
</pin_list>
<bind>
<opcode="load(27) store(28) " fcode="load"/>
<opset="stg_42/3 detector_tail_M_imag_V_load/3 "/>
</bind>
</comp>

<comp id="158" class="1004" name="detector_tail_M_real_V_addr_gep_fu_158">
<pin_list>
<pin id="159" dir="0" index="0" bw="32" slack="0"/>
<pin id="160" dir="0" index="1" bw="1" slack="0"/>
<pin id="161" dir="0" index="2" bw="12" slack="1"/>
<pin id="162" dir="1" index="3" bw="9" slack="0"/>
</pin_list>
<bind>
<opcode="getelementptr(29) " fcode="getelementptr"/>
<opset="detector_tail_M_real_V_addr/3 "/>
</bind>
</comp>

<comp id="166" class="1004" name="detector_tail_M_imag_V_addr_gep_fu_166">
<pin_list>
<pin id="167" dir="0" index="0" bw="32" slack="0"/>
<pin id="168" dir="0" index="1" bw="1" slack="0"/>
<pin id="169" dir="0" index="2" bw="12" slack="1"/>
<pin id="170" dir="1" index="3" bw="9" slack="0"/>
</pin_list>
<bind>
<opcode="getelementptr(29) " fcode="getelementptr"/>
<opset="detector_tail_M_imag_V_addr/3 "/>
</bind>
</comp>

<comp id="174" class="1005" name="i_reg_174">
<pin_list>
<pin id="175" dir="0" index="0" bw="12" slack="1"/>
<pin id="176" dir="1" index="1" bw="12" slack="1"/>
</pin_list>
<bind>
<opset="i (phireg) "/>
</bind>
</comp>

<comp id="178" class="1004" name="i_phi_fu_178">
<pin_list>
<pin id="179" dir="0" index="0" bw="1" slack="1"/>
<pin id="180" dir="0" index="1" bw="0" slack="2147483647"/>
<pin id="181" dir="0" index="2" bw="12" slack="0"/>
<pin id="182" dir="0" index="3" bw="0" slack="2147483647"/>
<pin id="183" dir="1" index="4" bw="12" slack="0"/>
</pin_list>
<bind>
<opcode="phi(47) " fcode="phi"/>
<opset="i/2 "/>
</bind>
</comp>

<comp id="187" class="1004" name="p_Result_s_fu_187">
<pin_list>
<pin id="188" dir="0" index="0" bw="16" slack="0"/>
<pin id="189" dir="0" index="1" bw="1" slack="0"/>
<pin id="190" dir="0" index="2" bw="13" slack="0"/>
<pin id="191" dir="0" index="3" bw="1" slack="0"/>
<pin id="192" dir="0" index="4" bw="5" slack="0"/>
<pin id="193" dir="1" index="5" bw="16" slack="0"/>
</pin_list>
<bind>
<opcode="partset(1003) " fcode="partset"/>
<opset="p_Result_s/1 "/>
</bind>
</comp>

<comp id="200" class="1004" name="p_Result_1_fu_200">
<pin_list>
<pin id="201" dir="0" index="0" bw="16" slack="0"/>
<pin id="202" dir="0" index="1" bw="1" slack="0"/>
<pin id="203" dir="0" index="2" bw="3" slack="0"/>
<pin id="204" dir="0" index="3" bw="1" slack="0"/>
<pin id="205" dir="0" index="4" bw="5" slack="0"/>
<pin id="206" dir="1" index="5" bw="16" slack="0"/>
</pin_list>
<bind>
<opcode="partset(1003) " fcode="partset"/>
<opset="p_Result_1/1 "/>
</bind>
</comp>

<comp id="213" class="1004" name="exitcond_fu_213">
<pin_list>
<pin id="214" dir="0" index="0" bw="12" slack="0"/>
<pin id="215" dir="0" index="1" bw="12" slack="0"/>
<pin id="216" dir="1" index="2" bw="1" slack="2147483647"/>
</pin_list>
<bind>
<opcode="icmp(45) " fcode="icmp"/>
<opset="exitcond/2 "/>
</bind>
</comp>

<comp id="219" class="1004" name="i_1_fu_219">
<pin_list>
<pin id="220" dir="0" index="0" bw="12" slack="0"/>
<pin id="221" dir="0" index="1" bw="1" slack="0"/>
<pin id="222" dir="1" index="2" bw="12" slack="0"/>
</pin_list>
<bind>
<opcode="add(8) " fcode="add"/>
<opset="i_1/2 "/>
</bind>
</comp>

<comp id="225" class="1004" name="tmp_fu_225">
<pin_list>
<pin id="226" dir="0" index="0" bw="12" slack="0"/>
<pin id="227" dir="1" index="1" bw="64" slack="0"/>
</pin_list>
<bind>
<opcode="zext(34) " fcode="zext"/>
<opset="tmp/2 "/>
</bind>
</comp>

<comp id="230" class="1004" name="tmp_5_fu_230">
<pin_list>
<pin id="231" dir="0" index="0" bw="3" slack="0"/>
<pin id="232" dir="0" index="1" bw="12" slack="1"/>
<pin id="233" dir="0" index="2" bw="5" slack="0"/>
<pin id="234" dir="0" index="3" bw="5" slack="0"/>
<pin id="235" dir="1" index="4" bw="3" slack="0"/>
</pin_list>
<bind>
<opcode="partselect(1002) " fcode="partselect"/>
<opset="tmp_5/3 "/>
</bind>
</comp>

<comp id="240" class="1004" name="icmp_fu_240">
<pin_list>
<pin id="241" dir="0" index="0" bw="3" slack="0"/>
<pin id="242" dir="0" index="1" bw="3" slack="0"/>
<pin id="243" dir="1" index="2" bw="1" slack="1"/>
</pin_list>
<bind>
<opcode="icmp(45) " fcode="icmp"/>
<opset="icmp/3 "/>
</bind>
</comp>

<comp id="246" class="1004" name="tmp_7_fu_246">
<pin_list>
<pin id="247" dir="0" index="0" bw="64" slack="0"/>
<pin id="248" dir="1" index="1" bw="32" slack="0"/>
</pin_list>
<bind>
<opcode="trunc(33) " fcode="trunc"/>
<opset="tmp_7/3 "/>
</bind>
</comp>

<comp id="251" class="1004" name="in_M_imag_V_load_new_fu_251">
<pin_list>
<pin id="252" dir="0" index="0" bw="32" slack="0"/>
<pin id="253" dir="0" index="1" bw="64" slack="0"/>
<pin id="254" dir="0" index="2" bw="7" slack="0"/>
<pin id="255" dir="0" index="3" bw="7" slack="0"/>
<pin id="256" dir="1" index="4" bw="32" slack="0"/>
</pin_list>
<bind>
<opcode="partselect(1002) " fcode="partselect"/>
<opset="in_M_imag_V_load_new/3 "/>
</bind>
</comp>

<comp id="262" class="1004" name="tmp_4_fu_262">
<pin_list>
<pin id="263" dir="0" index="0" bw="12" slack="1"/>
<pin id="264" dir="0" index="1" bw="12" slack="0"/>
<pin id="265" dir="1" index="2" bw="1" slack="2147483647"/>
</pin_list>
<bind>
<opcode="icmp(45) " fcode="icmp"/>
<opset="tmp_4/3 "/>
</bind>
</comp>

<comp id="268" class="1004" name="tmp_8_fu_268">
<pin_list>
<pin id="269" dir="0" index="0" bw="12" slack="1"/>
<pin id="270" dir="1" index="1" bw="9" slack="0"/>
</pin_list>
<bind>
<opcode="trunc(33) " fcode="trunc"/>
<opset="tmp_8/3 "/>
</bind>
</comp>

<comp id="272" class="1004" name="tmp_6_fu_272">
<pin_list>
<pin id="273" dir="0" index="0" bw="9" slack="0"/>
<pin id="274" dir="1" index="1" bw="64" slack="0"/>
</pin_list>
<bind>
<opcode="zext(34) " fcode="zext"/>
<opset="tmp_6/3 "/>
</bind>
</comp>

<comp id="278" class="1004" name="output_xn1_M_imag_V_addr_fu_278">
<pin_list>
<pin id="279" dir="0" index="0" bw="64" slack="0"/>
<pin id="280" dir="0" index="1" bw="32" slack="0"/>
<pin id="281" dir="0" index="2" bw="32" slack="0"/>
<pin id="282" dir="1" index="3" bw="64" slack="0"/>
</pin_list>
<bind>
<opcode="bitconcatenate(1004) " fcode="bitconcatenate"/>
<opset="output_xn1_M_imag_V_addr/4 "/>
</bind>
</comp>

<comp id="290" class="1005" name="i_1_reg_290">
<pin_list>
<pin id="291" dir="0" index="0" bw="12" slack="0"/>
<pin id="292" dir="1" index="1" bw="12" slack="0"/>
</pin_list>
<bind>
<opset="i_1 "/>
</bind>
</comp>

<comp id="295" class="1005" name="tmp_reg_295">
<pin_list>
<pin id="296" dir="0" index="0" bw="64" slack="1"/>
<pin id="297" dir="1" index="1" bw="64" slack="1"/>
</pin_list>
<bind>
<opset="tmp "/>
</bind>
</comp>

<comp id="301" class="1005" name="input_xn2_addr_reg_301">
<pin_list>
<pin id="302" dir="0" index="0" bw="11" slack="1"/>
<pin id="303" dir="1" index="1" bw="11" slack="1"/>
</pin_list>
<bind>
<opset="input_xn2_addr "/>
</bind>
</comp>

<comp id="306" class="1005" name="icmp_reg_306">
<pin_list>
<pin id="307" dir="0" index="0" bw="1" slack="1"/>
<pin id="308" dir="1" index="1" bw="1" slack="2147483647"/>
</pin_list>
<bind>
<opset="icmp "/>
</bind>
</comp>

<comp id="313" class="1005" name="detector_tail_M_real_V_addr_reg_313">
<pin_list>
<pin id="314" dir="0" index="0" bw="9" slack="1"/>
<pin id="315" dir="1" index="1" bw="9" slack="1"/>
</pin_list>
<bind>
<opset="detector_tail_M_real_V_addr "/>
</bind>
</comp>

<comp id="318" class="1005" name="detector_tail_M_imag_V_addr_reg_318">
<pin_list>
<pin id="319" dir="0" index="0" bw="9" slack="1"/>
<pin id="320" dir="1" index="1" bw="9" slack="1"/>
</pin_list>
<bind>
<opset="detector_tail_M_imag_V_addr "/>
</bind>
</comp>

</comp_list>

<net_list>
<net id="91"><net_src comp="48" pin="0"/><net_sink comp="86" pin=0"/></net>

<net id="92"><net_src comp="0" pin="0"/><net_sink comp="86" pin=1"/></net>

<net id="98"><net_src comp="48" pin="0"/><net_sink comp="93" pin=0"/></net>

<net id="99"><net_src comp="2" pin="0"/><net_sink comp="93" pin=1"/></net>

<net id="105"><net_src comp="64" pin="0"/><net_sink comp="100" pin=0"/></net>

<net id="106"><net_src comp="10" pin="0"/><net_sink comp="100" pin=1"/></net>

<net id="111"><net_src comp="74" pin="0"/><net_sink comp="107" pin=0"/></net>

<net id="112"><net_src comp="4" pin="0"/><net_sink comp="107" pin=1"/></net>

<net id="118"><net_src comp="64" pin="0"/><net_sink comp="113" pin=0"/></net>

<net id="119"><net_src comp="8" pin="0"/><net_sink comp="113" pin=1"/></net>

<net id="120"><net_src comp="107" pin="2"/><net_sink comp="113" pin=2"/></net>

<net id="126"><net_src comp="6" pin="0"/><net_sink comp="121" pin=0"/></net>

<net id="127"><net_src comp="62" pin="0"/><net_sink comp="121" pin=1"/></net>

<net id="132"><net_src comp="128" pin="2"/><net_sink comp="100" pin=2"/></net>

<net id="133"><net_src comp="121" pin="3"/><net_sink comp="128" pin=0"/></net>

<net id="139"><net_src comp="12" pin="0"/><net_sink comp="134" pin=0"/></net>

<net id="140"><net_src comp="62" pin="0"/><net_sink comp="134" pin=1"/></net>

<net id="145"><net_src comp="134" pin="3"/><net_sink comp="141" pin=0"/></net>

<net id="151"><net_src comp="14" pin="0"/><net_sink comp="146" pin=0"/></net>

<net id="152"><net_src comp="62" pin="0"/><net_sink comp="146" pin=1"/></net>

<net id="157"><net_src comp="146" pin="3"/><net_sink comp="153" pin=0"/></net>

<net id="163"><net_src comp="12" pin="0"/><net_sink comp="158" pin=0"/></net>

<net id="164"><net_src comp="62" pin="0"/><net_sink comp="158" pin=1"/></net>

<net id="165"><net_src comp="158" pin="3"/><net_sink comp="141" pin=0"/></net>

<net id="171"><net_src comp="14" pin="0"/><net_sink comp="166" pin=0"/></net>

<net id="172"><net_src comp="62" pin="0"/><net_sink comp="166" pin=1"/></net>

<net id="173"><net_src comp="166" pin="3"/><net_sink comp="153" pin=0"/></net>

<net id="177"><net_src comp="52" pin="0"/><net_sink comp="174" pin=0"/></net>

<net id="184"><net_src comp="174" pin="1"/><net_sink comp="178" pin=0"/></net>

<net id="185"><net_src comp="178" pin="4"/><net_sink comp="174" pin=0"/></net>

<net id="194"><net_src comp="40" pin="0"/><net_sink comp="187" pin=0"/></net>

<net id="195"><net_src comp="42" pin="0"/><net_sink comp="187" pin=1"/></net>

<net id="196"><net_src comp="44" pin="0"/><net_sink comp="187" pin=2"/></net>

<net id="197"><net_src comp="20" pin="0"/><net_sink comp="187" pin=3"/></net>

<net id="198"><net_src comp="46" pin="0"/><net_sink comp="187" pin=4"/></net>

<net id="199"><net_src comp="187" pin="5"/><net_sink comp="86" pin=2"/></net>

<net id="207"><net_src comp="40" pin="0"/><net_sink comp="200" pin=0"/></net>

<net id="208"><net_src comp="42" pin="0"/><net_sink comp="200" pin=1"/></net>

<net id="209"><net_src comp="50" pin="0"/><net_sink comp="200" pin=2"/></net>

<net id="210"><net_src comp="20" pin="0"/><net_sink comp="200" pin=3"/></net>

<net id="211"><net_src comp="46" pin="0"/><net_sink comp="200" pin=4"/></net>

<net id="212"><net_src comp="200" pin="5"/><net_sink comp="93" pin=2"/></net>

<net id="217"><net_src comp="178" pin="4"/><net_sink comp="213" pin=0"/></net>

<net id="218"><net_src comp="54" pin="0"/><net_sink comp="213" pin=1"/></net>

<net id="223"><net_src comp="178" pin="4"/><net_sink comp="219" pin=0"/></net>

<net id="224"><net_src comp="60" pin="0"/><net_sink comp="219" pin=1"/></net>

<net id="228"><net_src comp="178" pin="4"/><net_sink comp="225" pin=0"/></net>

<net id="229"><net_src comp="225" pin="1"/><net_sink comp="121" pin=2"/></net>

<net id="236"><net_src comp="66" pin="0"/><net_sink comp="230" pin=0"/></net>

<net id="237"><net_src comp="174" pin="1"/><net_sink comp="230" pin=1"/></net>

<net id="238"><net_src comp="68" pin="0"/><net_sink comp="230" pin=2"/></net>

<net id="239"><net_src comp="70" pin="0"/><net_sink comp="230" pin=3"/></net>

<net id="244"><net_src comp="230" pin="4"/><net_sink comp="240" pin=0"/></net>

<net id="245"><net_src comp="72" pin="0"/><net_sink comp="240" pin=1"/></net>

<net id="249"><net_src comp="107" pin="2"/><net_sink comp="246" pin=0"/></net>

<net id="250"><net_src comp="246" pin="1"/><net_sink comp="141" pin=1"/></net>

<net id="257"><net_src comp="76" pin="0"/><net_sink comp="251" pin=0"/></net>

<net id="258"><net_src comp="107" pin="2"/><net_sink comp="251" pin=1"/></net>

<net id="259"><net_src comp="78" pin="0"/><net_sink comp="251" pin=2"/></net>

<net id="260"><net_src comp="80" pin="0"/><net_sink comp="251" pin=3"/></net>

<net id="261"><net_src comp="251" pin="4"/><net_sink comp="153" pin=1"/></net>

<net id="266"><net_src comp="174" pin="1"/><net_sink comp="262" pin=0"/></net>

<net id="267"><net_src comp="82" pin="0"/><net_sink comp="262" pin=1"/></net>

<net id="271"><net_src comp="174" pin="1"/><net_sink comp="268" pin=0"/></net>

<net id="275"><net_src comp="268" pin="1"/><net_sink comp="272" pin=0"/></net>

<net id="276"><net_src comp="272" pin="1"/><net_sink comp="134" pin=2"/></net>

<net id="277"><net_src comp="272" pin="1"/><net_sink comp="146" pin=2"/></net>

<net id="283"><net_src comp="84" pin="0"/><net_sink comp="278" pin=0"/></net>

<net id="284"><net_src comp="153" pin="2"/><net_sink comp="278" pin=1"/></net>

<net id="285"><net_src comp="141" pin="2"/><net_sink comp="278" pin=2"/></net>

<net id="286"><net_src comp="278" pin="3"/><net_sink comp="113" pin=2"/></net>

<net id="293"><net_src comp="219" pin="2"/><net_sink comp="290" pin=0"/></net>

<net id="294"><net_src comp="290" pin="1"/><net_sink comp="178" pin=2"/></net>

<net id="298"><net_src comp="225" pin="1"/><net_sink comp="295" pin=0"/></net>

<net id="299"><net_src comp="295" pin="1"/><net_sink comp="158" pin=2"/></net>

<net id="300"><net_src comp="295" pin="1"/><net_sink comp="166" pin=2"/></net>

<net id="304"><net_src comp="121" pin="3"/><net_sink comp="301" pin=0"/></net>

<net id="305"><net_src comp="301" pin="1"/><net_sink comp="128" pin=0"/></net>

<net id="309"><net_src comp="240" pin="2"/><net_sink comp="306" pin=0"/></net>

<net id="316"><net_src comp="158" pin="3"/><net_sink comp="313" pin=0"/></net>

<net id="317"><net_src comp="313" pin="1"/><net_sink comp="141" pin=0"/></net>

<net id="321"><net_src comp="166" pin="3"/><net_sink comp="318" pin=0"/></net>

<net id="322"><net_src comp="318" pin="1"/><net_sink comp="153" pin=0"/></net>

</net_list>

</model> 
---------------- Datapath Model END ------------------

* FSMD analyzer results:
  - Output states:
	Port: config_fwd_data_V | {1 }
	Port: config_inv_data_V | {1 }
	Port: in_r | {}
	Port: input_xn2 | {}
	Port: output_xn1 | {3 4 }
	Port: output_xn2 | {3 }
	Port: detector_tail_M_real_V | {}
	Port: detector_tail_M_imag_V | {}
  - Chain level:
	State 1
		stg_13 : 1
		stg_15 : 1
	State 2
		exitcond : 1
		i_1 : 1
		stg_21 : 2
		tmp : 1
		input_xn2_addr : 2
		input_xn2_load : 3
	State 3
		stg_27 : 1
		icmp : 1
		stg_30 : 2
		stg_36 : 1
		tmp_6 : 1
		detector_tail_M_real_V_addr_1 : 2
		stg_40 : 3
		detector_tail_M_imag_V_addr_1 : 2
		stg_42 : 3
		detector_tail_M_real_V_load : 1
		detector_tail_M_imag_V_load : 1
	State 4
		output_xn1_M_imag_V_addr : 1
		stg_52 : 2


============================================================
+ Verbose Summary: Datapath Resource usage 
============================================================

* Functional unit list:
|----------|---------------------------------|---------|---------|
| Operation|         Functional Unit         |    FF   |   LUT   |
|----------|---------------------------------|---------|---------|
|          |         exitcond_fu_213         |    0    |    12   |
|   icmp   |           icmp_fu_240           |    0    |    2    |
|          |           tmp_4_fu_262          |    0    |    12   |
|----------|---------------------------------|---------|---------|
|    add   |            i_1_fu_219           |    0    |    12   |
|----------|---------------------------------|---------|---------|
|          |        stg_13_write_fu_86       |    0    |    0    |
|   write  |        stg_15_write_fu_93       |    0    |    0    |
|          |       stg_27_write_fu_100       |    0    |    0    |
|          |         grp_write_fu_113        |    0    |    0    |
|----------|---------------------------------|---------|---------|
|   read   |       in_read_read_fu_107       |    0    |    0    |
|----------|---------------------------------|---------|---------|
|  partset |        p_Result_s_fu_187        |    0    |    0    |
|          |        p_Result_1_fu_200        |    0    |    0    |
|----------|---------------------------------|---------|---------|
|   zext   |            tmp_fu_225           |    0    |    0    |
|          |           tmp_6_fu_272          |    0    |    0    |
|----------|---------------------------------|---------|---------|
|partselect|           tmp_5_fu_230          |    0    |    0    |
|          |   in_M_imag_V_load_new_fu_251   |    0    |    0    |
|----------|---------------------------------|---------|---------|
|   trunc  |           tmp_7_fu_246          |    0    |    0    |
|          |           tmp_8_fu_268          |    0    |    0    |
|----------|---------------------------------|---------|---------|
|bitconcatenate| output_xn1_M_imag_V_addr_fu_278 |    0    |    0    |
|----------|---------------------------------|---------|---------|
|   Total  |                                 |    0    |    38   |
|----------|---------------------------------|---------|---------|

Memories:
N/A

* Register list:
+-----------------------------------+--------+
|                                   |   FF   |
+-----------------------------------+--------+
|detector_tail_M_imag_V_addr_reg_318|    9   |
|detector_tail_M_real_V_addr_reg_313|    9   |
|            i_1_reg_290            |   12   |
|             i_reg_174             |   12   |
|            icmp_reg_306           |    1   |
|       input_xn2_addr_reg_301      |   11   |
|            tmp_reg_295            |   64   |
+-----------------------------------+--------+
|               Total               |   118  |
+-----------------------------------+--------+

* Multiplexer (MUX) list: 
|-------------------|------|------|------|--------||---------||---------|
|        Comp       |  Pin | Size |  BW  | S x BW ||  Delay  ||   LUT   |
|-------------------|------|------|------|--------||---------||---------|
|  grp_write_fu_113 |  p2  |   2  |  64  |   128  ||    64   |
| grp_access_fu_128 |  p0  |   2  |  11  |   22   ||    11   |
| grp_access_fu_141 |  p0  |   3  |   9  |   27   ||    9    |
| grp_access_fu_153 |  p0  |   3  |   9  |   27   ||    9    |
|     i_reg_174     |  p0  |   2  |  12  |   24   ||    12   |
|-------------------|------|------|------|--------||---------||---------|
|       Total       |      |      |      |   228  ||   4.46  ||   105   |
|-------------------|------|------|------|--------||---------||---------|



* Summary:
+-----------+--------+--------+--------+
|           |  Delay |   FF   |   LUT  |
+-----------+--------+--------+--------+
|  Function |    -   |    0   |   38   |
|   Memory  |    -   |    -   |    -   |
|Multiplexer|    4   |    -   |   105  |
|  Register |    -   |   118  |    -   |
+-----------+--------+--------+--------+
|   Total   |    4   |   118  |   143  |
+-----------+--------+--------+--------+
