

================================================================
== Vivado HLS Report for 'filter_top'
================================================================
* Date:           Tue Mar 27 16:17:49 2018

* Version:        2014.4 (Build 1071461 on Tue Nov 18 16:42:57 PM 2014)
* Project:        fft_filter_hlsprj
* Solution:       solution5_axi_no_ap_ctrl
* Product family: kintex7
* Target device:  xc7k410tffg900-2


================================================================
== Performance Estimates
================================================================
+ Timing (ns): 
    * Summary: 
    +---------+-------+----------+------------+
    |  Clock  | Target| Estimated| Uncertainty|
    +---------+-------+----------+------------+
    |default  |   5.00|      4.38|        0.62|
    +---------+-------+----------+------------+

+ Latency (clock cycles): 
    * Summary: 
    +------+------+------+------+----------+
    |   Latency   |   Interval  | Pipeline |
    |  min |  max |  min |  max |   Type   |
    +------+------+------+------+----------+
    |  6278|  6278|  6279|  6279| dataflow |
    +------+------+------+------+----------+

    + Detail: 
        * Instance: 
        +-------------------------------------+--------------------------+------+------+------+------+---------+
        |                                     |                          |   Latency   |   Interval  | Pipeline|
        |               Instance              |          Module          |  min |  max |  min |  max |   Type  |
        +-------------------------------------+--------------------------+------+------+------+------+---------+
        |grp_filter_top_dummy_proc_fe_fu_143  |filter_top_dummy_proc_fe  |  6145|  6145|  6145|  6145|   none  |
        |grp_fft_config1_s_fu_159             |fft_config1_s             |  6278|  6278|  6278|  6278|   none  |
        |grp_fft_config2_s_fu_167             |fft_config2_s             |  6278|  6278|  6278|  6278|   none  |
        |grp_filter_top_dummy_proc_be_fu_131  |filter_top_dummy_proc_be  |  2058|  2058|  2058|  2058|   none  |
        +-------------------------------------+--------------------------+------+------+------+------+---------+

        * Loop: 
        N/A



================================================================
== Utilization Estimates
================================================================
* Summary: 
+-----------------+---------+-------+--------+--------+
|       Name      | BRAM_18K| DSP48E|   FF   |   LUT  |
+-----------------+---------+-------+--------+--------+
|Expression       |        -|      -|       -|       -|
|FIFO             |       24|      -|     478|     704|
|Instance         |       34|     96|   36194|   29339|
|Memory           |        -|      -|       -|       -|
|Multiplexer      |        -|      -|       -|       -|
|Register         |        -|      -|       3|       -|
+-----------------+---------+-------+--------+--------+
|Total            |       58|     96|   36675|   30043|
+-----------------+---------+-------+--------+--------+
|Available        |     1590|   1540|  508400|  254200|
+-----------------+---------+-------+--------+--------+
|Utilization (%)  |        3|      6|       7|      11|
+-----------------+---------+-------+--------+--------+

+ Detail: 
    * Instance: 
    +-----------------------------+--------------------------+---------+-------+-------+-------+
    |           Instance          |          Module          | BRAM_18K| DSP48E|   FF  |  LUT  |
    +-----------------------------+--------------------------+---------+-------+-------+-------+
    |fft_config1_U0               |fft_config1_s             |       16|     40|  17987|  14499|
    |fft_config2_U0               |fft_config2_s             |       16|     40|  17987|  14499|
    |filter_top_dummy_proc_be_U0  |filter_top_dummy_proc_be  |        0|     16|    178|    199|
    |filter_top_dummy_proc_fe_U0  |filter_top_dummy_proc_fe  |        2|      0|     42|    142|
    +-----------------------------+--------------------------+---------+-------+-------+-------+
    |Total                        |                          |       34|     96|  36194|  29339|
    +-----------------------------+--------------------------+---------+-------+-------+-------+

    * Memory: 
    N/A

    * FIFO: 
    +-------------------------+---------+-----+-----+------+-----+---------+
    |           Name          | BRAM_18K|  FF | LUT | Depth| Bits| Size:D*B|
    +-------------------------+---------+-----+-----+------+-----+---------+
    |fft_config_fwd_data_V_U  |        2|   64|  132|  2048|   16|    32768|
    |fft_config_inv_data_V_U  |        2|   64|  132|  2048|   16|    32768|
    |xk2_channel_U            |        4|   83|   93|    64|   64|     4096|
    |xk_channel_U             |        4|   83|   93|    64|   64|     4096|
    |xn2_channel_U            |        4|   83|   93|    64|   64|     4096|
    |xn_channel_U             |        8|  101|  161|  1344|   64|    86016|
    +-------------------------+---------+-----+-----+------+-----+---------+
    |Total                    |       24|  478|  704|  5632|  288|   163840|
    +-------------------------+---------+-----+-----+------+-----+---------+

    * Expression: 
    N/A

    * Multiplexer: 
    N/A

    * Register: 
    +-------------------------+---+----+-----+-----------+
    |           Name          | FF| LUT| Bits| Const Bits|
    +-------------------------+---+----+-----+-----------+
    |ap_CS                    |  1|   0|    1|          0|
    |fft_config1_U0_ap_start  |  1|   0|    1|          0|
    |fft_config2_U0_ap_start  |  1|   0|    1|          0|
    +-------------------------+---+----+-----+-----------+
    |Total                    |  3|   0|    3|          0|
    +-------------------------+---+----+-----+-----------+



================================================================
== Interface
================================================================
* Summary: 
+-----------------+-----+-----+--------------+--------------+--------------+
|    RTL Ports    | Dir | Bits|   Protocol   | Source Object|    C Type    |
+-----------------+-----+-----+--------------+--------------+--------------+
|coefs_address0   | out |   11|   ap_memory  |     coefs    |     array    |
|coefs_ce0        | out |    1|   ap_memory  |     coefs    |     array    |
|coefs_d0         | out |   64|   ap_memory  |     coefs    |     array    |
|coefs_q0         |  in |   64|   ap_memory  |     coefs    |     array    |
|coefs_we0        | out |    1|   ap_memory  |     coefs    |     array    |
|ap_ce            |  in |    1| ap_ctrl_none |  filter_top  | return value |
|ap_clk           |  in |    1| ap_ctrl_none |  filter_top  | return value |
|ap_rst_n         |  in |    1| ap_ctrl_none |  filter_top  | return value |
|in_r_TDATA       |  in |   64|     axis     |     in_r     |    pointer   |
|in_r_TVALID      |  in |    1|     axis     |     in_r     |    pointer   |
|in_r_TREADY      | out |    1|     axis     |     in_r     |    pointer   |
|inxn2_address0   | out |   11|   ap_memory  |     inxn2    |     array    |
|inxn2_ce0        | out |    1|   ap_memory  |     inxn2    |     array    |
|inxn2_d0         | out |   64|   ap_memory  |     inxn2    |     array    |
|inxn2_q0         |  in |   64|   ap_memory  |     inxn2    |     array    |
|inxn2_we0        | out |    1|   ap_memory  |     inxn2    |     array    |
|outxk1_address0  | out |   11|   ap_memory  |    outxk1    |     array    |
|outxk1_ce0       | out |    1|   ap_memory  |    outxk1    |     array    |
|outxk1_d0        | out |   64|   ap_memory  |    outxk1    |     array    |
|outxk1_q0        |  in |   64|   ap_memory  |    outxk1    |     array    |
|outxk1_we0       | out |    1|   ap_memory  |    outxk1    |     array    |
|out_r_TDATA      | out |   64|     axis     |     out_r    |    pointer   |
|out_r_TVALID     | out |    1|     axis     |     out_r    |    pointer   |
|out_r_TREADY     |  in |    1|     axis     |     out_r    |    pointer   |
+-----------------+-----+-----+--------------+--------------+--------------+

============================================================
+ Verbose Summary: Synthesis Manager
============================================================
InlineROM: 1
ExposeGlobal: 0
============================================================
+ Verbose Summary: CDFG Model
============================================================
IsTopModel: 1
ResetActiveHigh: 1
IsCombinational: 2
IsDatapathOnly: 2
HasWiredReturn: 1
HasMFsm: 0
HasVarLatency: 1
IsPipeline: 0
IsRtlPipelined: 0
IsInstanceOverlapped: 0
IsDontTouch: 0
HasImplIP: 0
IsGatedGlobalClock: 0


============================================================
+ Verbose Summary: Schedule
============================================================
* Number of FSM states: 6
* Pipeline: 0
* Dataflow Pipeline: 1
  DF-Pipeline-0: Size = 6, States = { 1 2 3 4 5 6 }

* FSM state transitions: 
1 --> 
	2  / true
2 --> 
	3  / true
3 --> 
	4  / true
4 --> 
	5  / true
5 --> 
	6  / true
6 --> 
* FSM state operations: 

 <State 1>: 2.39ns
ST_1: fft_config_inv_data_V [1/1] 0.00ns
.preheader51.preheader:0  %fft_config_inv_data_V = alloca i16, align 2

ST_1: fft_config_fwd_data_V [1/1] 0.00ns
.preheader51.preheader:1  %fft_config_fwd_data_V = alloca i16, align 2

ST_1: xn2_channel [1/1] 0.00ns
.preheader51.preheader:8  %xn2_channel = alloca i64, align 8

ST_1: xn_channel [1/1] 0.00ns
.preheader51.preheader:9  %xn_channel = alloca i64, align 8

ST_1: xk2_channel [1/1] 0.00ns
.preheader51.preheader:10  %xk2_channel = alloca i64, align 8

ST_1: xk_channel [1/1] 0.00ns
.preheader51.preheader:11  %xk_channel = alloca i64, align 8

ST_1: fft_status_fwd_data_V [1/1] 0.00ns
.preheader51.preheader:13  %fft_status_fwd_data_V = alloca i8, align 1

ST_1: fft_status_inv_data_V [1/1] 0.00ns
.preheader51.preheader:14  %fft_status_inv_data_V = alloca i8, align 1

ST_1: stg_15 [2/2] 2.39ns
.preheader51.preheader:24  call fastcc void @filter_top_dummy_proc_fe(i16* %fft_config_fwd_data_V, i16* %fft_config_inv_data_V, i64* %in_r, [2048 x i64]* %inxn2, i64* %xn_channel, i64* %xn2_channel)


 <State 2>: 0.00ns
ST_2: stg_16 [1/2] 0.00ns
.preheader51.preheader:24  call fastcc void @filter_top_dummy_proc_fe(i16* %fft_config_fwd_data_V, i16* %fft_config_inv_data_V, i64* %in_r, [2048 x i64]* %inxn2, i64* %xn_channel, i64* %xn2_channel)


 <State 3>: 4.38ns
ST_3: stg_17 [2/2] 4.38ns
.preheader51.preheader:29  call void @"fft<config1>"(i64* %xn_channel, i64* %xk_channel, i8* %fft_status_fwd_data_V, i16* %fft_config_fwd_data_V)

ST_3: stg_18 [2/2] 4.38ns
.preheader51.preheader:34  call void @"fft<config2>"(i64* %xn2_channel, i64* %xk2_channel, i8* %fft_status_inv_data_V, i16* %fft_config_inv_data_V)


 <State 4>: 4.38ns
ST_4: stg_19 [1/2] 4.38ns
.preheader51.preheader:29  call void @"fft<config1>"(i64* %xn_channel, i64* %xk_channel, i8* %fft_status_fwd_data_V, i16* %fft_config_fwd_data_V)

ST_4: stg_20 [1/2] 4.38ns
.preheader51.preheader:34  call void @"fft<config2>"(i64* %xn2_channel, i64* %xk2_channel, i8* %fft_status_inv_data_V, i16* %fft_config_inv_data_V)


 <State 5>: 0.00ns
ST_5: stg_21 [2/2] 0.00ns
.preheader51.preheader:39  call fastcc void @filter_top_dummy_proc_be([2048 x i64]* %coefs, i64* %xk_channel, i64* %xk2_channel, [2048 x i64]* %outxk1, i64* %out_r)


 <State 6>: 1.79ns
ST_6: stg_22 [1/1] 0.00ns
.preheader51.preheader:2  call void (...)* @_ssdm_op_SpecDataflowPipeline(i32 -1, [1 x i8]* @p_str1) nounwind

ST_6: stg_23 [1/1] 0.00ns
.preheader51.preheader:3  call void (...)* @_ssdm_op_SpecBitsMap([2048 x i64]* %coefs), !map !7

ST_6: stg_24 [1/1] 0.00ns
.preheader51.preheader:4  call void (...)* @_ssdm_op_SpecBitsMap([2048 x i64]* %outxk1), !map !16

ST_6: stg_25 [1/1] 0.00ns
.preheader51.preheader:5  call void (...)* @_ssdm_op_SpecBitsMap([2048 x i64]* %inxn2), !map !23

ST_6: stg_26 [1/1] 0.00ns
.preheader51.preheader:6  call void (...)* @_ssdm_op_SpecBitsMap(i64* %in_r), !map !30

ST_6: stg_27 [1/1] 0.00ns
.preheader51.preheader:7  call void (...)* @_ssdm_op_SpecBitsMap(i64* %out_r), !map !39

ST_6: stg_28 [1/1] 0.00ns
.preheader51.preheader:12  call void (...)* @_ssdm_op_SpecTopModule([11 x i8]* @str) nounwind

ST_6: stg_29 [1/1] 0.00ns
.preheader51.preheader:15  call void (...)* @_ssdm_op_SpecInterface(i32 0, [16 x i8]* @p_str2, i32 0, i32 0, i32 0, i32 0, [1 x i8]* @p_str1, [1 x i8]* @p_str1, [1 x i8]* @p_str1) nounwind

ST_6: stg_30 [1/1] 0.00ns
.preheader51.preheader:16  call void (...)* @_ssdm_op_SpecInterface([2048 x i64]* %coefs, [10 x i8]* @p_str3, i32 0, i32 0, i32 0, i32 0, [1 x i8]* @p_str1, [1 x i8]* @p_str1, [1 x i8]* @p_str1) nounwind

ST_6: stg_31 [1/1] 0.00ns
.preheader51.preheader:17  call void (...)* @_ssdm_op_SpecInterface(i64* %out_r, [5 x i8]* @p_str4, i32 0, i32 0, i32 0, i32 0, [1 x i8]* @p_str1, [1 x i8]* @p_str1, [1 x i8]* @p_str1)

ST_6: stg_32 [1/1] 0.00ns
.preheader51.preheader:18  call void (...)* @_ssdm_op_SpecInterface(i64* %in_r, [5 x i8]* @p_str4, i32 0, i32 0, i32 0, i32 0, [1 x i8]* @p_str1, [1 x i8]* @p_str1, [1 x i8]* @p_str1)

ST_6: stg_33 [1/1] 0.00ns
.preheader51.preheader:19  call void (...)* @_ssdm_op_SpecInterface([2048 x i64]* %outxk1, [10 x i8]* @p_str3, i32 0, i32 0, i32 0, i32 0, [1 x i8]* @p_str1, [1 x i8]* @p_str1, [1 x i8]* @p_str1) nounwind

ST_6: stg_34 [1/1] 0.00ns
.preheader51.preheader:20  call void (...)* @_ssdm_op_SpecMemCore([2048 x i64]* %outxk1, [1 x i8]* @p_str1, [7 x i8]* @p_str5, [1 x i8]* @p_str1, i32 -1, [1 x i8]* @p_str1, [1 x i8]* @p_str1, [1 x i8]* @p_str1)

ST_6: stg_35 [1/1] 0.00ns
.preheader51.preheader:21  call void (...)* @_ssdm_op_SpecMemCore([2048 x i64]* %inxn2, [1 x i8]* @p_str1, [12 x i8]* @p_str6, [1 x i8]* @p_str1, i32 -1, [1 x i8]* @p_str1, [1 x i8]* @p_str1, [1 x i8]* @p_str1)

ST_6: stg_36 [1/1] 0.00ns
.preheader51.preheader:22  call void (...)* @_ssdm_op_SpecInterface([2048 x i64]* %inxn2, [10 x i8]* @p_str3, i32 0, i32 0, i32 0, i32 0, [1 x i8]* @p_str1, [1 x i8]* @p_str1, [1 x i8]* @p_str1) nounwind

ST_6: stg_37 [1/1] 0.00ns
.preheader51.preheader:23  call void (...)* @_ssdm_op_SpecMemCore([2048 x i64]* %coefs, [1 x i8]* @p_str1, [12 x i8]* @p_str6, [1 x i8]* @p_str1, i32 -1, [1 x i8]* @p_str1, [1 x i8]* @p_str1, [1 x i8]* @p_str1)

ST_6: empty [1/1] 0.00ns
.preheader51.preheader:25  %empty = call i32 (...)* @_ssdm_op_SpecChannel([30 x i8]* @str62, i32 1, [1 x i8]* @str63, [1 x i8]* @str63, i32 2048, i32 0, i16* %fft_config_fwd_data_V, i16* %fft_config_fwd_data_V)

ST_6: stg_39 [1/1] 0.00ns
.preheader51.preheader:26  call void (...)* @_ssdm_op_SpecInterface(i16* %fft_config_fwd_data_V, [8 x i8]* @str64, i32 0, i32 0, i32 0, i32 0, [8 x i8]* @str64, [8 x i8]* @str64, [8 x i8]* @str64)

ST_6: empty_27 [1/1] 0.00ns
.preheader51.preheader:27  %empty_27 = call i32 (...)* @_ssdm_op_SpecChannel([3 x i8]* @str68, i32 1, [1 x i8]* @str69, [1 x i8]* @str69, i32 1344, i32 2048, i64* %xn_channel, i64* %xn_channel)

ST_6: stg_41 [1/1] 0.00ns
.preheader51.preheader:28  call void (...)* @_ssdm_op_SpecInterface(i64* %xn_channel, [8 x i8]* @str70, i32 0, i32 0, i32 0, i32 0, [8 x i8]* @str70, [8 x i8]* @str70, [8 x i8]* @str70)

ST_6: empty_28 [1/1] 0.00ns
.preheader51.preheader:30  %empty_28 = call i32 (...)* @_ssdm_op_SpecChannel([30 x i8]* @str65, i32 1, [1 x i8]* @str66, [1 x i8]* @str66, i32 2048, i32 0, i16* %fft_config_inv_data_V, i16* %fft_config_inv_data_V)

ST_6: stg_43 [1/1] 0.00ns
.preheader51.preheader:31  call void (...)* @_ssdm_op_SpecInterface(i16* %fft_config_inv_data_V, [8 x i8]* @str67, i32 0, i32 0, i32 0, i32 0, [8 x i8]* @str67, [8 x i8]* @str67, [8 x i8]* @str67)

ST_6: empty_29 [1/1] 0.00ns
.preheader51.preheader:32  %empty_29 = call i32 (...)* @_ssdm_op_SpecChannel([4 x i8]* @str71, i32 1, [1 x i8]* @str72, [1 x i8]* @str72, i32 64, i32 2048, i64* %xn2_channel, i64* %xn2_channel)

ST_6: stg_45 [1/1] 0.00ns
.preheader51.preheader:33  call void (...)* @_ssdm_op_SpecInterface(i64* %xn2_channel, [8 x i8]* @str73, i32 0, i32 0, i32 0, i32 0, [8 x i8]* @str73, [8 x i8]* @str73, [8 x i8]* @str73)

ST_6: empty_30 [1/1] 0.00ns
.preheader51.preheader:35  %empty_30 = call i32 (...)* @_ssdm_op_SpecChannel([3 x i8]* @str74, i32 1, [1 x i8]* @str75, [1 x i8]* @str75, i32 64, i32 2048, i64* %xk_channel, i64* %xk_channel)

ST_6: stg_47 [1/1] 0.00ns
.preheader51.preheader:36  call void (...)* @_ssdm_op_SpecInterface(i64* %xk_channel, [8 x i8]* @str76, i32 0, i32 0, i32 0, i32 0, [8 x i8]* @str76, [8 x i8]* @str76, [8 x i8]* @str76)

ST_6: empty_31 [1/1] 0.00ns
.preheader51.preheader:37  %empty_31 = call i32 (...)* @_ssdm_op_SpecChannel([4 x i8]* @str77, i32 1, [1 x i8]* @str78, [1 x i8]* @str78, i32 64, i32 2048, i64* %xk2_channel, i64* %xk2_channel)

ST_6: stg_49 [1/1] 0.00ns
.preheader51.preheader:38  call void (...)* @_ssdm_op_SpecInterface(i64* %xk2_channel, [8 x i8]* @str79, i32 0, i32 0, i32 0, i32 0, [8 x i8]* @str79, [8 x i8]* @str79, [8 x i8]* @str79)

ST_6: stg_50 [1/2] 1.79ns
.preheader51.preheader:39  call fastcc void @filter_top_dummy_proc_be([2048 x i64]* %coefs, i64* %xk_channel, i64* %xk2_channel, [2048 x i64]* %outxk1, i64* %out_r)

ST_6: stg_51 [1/1] 0.00ns
.preheader51.preheader:40  ret void



============================================================
+ Verbose Summary: Binding
============================================================
STG Binding: 
---------------- STG Properties BEGIN ----------------
- Is combinational: 0
- Is one-state seq: 0
- Is datapath-only: 0
- Is clock enabled: 1
- Is pipelined: 0
- Is top level: 1
Port [ Return ] is wired: 1; IO mode=ap_ctrl_ce_only:ce=1
Port [ coefs]:  wired=1; compound=1; hidden=0; nouse=0; global=0; static=0; extern=0; dir=0; type=1; mode=0x5b80fb0; pingpong=0; private_global=0; MemPort=[1]; IO mode=ap_memory:ce=0
Port [ in_r]:  wired=1; compound=1; hidden=0; nouse=0; global=0; static=0; extern=0; dir=0; type=0; mode=0x5aaf330; pingpong=0; private_global=0; IO mode=axis:ce=0
Port [ inxn2]:  wired=1; compound=1; hidden=0; nouse=0; global=0; static=0; extern=0; dir=0; type=1; mode=0x60440e0; pingpong=0; private_global=0; MemPort=[1]; IO mode=ap_memory:ce=0
Port [ outxk1]:  wired=1; compound=1; hidden=0; nouse=0; global=0; static=0; extern=0; dir=1; type=1; mode=0x5fc0920; pingpong=0; private_global=0; MemPort=[0]; IO mode=ap_memory:ce=0
Port [ out_r]:  wired=1; compound=1; hidden=0; nouse=0; global=0; static=0; extern=0; dir=1; type=0; mode=0x5d51e60; pingpong=0; private_global=0; IO mode=axis:ce=0
Port [ detector_tail_M_real_V]:  wired=0; compound=1; hidden=1; nouse=1; global=1; static=1; extern=0; dir=2; type=1; mode=0x5fc1f90; pingpong=0; private_global=0; linkage=7; visibility=0; MemPort=[23]; IO mode=ap_memory:ce=0
Port [ detector_tail_M_imag_V]:  wired=0; compound=1; hidden=1; nouse=1; global=1; static=1; extern=0; dir=2; type=1; mode=0x5d589e0; pingpong=0; private_global=0; linkage=7; visibility=0; MemPort=[23]; IO mode=ap_memory:ce=0
---------------- STG Properties END ------------------

---------------- Datapath Model BEGIN ----------------

<LifeTime>
<method=bitvector/>
fft_config_inv_data_V (alloca              ) [ 0111111]
fft_config_fwd_data_V (alloca              ) [ 0111111]
xn2_channel           (alloca              ) [ 0111111]
xn_channel            (alloca              ) [ 0111111]
xk2_channel           (alloca              ) [ 0011111]
xk_channel            (alloca              ) [ 0011111]
fft_status_fwd_data_V (alloca              ) [ 0011100]
fft_status_inv_data_V (alloca              ) [ 0011100]
stg_16                (call                ) [ 0000000]
stg_19                (call                ) [ 0000000]
stg_20                (call                ) [ 0000000]
stg_22                (specdataflowpipeline) [ 0000000]
stg_23                (specbitsmap         ) [ 0000000]
stg_24                (specbitsmap         ) [ 0000000]
stg_25                (specbitsmap         ) [ 0000000]
stg_26                (specbitsmap         ) [ 0000000]
stg_27                (specbitsmap         ) [ 0000000]
stg_28                (spectopmodule       ) [ 0000000]
stg_29                (specinterface       ) [ 0000000]
stg_30                (specinterface       ) [ 0000000]
stg_31                (specinterface       ) [ 0000000]
stg_32                (specinterface       ) [ 0000000]
stg_33                (specinterface       ) [ 0000000]
stg_34                (specmemcore         ) [ 0000000]
stg_35                (specmemcore         ) [ 0000000]
stg_36                (specinterface       ) [ 0000000]
stg_37                (specmemcore         ) [ 0000000]
empty                 (specchannel         ) [ 0000000]
stg_39                (specinterface       ) [ 0000000]
empty_27              (specchannel         ) [ 0000000]
stg_41                (specinterface       ) [ 0000000]
empty_28              (specchannel         ) [ 0000000]
stg_43                (specinterface       ) [ 0000000]
empty_29              (specchannel         ) [ 0000000]
stg_45                (specinterface       ) [ 0000000]
empty_30              (specchannel         ) [ 0000000]
stg_47                (specinterface       ) [ 0000000]
empty_31              (specchannel         ) [ 0000000]
stg_49                (specinterface       ) [ 0000000]
stg_50                (call                ) [ 0000000]
stg_51                (ret                 ) [ 0000000]
</LifeTime>

<model>

<comp_list>
<comp id="0" class="1000" name="coefs">
<pin_list>
<pin id="1" dir="1" index="0" bw="1" slack="0"/>
</pin_list>
<bind>
<StgValue><ssdm name="coefs"/><MemPortTyVec>1 </MemPortTyVec>
</StgValue>
</bind>
</comp>

<comp id="2" class="1000" name="in_r">
<pin_list>
<pin id="3" dir="1" index="0" bw="1" slack="0"/>
</pin_list>
<bind>
<StgValue><ssdm name="in_r"/></StgValue>
</bind>
</comp>

<comp id="4" class="1000" name="inxn2">
<pin_list>
<pin id="5" dir="1" index="0" bw="1" slack="0"/>
</pin_list>
<bind>
<StgValue><ssdm name="inxn2"/><MemPortTyVec>1 </MemPortTyVec>
</StgValue>
</bind>
</comp>

<comp id="6" class="1000" name="outxk1">
<pin_list>
<pin id="7" dir="1" index="0" bw="1" slack="0"/>
</pin_list>
<bind>
<StgValue><ssdm name="outxk1"/><MemPortTyVec>0 </MemPortTyVec>
</StgValue>
</bind>
</comp>

<comp id="8" class="1000" name="out_r">
<pin_list>
<pin id="9" dir="1" index="0" bw="1" slack="0"/>
</pin_list>
<bind>
<StgValue><ssdm name="out_r"/></StgValue>
</bind>
</comp>

<comp id="10" class="1000" name="detector_tail_M_real_V">
<pin_list>
<pin id="11" dir="1" index="0" bw="1" slack="0"/>
</pin_list>
<bind>
<StgValue><ssdm name="detector_tail_M_real_V"/><MemPortTyVec>2 3 </MemPortTyVec>
</StgValue>
</bind>
</comp>

<comp id="12" class="1000" name="detector_tail_M_imag_V">
<pin_list>
<pin id="13" dir="1" index="0" bw="1" slack="0"/>
</pin_list>
<bind>
<StgValue><ssdm name="detector_tail_M_imag_V"/><MemPortTyVec>2 3 </MemPortTyVec>
</StgValue>
</bind>
</comp>

<comp id="14" class="1001" name="const_14">
<pin_list>
<pin id="15" dir="1" index="0" bw="1" slack="0"/>
</pin_list>
<bind>
<StgValue><ssdm name=""/></StgValue>
</bind>
</comp>

<comp id="16" class="1001" name="const_16">
<pin_list>
<pin id="17" dir="1" index="0" bw="1" slack="0"/>
</pin_list>
<bind>
<StgValue><ssdm name="filter_top_dummy_proc_fe"/></StgValue>
</bind>
</comp>

<comp id="18" class="1001" name="const_18">
<pin_list>
<pin id="19" dir="1" index="0" bw="1" slack="0"/>
</pin_list>
<bind>
<StgValue><ssdm name="fft<config1>"/></StgValue>
</bind>
</comp>

<comp id="20" class="1001" name="const_20">
<pin_list>
<pin id="21" dir="1" index="0" bw="1" slack="0"/>
</pin_list>
<bind>
<StgValue><ssdm name="fft<config2>"/></StgValue>
</bind>
</comp>

<comp id="22" class="1001" name="const_22">
<pin_list>
<pin id="23" dir="1" index="0" bw="1" slack="0"/>
</pin_list>
<bind>
<StgValue><ssdm name="filter_top_dummy_proc_be"/></StgValue>
</bind>
</comp>

<comp id="24" class="1001" name="const_24">
<pin_list>
<pin id="25" dir="1" index="0" bw="1" slack="2147483647"/>
</pin_list>
<bind>
<StgValue><ssdm name="_ssdm_op_SpecDataflowPipeline"/></StgValue>
</bind>
</comp>

<comp id="26" class="1001" name="const_26">
<pin_list>
<pin id="27" dir="1" index="0" bw="1" slack="2147483647"/>
</pin_list>
<bind>
<StgValue><ssdm name=""/></StgValue>
</bind>
</comp>

<comp id="28" class="1001" name="const_28">
<pin_list>
<pin id="29" dir="1" index="0" bw="1" slack="2147483647"/>
</pin_list>
<bind>
<StgValue><ssdm name="p_str1"/></StgValue>
</bind>
</comp>

<comp id="30" class="1001" name="const_30">
<pin_list>
<pin id="31" dir="1" index="0" bw="1" slack="2147483647"/>
</pin_list>
<bind>
<StgValue><ssdm name="_ssdm_op_SpecBitsMap"/></StgValue>
</bind>
</comp>

<comp id="32" class="1001" name="const_32">
<pin_list>
<pin id="33" dir="1" index="0" bw="1" slack="2147483647"/>
</pin_list>
<bind>
<StgValue><ssdm name="_ssdm_op_SpecTopModule"/></StgValue>
</bind>
</comp>

<comp id="34" class="1001" name="const_34">
<pin_list>
<pin id="35" dir="1" index="0" bw="1" slack="2147483647"/>
</pin_list>
<bind>
<StgValue><ssdm name="str"/></StgValue>
</bind>
</comp>

<comp id="36" class="1001" name="const_36">
<pin_list>
<pin id="37" dir="1" index="0" bw="1" slack="2147483647"/>
</pin_list>
<bind>
<StgValue><ssdm name="_ssdm_op_SpecInterface"/></StgValue>
</bind>
</comp>

<comp id="38" class="1001" name="const_38">
<pin_list>
<pin id="39" dir="1" index="0" bw="1" slack="2147483647"/>
</pin_list>
<bind>
<StgValue><ssdm name=""/></StgValue>
</bind>
</comp>

<comp id="40" class="1001" name="const_40">
<pin_list>
<pin id="41" dir="1" index="0" bw="1" slack="2147483647"/>
</pin_list>
<bind>
<StgValue><ssdm name="p_str2"/></StgValue>
</bind>
</comp>

<comp id="42" class="1001" name="const_42">
<pin_list>
<pin id="43" dir="1" index="0" bw="1" slack="2147483647"/>
</pin_list>
<bind>
<StgValue><ssdm name="p_str3"/></StgValue>
</bind>
</comp>

<comp id="44" class="1001" name="const_44">
<pin_list>
<pin id="45" dir="1" index="0" bw="1" slack="2147483647"/>
</pin_list>
<bind>
<StgValue><ssdm name="p_str4"/></StgValue>
</bind>
</comp>

<comp id="46" class="1001" name="const_46">
<pin_list>
<pin id="47" dir="1" index="0" bw="1" slack="2147483647"/>
</pin_list>
<bind>
<StgValue><ssdm name="_ssdm_op_SpecMemCore"/></StgValue>
</bind>
</comp>

<comp id="48" class="1001" name="const_48">
<pin_list>
<pin id="49" dir="1" index="0" bw="1" slack="2147483647"/>
</pin_list>
<bind>
<StgValue><ssdm name="p_str5"/></StgValue>
</bind>
</comp>

<comp id="50" class="1001" name="const_50">
<pin_list>
<pin id="51" dir="1" index="0" bw="1" slack="2147483647"/>
</pin_list>
<bind>
<StgValue><ssdm name="p_str6"/></StgValue>
</bind>
</comp>

<comp id="52" class="1001" name="const_52">
<pin_list>
<pin id="53" dir="1" index="0" bw="1" slack="2147483647"/>
</pin_list>
<bind>
<StgValue><ssdm name="_ssdm_op_SpecChannel"/></StgValue>
</bind>
</comp>

<comp id="54" class="1001" name="const_54">
<pin_list>
<pin id="55" dir="1" index="0" bw="1" slack="2147483647"/>
</pin_list>
<bind>
<StgValue><ssdm name="str62"/></StgValue>
</bind>
</comp>

<comp id="56" class="1001" name="const_56">
<pin_list>
<pin id="57" dir="1" index="0" bw="1" slack="2147483647"/>
</pin_list>
<bind>
<StgValue><ssdm name=""/></StgValue>
</bind>
</comp>

<comp id="58" class="1001" name="const_58">
<pin_list>
<pin id="59" dir="1" index="0" bw="1" slack="2147483647"/>
</pin_list>
<bind>
<StgValue><ssdm name="str63"/></StgValue>
</bind>
</comp>

<comp id="60" class="1001" name="const_60">
<pin_list>
<pin id="61" dir="1" index="0" bw="1" slack="2147483647"/>
</pin_list>
<bind>
<StgValue><ssdm name=""/></StgValue>
</bind>
</comp>

<comp id="62" class="1001" name="const_62">
<pin_list>
<pin id="63" dir="1" index="0" bw="1" slack="2147483647"/>
</pin_list>
<bind>
<StgValue><ssdm name="str64"/></StgValue>
</bind>
</comp>

<comp id="64" class="1001" name="const_64">
<pin_list>
<pin id="65" dir="1" index="0" bw="1" slack="2147483647"/>
</pin_list>
<bind>
<StgValue><ssdm name="str68"/></StgValue>
</bind>
</comp>

<comp id="66" class="1001" name="const_66">
<pin_list>
<pin id="67" dir="1" index="0" bw="1" slack="2147483647"/>
</pin_list>
<bind>
<StgValue><ssdm name="str69"/></StgValue>
</bind>
</comp>

<comp id="68" class="1001" name="const_68">
<pin_list>
<pin id="69" dir="1" index="0" bw="1" slack="2147483647"/>
</pin_list>
<bind>
<StgValue><ssdm name=""/></StgValue>
</bind>
</comp>

<comp id="70" class="1001" name="const_70">
<pin_list>
<pin id="71" dir="1" index="0" bw="1" slack="2147483647"/>
</pin_list>
<bind>
<StgValue><ssdm name="str70"/></StgValue>
</bind>
</comp>

<comp id="72" class="1001" name="const_72">
<pin_list>
<pin id="73" dir="1" index="0" bw="1" slack="2147483647"/>
</pin_list>
<bind>
<StgValue><ssdm name="str65"/></StgValue>
</bind>
</comp>

<comp id="74" class="1001" name="const_74">
<pin_list>
<pin id="75" dir="1" index="0" bw="1" slack="2147483647"/>
</pin_list>
<bind>
<StgValue><ssdm name="str66"/></StgValue>
</bind>
</comp>

<comp id="76" class="1001" name="const_76">
<pin_list>
<pin id="77" dir="1" index="0" bw="1" slack="2147483647"/>
</pin_list>
<bind>
<StgValue><ssdm name="str67"/></StgValue>
</bind>
</comp>

<comp id="78" class="1001" name="const_78">
<pin_list>
<pin id="79" dir="1" index="0" bw="1" slack="2147483647"/>
</pin_list>
<bind>
<StgValue><ssdm name="str71"/></StgValue>
</bind>
</comp>

<comp id="80" class="1001" name="const_80">
<pin_list>
<pin id="81" dir="1" index="0" bw="1" slack="2147483647"/>
</pin_list>
<bind>
<StgValue><ssdm name="str72"/></StgValue>
</bind>
</comp>

<comp id="82" class="1001" name="const_82">
<pin_list>
<pin id="83" dir="1" index="0" bw="1" slack="2147483647"/>
</pin_list>
<bind>
<StgValue><ssdm name=""/></StgValue>
</bind>
</comp>

<comp id="84" class="1001" name="const_84">
<pin_list>
<pin id="85" dir="1" index="0" bw="1" slack="2147483647"/>
</pin_list>
<bind>
<StgValue><ssdm name="str73"/></StgValue>
</bind>
</comp>

<comp id="86" class="1001" name="const_86">
<pin_list>
<pin id="87" dir="1" index="0" bw="1" slack="2147483647"/>
</pin_list>
<bind>
<StgValue><ssdm name="str74"/></StgValue>
</bind>
</comp>

<comp id="88" class="1001" name="const_88">
<pin_list>
<pin id="89" dir="1" index="0" bw="1" slack="2147483647"/>
</pin_list>
<bind>
<StgValue><ssdm name="str75"/></StgValue>
</bind>
</comp>

<comp id="90" class="1001" name="const_90">
<pin_list>
<pin id="91" dir="1" index="0" bw="1" slack="2147483647"/>
</pin_list>
<bind>
<StgValue><ssdm name="str76"/></StgValue>
</bind>
</comp>

<comp id="92" class="1001" name="const_92">
<pin_list>
<pin id="93" dir="1" index="0" bw="1" slack="2147483647"/>
</pin_list>
<bind>
<StgValue><ssdm name="str77"/></StgValue>
</bind>
</comp>

<comp id="94" class="1001" name="const_94">
<pin_list>
<pin id="95" dir="1" index="0" bw="1" slack="2147483647"/>
</pin_list>
<bind>
<StgValue><ssdm name="str78"/></StgValue>
</bind>
</comp>

<comp id="96" class="1001" name="const_96">
<pin_list>
<pin id="97" dir="1" index="0" bw="1" slack="2147483647"/>
</pin_list>
<bind>
<StgValue><ssdm name="str79"/></StgValue>
</bind>
</comp>

<comp id="98" class="1004" name="fft_config_inv_data_V_fu_98">
<pin_list>
<pin id="99" dir="0" index="0" bw="1" slack="0"/>
<pin id="100" dir="1" index="1" bw="16" slack="0"/>
</pin_list>
<bind>
<opcode="alloca(26) " fcode="alloca"/>
<opset="fft_config_inv_data_V/1 "/>
</bind>
</comp>

<comp id="102" class="1004" name="fft_config_fwd_data_V_fu_102">
<pin_list>
<pin id="103" dir="0" index="0" bw="1" slack="0"/>
<pin id="104" dir="1" index="1" bw="16" slack="0"/>
</pin_list>
<bind>
<opcode="alloca(26) " fcode="alloca"/>
<opset="fft_config_fwd_data_V/1 "/>
</bind>
</comp>

<comp id="106" class="1004" name="xn2_channel_fu_106">
<pin_list>
<pin id="107" dir="0" index="0" bw="1" slack="0"/>
<pin id="108" dir="1" index="1" bw="64" slack="0"/>
</pin_list>
<bind>
<opcode="alloca(26) " fcode="alloca"/>
<opset="xn2_channel/1 "/>
</bind>
</comp>

<comp id="110" class="1004" name="xn_channel_fu_110">
<pin_list>
<pin id="111" dir="0" index="0" bw="1" slack="0"/>
<pin id="112" dir="1" index="1" bw="64" slack="0"/>
</pin_list>
<bind>
<opcode="alloca(26) " fcode="alloca"/>
<opset="xn_channel/1 "/>
</bind>
</comp>

<comp id="114" class="1004" name="xk2_channel_fu_114">
<pin_list>
<pin id="115" dir="0" index="0" bw="1" slack="0"/>
<pin id="116" dir="1" index="1" bw="64" slack="2"/>
</pin_list>
<bind>
<opcode="alloca(26) " fcode="alloca"/>
<opset="xk2_channel/1 "/>
</bind>
</comp>

<comp id="118" class="1004" name="xk_channel_fu_118">
<pin_list>
<pin id="119" dir="0" index="0" bw="1" slack="0"/>
<pin id="120" dir="1" index="1" bw="64" slack="2"/>
</pin_list>
<bind>
<opcode="alloca(26) " fcode="alloca"/>
<opset="xk_channel/1 "/>
</bind>
</comp>

<comp id="122" class="1004" name="fft_status_fwd_data_V_fu_122">
<pin_list>
<pin id="123" dir="0" index="0" bw="1" slack="0"/>
<pin id="124" dir="1" index="1" bw="8" slack="2"/>
</pin_list>
<bind>
<opcode="alloca(26) " fcode="alloca"/>
<opset="fft_status_fwd_data_V/1 "/>
</bind>
</comp>

<comp id="126" class="1004" name="fft_status_inv_data_V_fu_126">
<pin_list>
<pin id="127" dir="0" index="0" bw="1" slack="0"/>
<pin id="128" dir="1" index="1" bw="8" slack="2"/>
</pin_list>
<bind>
<opcode="alloca(26) " fcode="alloca"/>
<opset="fft_status_inv_data_V/1 "/>
</bind>
</comp>

<comp id="131" class="1004" name="grp_filter_top_dummy_proc_be_fu_131">
<pin_list>
<pin id="132" dir="0" index="0" bw="0" slack="0"/>
<pin id="133" dir="0" index="1" bw="64" slack="0"/>
<pin id="134" dir="0" index="2" bw="64" slack="4"/>
<pin id="135" dir="0" index="3" bw="64" slack="4"/>
<pin id="136" dir="0" index="4" bw="64" slack="0"/>
<pin id="137" dir="0" index="5" bw="64" slack="0"/>
<pin id="138" dir="1" index="6" bw="0" slack="2147483647"/>
</pin_list>
<bind>
<opcode="call(48) " fcode="call"/>
<opset="stg_21/5 "/>
</bind>
</comp>

<comp id="143" class="1004" name="grp_filter_top_dummy_proc_fe_fu_143">
<pin_list>
<pin id="144" dir="0" index="0" bw="0" slack="0"/>
<pin id="145" dir="0" index="1" bw="16" slack="0"/>
<pin id="146" dir="0" index="2" bw="16" slack="0"/>
<pin id="147" dir="0" index="3" bw="64" slack="0"/>
<pin id="148" dir="0" index="4" bw="64" slack="0"/>
<pin id="149" dir="0" index="5" bw="64" slack="0"/>
<pin id="150" dir="0" index="6" bw="64" slack="0"/>
<pin id="151" dir="0" index="7" bw="32" slack="0"/>
<pin id="152" dir="0" index="8" bw="32" slack="0"/>
<pin id="153" dir="1" index="9" bw="0" slack="2147483647"/>
</pin_list>
<bind>
<opcode="call(48) " fcode="call"/>
<opset="stg_15/1 "/>
</bind>
</comp>

<comp id="159" class="1004" name="grp_fft_config1_s_fu_159">
<pin_list>
<pin id="160" dir="0" index="0" bw="0" slack="0"/>
<pin id="161" dir="0" index="1" bw="64" slack="2"/>
<pin id="162" dir="0" index="2" bw="64" slack="2"/>
<pin id="163" dir="0" index="3" bw="8" slack="2"/>
<pin id="164" dir="0" index="4" bw="16" slack="2"/>
<pin id="165" dir="1" index="5" bw="0" slack="2147483647"/>
</pin_list>
<bind>
<opcode="call(48) " fcode="call"/>
<opset="stg_17/3 "/>
</bind>
</comp>

<comp id="167" class="1004" name="grp_fft_config2_s_fu_167">
<pin_list>
<pin id="168" dir="0" index="0" bw="0" slack="0"/>
<pin id="169" dir="0" index="1" bw="64" slack="2"/>
<pin id="170" dir="0" index="2" bw="64" slack="2"/>
<pin id="171" dir="0" index="3" bw="8" slack="2"/>
<pin id="172" dir="0" index="4" bw="16" slack="2"/>
<pin id="173" dir="1" index="5" bw="0" slack="2147483647"/>
</pin_list>
<bind>
<opcode="call(48) " fcode="call"/>
<opset="stg_18/3 "/>
</bind>
</comp>

<comp id="175" class="1005" name="fft_config_inv_data_V_reg_175">
<pin_list>
<pin id="176" dir="0" index="0" bw="16" slack="0"/>
<pin id="177" dir="1" index="1" bw="16" slack="0"/>
</pin_list>
<bind>
<opset="fft_config_inv_data_V "/>
</bind>
</comp>

<comp id="181" class="1005" name="fft_config_fwd_data_V_reg_181">
<pin_list>
<pin id="182" dir="0" index="0" bw="16" slack="0"/>
<pin id="183" dir="1" index="1" bw="16" slack="0"/>
</pin_list>
<bind>
<opset="fft_config_fwd_data_V "/>
</bind>
</comp>

<comp id="187" class="1005" name="xn2_channel_reg_187">
<pin_list>
<pin id="188" dir="0" index="0" bw="64" slack="0"/>
<pin id="189" dir="1" index="1" bw="64" slack="0"/>
</pin_list>
<bind>
<opset="xn2_channel "/>
</bind>
</comp>

<comp id="193" class="1005" name="xn_channel_reg_193">
<pin_list>
<pin id="194" dir="0" index="0" bw="64" slack="0"/>
<pin id="195" dir="1" index="1" bw="64" slack="0"/>
</pin_list>
<bind>
<opset="xn_channel "/>
</bind>
</comp>

<comp id="199" class="1005" name="xk2_channel_reg_199">
<pin_list>
<pin id="200" dir="0" index="0" bw="64" slack="2"/>
<pin id="201" dir="1" index="1" bw="64" slack="2"/>
</pin_list>
<bind>
<opset="xk2_channel "/>
</bind>
</comp>

<comp id="205" class="1005" name="xk_channel_reg_205">
<pin_list>
<pin id="206" dir="0" index="0" bw="64" slack="2"/>
<pin id="207" dir="1" index="1" bw="64" slack="2"/>
</pin_list>
<bind>
<opset="xk_channel "/>
</bind>
</comp>

<comp id="211" class="1005" name="fft_status_fwd_data_V_reg_211">
<pin_list>
<pin id="212" dir="0" index="0" bw="8" slack="2"/>
<pin id="213" dir="1" index="1" bw="8" slack="2"/>
</pin_list>
<bind>
<opset="fft_status_fwd_data_V "/>
</bind>
</comp>

<comp id="216" class="1005" name="fft_status_inv_data_V_reg_216">
<pin_list>
<pin id="217" dir="0" index="0" bw="8" slack="2"/>
<pin id="218" dir="1" index="1" bw="8" slack="2"/>
</pin_list>
<bind>
<opset="fft_status_inv_data_V "/>
</bind>
</comp>

</comp_list>

<net_list>
<net id="101"><net_src comp="14" pin="0"/><net_sink comp="98" pin=0"/></net>

<net id="105"><net_src comp="14" pin="0"/><net_sink comp="102" pin=0"/></net>

<net id="109"><net_src comp="14" pin="0"/><net_sink comp="106" pin=0"/></net>

<net id="113"><net_src comp="14" pin="0"/><net_sink comp="110" pin=0"/></net>

<net id="117"><net_src comp="14" pin="0"/><net_sink comp="114" pin=0"/></net>

<net id="121"><net_src comp="14" pin="0"/><net_sink comp="118" pin=0"/></net>

<net id="125"><net_src comp="14" pin="0"/><net_sink comp="122" pin=0"/></net>

<net id="129"><net_src comp="14" pin="0"/><net_sink comp="126" pin=0"/></net>

<net id="139"><net_src comp="22" pin="0"/><net_sink comp="131" pin=0"/></net>

<net id="140"><net_src comp="0" pin="0"/><net_sink comp="131" pin=1"/></net>

<net id="141"><net_src comp="6" pin="0"/><net_sink comp="131" pin=4"/></net>

<net id="142"><net_src comp="8" pin="0"/><net_sink comp="131" pin=5"/></net>

<net id="154"><net_src comp="16" pin="0"/><net_sink comp="143" pin=0"/></net>

<net id="155"><net_src comp="2" pin="0"/><net_sink comp="143" pin=3"/></net>

<net id="156"><net_src comp="4" pin="0"/><net_sink comp="143" pin=4"/></net>

<net id="157"><net_src comp="10" pin="0"/><net_sink comp="143" pin=7"/></net>

<net id="158"><net_src comp="12" pin="0"/><net_sink comp="143" pin=8"/></net>

<net id="166"><net_src comp="18" pin="0"/><net_sink comp="159" pin=0"/></net>

<net id="174"><net_src comp="20" pin="0"/><net_sink comp="167" pin=0"/></net>

<net id="178"><net_src comp="98" pin="1"/><net_sink comp="175" pin=0"/></net>

<net id="179"><net_src comp="175" pin="1"/><net_sink comp="143" pin=2"/></net>

<net id="180"><net_src comp="175" pin="1"/><net_sink comp="167" pin=4"/></net>

<net id="184"><net_src comp="102" pin="1"/><net_sink comp="181" pin=0"/></net>

<net id="185"><net_src comp="181" pin="1"/><net_sink comp="143" pin=1"/></net>

<net id="186"><net_src comp="181" pin="1"/><net_sink comp="159" pin=4"/></net>

<net id="190"><net_src comp="106" pin="1"/><net_sink comp="187" pin=0"/></net>

<net id="191"><net_src comp="187" pin="1"/><net_sink comp="143" pin=6"/></net>

<net id="192"><net_src comp="187" pin="1"/><net_sink comp="167" pin=1"/></net>

<net id="196"><net_src comp="110" pin="1"/><net_sink comp="193" pin=0"/></net>

<net id="197"><net_src comp="193" pin="1"/><net_sink comp="143" pin=5"/></net>

<net id="198"><net_src comp="193" pin="1"/><net_sink comp="159" pin=1"/></net>

<net id="202"><net_src comp="114" pin="1"/><net_sink comp="199" pin=0"/></net>

<net id="203"><net_src comp="199" pin="1"/><net_sink comp="167" pin=2"/></net>

<net id="204"><net_src comp="199" pin="1"/><net_sink comp="131" pin=3"/></net>

<net id="208"><net_src comp="118" pin="1"/><net_sink comp="205" pin=0"/></net>

<net id="209"><net_src comp="205" pin="1"/><net_sink comp="159" pin=2"/></net>

<net id="210"><net_src comp="205" pin="1"/><net_sink comp="131" pin=2"/></net>

<net id="214"><net_src comp="122" pin="1"/><net_sink comp="211" pin=0"/></net>

<net id="215"><net_src comp="211" pin="1"/><net_sink comp="159" pin=3"/></net>

<net id="219"><net_src comp="126" pin="1"/><net_sink comp="216" pin=0"/></net>

<net id="220"><net_src comp="216" pin="1"/><net_sink comp="167" pin=3"/></net>

</net_list>

</model> 
---------------- Datapath Model END ------------------

* FSMD analyzer results:
  - Output states:
	Port: out_r | {5 6 }
  - Chain level:
	State 1
		stg_15 : 1
	State 2
	State 3
	State 4
	State 5
	State 6


============================================================
+ Verbose Summary: Datapath Resource usage 
============================================================

* Functional unit list:
|----------|-------------------------------------|---------|---------|---------|---------|---------|
| Operation|           Functional Unit           |   BRAM  |  DSP48E |  Delay  |    FF   |   LUT   |
|----------|-------------------------------------|---------|---------|---------|---------|---------|
|          | grp_filter_top_dummy_proc_be_fu_131 |    0    |    16   |   8.92  |   417   |   431   |
|   call   | grp_filter_top_dummy_proc_fe_fu_143 |    0    |    0    |   4.46  |   118   |   143   |
|          |       grp_fft_config1_s_fu_159      |    16   |    40   |    0    |  17987  |  14499  |
|          |       grp_fft_config2_s_fu_167      |    16   |    40   |    0    |  17987  |  14499  |
|----------|-------------------------------------|---------|---------|---------|---------|---------|
|   Total  |                                     |    32   |    96   |  13.38  |  36509  |  29572  |
|----------|-------------------------------------|---------|---------|---------|---------|---------|

Memories:
+----------------------+--------+--------+--------+
|                      |  BRAM  |   FF   |   LUT  |
+----------------------+--------+--------+--------+
|detector_tail_M_imag_V|    1   |    0   |    0   |
|detector_tail_M_real_V|    1   |    0   |    0   |
+----------------------+--------+--------+--------+
|         Total        |    2   |    0   |    0   |
+----------------------+--------+--------+--------+

* Register list:
+-----------------------------+--------+
|                             |   FF   |
+-----------------------------+--------+
|fft_config_fwd_data_V_reg_181|   16   |
|fft_config_inv_data_V_reg_175|   16   |
|fft_status_fwd_data_V_reg_211|    8   |
|fft_status_inv_data_V_reg_216|    8   |
|     xk2_channel_reg_199     |   64   |
|      xk_channel_reg_205     |   64   |
|     xn2_channel_reg_187     |   64   |
|      xn_channel_reg_193     |   64   |
+-----------------------------+--------+
|            Total            |   304  |
+-----------------------------+--------+

* Multiplexer (MUX) list: 
|--------|------|------|------|--------|
|  Comp  |  Pin | Size |  BW  | S x BW |
|--------|------|------|------|--------|
|  Total |      |      |      |    0   |
|--------|------|------|------|--------|



* Summary:
+-----------+--------+--------+--------+--------+--------+
|           |  BRAM  | DSP48E |  Delay |   FF   |   LUT  |
+-----------+--------+--------+--------+--------+--------+
|  Function |   32   |   96   |   13   |  36509 |  29572 |
|   Memory  |    2   |    -   |    -   |    0   |    0   |
|Multiplexer|    -   |    -   |    -   |    -   |    -   |
|  Register |    -   |    -   |    -   |   304  |    -   |
+-----------+--------+--------+--------+--------+--------+
|   Total   |   34   |   96   |   13   |  36813 |  29572 |
+-----------+--------+--------+--------+--------+--------+
