

================================================================
== Vivado HLS Report for 'filter_top_dummy_proc_be'
================================================================
* Date:           Thu Jan 25 09:57:48 2018

* Version:        2014.4 (Build 1071461 on Tue Nov 18 16:42:57 PM 2014)
* Project:        fft_filter_hlsprj
* Solution:       solution2
* Product family: kintex7
* Target device:  xc7k410tffg900-2


================================================================
== Performance Estimates
================================================================
+ Timing (ns): 
    * Summary: 
    +---------+-------+----------+------------+
    |  Clock  | Target| Estimated| Uncertainty|
    +---------+-------+----------+------------+
    |default  |   3.30|      2.39|        0.41|
    +---------+-------+----------+------------+

+ Latency (clock cycles): 
    * Summary: 
    +-------+-------+-------+-------+---------+
    |    Latency    |    Interval   | Pipeline|
    |  min  |  max  |  min  |  max  |   Type  |
    +-------+-------+-------+-------+---------+
    |  22529|  22529|  22529|  22529|   none  |
    +-------+-------+-------+-------+---------+

    + Detail: 
        * Instance: 
        N/A

        * Loop: 
        +----------+-------+-------+----------+-----------+-----------+------+----------+
        |          |    Latency    | Iteration|  Initiation Interval  | Trip |          |
        | Loop Name|  min  |  max  |  Latency |  achieved |   target  | Count| Pipelined|
        +----------+-------+-------+----------+-----------+-----------+------+----------+
        |- Loop 1  |  22528|  22528|        11|          -|          -|  2048|    no    |
        +----------+-------+-------+----------+-----------+-----------+------+----------+



================================================================
== Utilization Estimates
================================================================
* Summary: 
+-----------------+---------+-------+--------+--------+
|       Name      | BRAM_18K| DSP48E|   FF   |   LUT  |
+-----------------+---------+-------+--------+--------+
|Expression       |        -|      -|       0|     156|
|FIFO             |        -|      -|       -|       -|
|Instance         |        -|     16|       0|       0|
|Memory           |        -|      -|       -|       -|
|Multiplexer      |        -|      -|       -|      19|
|Register         |        -|      -|     559|       -|
+-----------------+---------+-------+--------+--------+
|Total            |        0|     16|     559|     175|
+-----------------+---------+-------+--------+--------+
|Available        |     1590|   1540|  508400|  254200|
+-----------------+---------+-------+--------+--------+
|Utilization (%)  |        0|      1|   ~0   |   ~0   |
+-----------------+---------+-------+--------+--------+

+ Detail: 
    * Instance: 
    +---------------------------------+-----------------------------+---------+-------+---+----+
    |             Instance            |            Module           | BRAM_18K| DSP48E| FF| LUT|
    +---------------------------------+-----------------------------+---------+-------+---+----+
    |filter_top_mul_32s_32s_63_7_U10  |filter_top_mul_32s_32s_63_7  |        0|      4|  0|   0|
    |filter_top_mul_32s_32s_63_7_U11  |filter_top_mul_32s_32s_63_7  |        0|      4|  0|   0|
    |filter_top_mul_32s_32s_63_7_U12  |filter_top_mul_32s_32s_63_7  |        0|      4|  0|   0|
    |filter_top_mul_32s_32s_63_7_U13  |filter_top_mul_32s_32s_63_7  |        0|      4|  0|   0|
    +---------------------------------+-----------------------------+---------+-------+---+----+
    |Total                            |                             |        0|     16|  0|   0|
    +---------------------------------+-----------------------------+---------+-------+---+----+

    * Memory: 
    N/A

    * FIFO: 
    N/A

    * Expression: 
    +--------------------+----------+-------+---+----+------------+------------+
    |    Variable Name   | Operation| DSP48E| FF| LUT| Bitwidth P0| Bitwidth P1|
    +--------------------+----------+-------+---+----+------------+------------+
    |i_1_fu_129_p2       |     +    |      0|  0|  12|          12|           1|
    |p_Val2_1_fu_234_p2  |     +    |      0|  0|  63|          63|          63|
    |p_Val2_s_fu_220_p2  |     -    |      0|  0|  63|          63|          63|
    |ap_sig_bdd_170      |    and   |      0|  0|   1|           1|           1|
    |exitcond_fu_123_p2  |   icmp   |      0|  0|  13|          12|          13|
    |icmp_fu_150_p2      |   icmp   |      0|  0|   2|           3|           1|
    |ap_sig_bdd_149      |    or    |      0|  0|   1|           1|           1|
    |ap_sig_bdd_91       |    or    |      0|  0|   1|           1|           1|
    +--------------------+----------+-------+---+----+------------+------------+
    |Total               |          |      0|  0| 156|         156|         144|
    +--------------------+----------+-------+---+----+------------+------------+

    * Multiplexer: 
    +-----------------------------+----+-----------+-----+-----------+
    |             Name            | LUT| Input Size| Bits| Total Bits|
    +-----------------------------+----+-----------+-----+-----------+
    |ap_NS_fsm                    |   6|         13|    1|         13|
    |ap_sig_ioackin_out_r_ap_ack  |   1|          2|    1|          2|
    |i_reg_111                    |  12|          2|   12|         24|
    +-----------------------------+----+-----------+-----+-----------+
    |Total                        |  19|         17|   14|         39|
    +-----------------------------+----+-----------+-----+-----------+

    * Register: 
    +----------------------------------+----+----+-----+-----------+
    |               Name               | FF | LUT| Bits| Const Bits|
    +----------------------------------+----+----+-----+-----------+
    |ap_CS_fsm                         |  12|   0|   12|          0|
    |ap_done_reg                       |   1|   0|    1|          0|
    |ap_reg_ioackin_out_r_ap_ack       |   1|   0|    1|          0|
    |i_1_reg_258                       |  12|   0|   12|          0|
    |i_reg_111                         |  12|   0|   12|          0|
    |icmp_reg_273                      |   1|   0|    1|          0|
    |input_xk2_read_reg_297            |  64|   0|   64|          0|
    |p_r_M_imag_V_reg_351              |  32|   0|   32|          0|
    |p_r_M_real_V_reg_346              |  32|   0|   32|          0|
    |p_x_M_imag_V_read_assign_reg_292  |  32|   0|   32|          0|
    |p_y_M_imag_V_read_assign_reg_282  |  32|   0|   32|          0|
    |tmp1_i_cast_reg_326               |  63|   0|   63|          0|
    |tmp_2_i_cast_reg_331              |  63|   0|   63|          0|
    |tmp_3_i_cast_reg_341              |  63|   0|   63|          0|
    |tmp_5_reg_277                     |  32|   0|   32|          0|
    |tmp_6_reg_287                     |  32|   0|   32|          0|
    |tmp_i_cast_reg_336                |  63|   0|   63|          0|
    |tmp_reg_263                       |  12|   0|   64|         52|
    +----------------------------------+----+----+-----+-----------+
    |Total                             | 559|   0|  611|         52|
    +----------------------------------+----+----+-----+-----------+



================================================================
== Interface
================================================================
* Summary: 
+---------------------+-----+-----+------------+--------------------------+--------------+
|      RTL Ports      | Dir | Bits|  Protocol  |       Source Object      |    C Type    |
+---------------------+-----+-----+------------+--------------------------+--------------+
|ap_clk               |  in |    1| ap_ctrl_hs | filter_top_dummy_proc_be | return value |
|ap_rst               |  in |    1| ap_ctrl_hs | filter_top_dummy_proc_be | return value |
|ap_start             |  in |    1| ap_ctrl_hs | filter_top_dummy_proc_be | return value |
|ap_done              | out |    1| ap_ctrl_hs | filter_top_dummy_proc_be | return value |
|ap_continue          |  in |    1| ap_ctrl_hs | filter_top_dummy_proc_be | return value |
|ap_idle              | out |    1| ap_ctrl_hs | filter_top_dummy_proc_be | return value |
|ap_ready             | out |    1| ap_ctrl_hs | filter_top_dummy_proc_be | return value |
|coefs_address0       | out |   11|  ap_memory |           coefs          |     array    |
|coefs_ce0            | out |    1|  ap_memory |           coefs          |     array    |
|coefs_q0             |  in |   64|  ap_memory |           coefs          |     array    |
|input_xk1_dout       |  in |   64|   ap_fifo  |         input_xk1        |    pointer   |
|input_xk1_empty_n    |  in |    1|   ap_fifo  |         input_xk1        |    pointer   |
|input_xk1_read       | out |    1|   ap_fifo  |         input_xk1        |    pointer   |
|input_xk2_dout       |  in |   64|   ap_fifo  |         input_xk2        |    pointer   |
|input_xk2_empty_n    |  in |    1|   ap_fifo  |         input_xk2        |    pointer   |
|input_xk2_read       | out |    1|   ap_fifo  |         input_xk2        |    pointer   |
|output_xk1_address0  | out |   11|  ap_memory |        output_xk1        |     array    |
|output_xk1_ce0       | out |    1|  ap_memory |        output_xk1        |     array    |
|output_xk1_we0       | out |    1|  ap_memory |        output_xk1        |     array    |
|output_xk1_d0        | out |   64|  ap_memory |        output_xk1        |     array    |
|out_r                | out |   64|    ap_hs   |           out_r          |    pointer   |
|out_r_ap_vld         | out |    1|    ap_hs   |           out_r          |    pointer   |
|out_r_ap_ack         |  in |    1|    ap_hs   |           out_r          |    pointer   |
+---------------------+-----+-----+------------+--------------------------+--------------+

