

================================================================
== Vivado HLS Report for 'filter_top'
================================================================
* Date:           Tue Mar 27 10:00:47 2018

* Version:        2014.4 (Build 1071461 on Tue Nov 18 16:42:57 PM 2014)
* Project:        fft_filter_hlsprj
* Solution:       solution3
* Product family: kintex7
* Target device:  xc7k410tffg900-2


================================================================
== Performance Estimates
================================================================
+ Timing (ns): 
    * Summary: 
    +---------+-------+----------+------------+
    |  Clock  | Target| Estimated| Uncertainty|
    +---------+-------+----------+------------+
    |default  |   5.00|      4.38|        0.62|
    +---------+-------+----------+------------+

+ Latency (clock cycles): 
    * Summary: 
    +------+------+------+------+----------+
    |   Latency   |   Interval  | Pipeline |
    |  min |  max |  min |  max |   Type   |
    +------+------+------+------+----------+
    |  6278|  6278|  6279|  6279| dataflow |
    +------+------+------+------+----------+

    + Detail: 
        * Instance: 
        N/A

        * Loop: 
        N/A



================================================================
== Utilization Estimates
================================================================
* Summary: 
+-----------------+---------+-------+--------+--------+
|       Name      | BRAM_18K| DSP48E|   FF   |   LUT  |
+-----------------+---------+-------+--------+--------+
|Expression       |        -|      -|       -|       -|
|FIFO             |        -|      -|       -|       -|
|Instance         |        -|      -|       -|       -|
|Memory           |        -|      -|       -|       -|
|Multiplexer      |        -|      -|       -|       -|
|Register         |        -|      -|       -|       -|
+-----------------+---------+-------+--------+--------+
|Total            |        0|      0|       0|       0|
+-----------------+---------+-------+--------+--------+
|Available        |     1590|   1540|  508400|  254200|
+-----------------+---------+-------+--------+--------+
|Utilization (%)  |        0|      0|       0|       0|
+-----------------+---------+-------+--------+--------+

+ Detail: 
    * Instance: 
    N/A

    * Memory: 
    N/A

    * FIFO: 
    N/A

    * Expression: 
    N/A

    * Multiplexer: 
    N/A

    * Register: 
    N/A



================================================================
== Interface
================================================================
* Summary: 
N/A

============================================================
+ Verbose Summary: Synthesis Manager
============================================================
InlineROM: 1
ExposeGlobal: 0
============================================================
+ Verbose Summary: CDFG Model
============================================================
IsTopModel: 1
ResetActiveHigh: 1
IsCombinational: 2
IsDatapathOnly: 0
HasWiredReturn: 1
HasMFsm: 0
HasVarLatency: 1
IsPipeline: 0
IsRtlPipelined: 0
IsInstanceOverlapped: 0
IsDontTouch: 0
HasImplIP: 0
IsGatedGlobalClock: 0


============================================================
+ Verbose Summary: Schedule
============================================================
* Number of FSM states: 6
* Pipeline: 0
* Dataflow Pipeline: 1
  DF-Pipeline-0: Size = 6, States = { 1 2 3 4 5 6 }

* FSM state transitions: 
1 --> 
	2  / true
2 --> 
	3  / true
3 --> 
	4  / true
4 --> 
	5  / true
5 --> 
	6  / true
6 --> 
* FSM state operations: 

 <State 1>: 2.39ns
ST_1: fft_config_inv_data_V [1/1] 0.00ns
.preheader51.preheader:0  %fft_config_inv_data_V = alloca i16, align 2

ST_1: fft_config_fwd_data_V [1/1] 0.00ns
.preheader51.preheader:1  %fft_config_fwd_data_V = alloca i16, align 2

ST_1: xn2_channel [1/1] 0.00ns
.preheader51.preheader:8  %xn2_channel = alloca i64, align 8

ST_1: xn_channel [1/1] 0.00ns
.preheader51.preheader:9  %xn_channel = alloca i64, align 8

ST_1: xk2_channel [1/1] 0.00ns
.preheader51.preheader:10  %xk2_channel = alloca i64, align 8

ST_1: xk_channel [1/1] 0.00ns
.preheader51.preheader:11  %xk_channel = alloca i64, align 8

ST_1: fft_status_fwd_data_V [1/1] 0.00ns
.preheader51.preheader:13  %fft_status_fwd_data_V = alloca i8, align 1

ST_1: fft_status_inv_data_V [1/1] 0.00ns
.preheader51.preheader:14  %fft_status_inv_data_V = alloca i8, align 1

ST_1: stg_15 [2/2] 2.39ns
.preheader51.preheader:23  call fastcc void @filter_top_dummy_proc_fe(i16* %fft_config_fwd_data_V, i16* %fft_config_inv_data_V, i64* %in_r, [2048 x i64]* %inxn2, i64* %xn_channel, i64* %xn2_channel)


 <State 2>: 0.00ns
ST_2: stg_16 [1/2] 0.00ns
.preheader51.preheader:23  call fastcc void @filter_top_dummy_proc_fe(i16* %fft_config_fwd_data_V, i16* %fft_config_inv_data_V, i64* %in_r, [2048 x i64]* %inxn2, i64* %xn_channel, i64* %xn2_channel)


 <State 3>: 4.38ns
ST_3: stg_17 [2/2] 4.38ns
.preheader51.preheader:28  call void @"fft<config1>"(i64* %xn_channel, i64* %xk_channel, i8* %fft_status_fwd_data_V, i16* %fft_config_fwd_data_V)

ST_3: stg_18 [2/2] 4.38ns
.preheader51.preheader:33  call void @"fft<config2>"(i64* %xn2_channel, i64* %xk2_channel, i8* %fft_status_inv_data_V, i16* %fft_config_inv_data_V)


 <State 4>: 4.38ns
ST_4: stg_19 [1/2] 4.38ns
.preheader51.preheader:28  call void @"fft<config1>"(i64* %xn_channel, i64* %xk_channel, i8* %fft_status_fwd_data_V, i16* %fft_config_fwd_data_V)

ST_4: stg_20 [1/2] 4.38ns
.preheader51.preheader:33  call void @"fft<config2>"(i64* %xn2_channel, i64* %xk2_channel, i8* %fft_status_inv_data_V, i16* %fft_config_inv_data_V)


 <State 5>: 0.00ns
ST_5: stg_21 [2/2] 0.00ns
.preheader51.preheader:38  call fastcc void @filter_top_dummy_proc_be([2048 x i64]* %coefs, i64* %xk_channel, i64* %xk2_channel, [2048 x i64]* %outxk1, i64* %out_r)


 <State 6>: 1.79ns
ST_6: stg_22 [1/1] 0.00ns
.preheader51.preheader:2  call void (...)* @_ssdm_op_SpecDataflowPipeline(i32 -1, [1 x i8]* @p_str1) nounwind

ST_6: stg_23 [1/1] 0.00ns
.preheader51.preheader:3  call void (...)* @_ssdm_op_SpecBitsMap([2048 x i64]* %outxk1), !map !7

ST_6: stg_24 [1/1] 0.00ns
.preheader51.preheader:4  call void (...)* @_ssdm_op_SpecBitsMap([2048 x i64]* %inxn2), !map !16

ST_6: stg_25 [1/1] 0.00ns
.preheader51.preheader:5  call void (...)* @_ssdm_op_SpecBitsMap(i64* %in_r), !map !23

ST_6: stg_26 [1/1] 0.00ns
.preheader51.preheader:6  call void (...)* @_ssdm_op_SpecBitsMap(i64* %out_r), !map !32

ST_6: stg_27 [1/1] 0.00ns
.preheader51.preheader:7  call void (...)* @_ssdm_op_SpecBitsMap([2048 x i64]* %coefs), !map !39

ST_6: stg_28 [1/1] 0.00ns
.preheader51.preheader:12  call void (...)* @_ssdm_op_SpecTopModule([11 x i8]* @str) nounwind

ST_6: stg_29 [1/1] 0.00ns
.preheader51.preheader:15  call void (...)* @_ssdm_op_SpecInterface([2048 x i64]* %coefs, [10 x i8]* @p_str2, i32 0, i32 0, i32 0, i32 0, [1 x i8]* @p_str1, [1 x i8]* @p_str1, [1 x i8]* @p_str1) nounwind

ST_6: stg_30 [1/1] 0.00ns
.preheader51.preheader:16  call void (...)* @_ssdm_op_SpecInterface(i64* %out_r, [6 x i8]* @p_str3, i32 0, i32 0, i32 0, i32 0, [1 x i8]* @p_str1, [1 x i8]* @p_str1, [1 x i8]* @p_str1)

ST_6: stg_31 [1/1] 0.00ns
.preheader51.preheader:17  call void (...)* @_ssdm_op_SpecInterface(i64* %in_r, [6 x i8]* @p_str3, i32 0, i32 0, i32 0, i32 0, [1 x i8]* @p_str1, [1 x i8]* @p_str1, [1 x i8]* @p_str1)

ST_6: stg_32 [1/1] 0.00ns
.preheader51.preheader:18  call void (...)* @_ssdm_op_SpecInterface([2048 x i64]* %outxk1, [10 x i8]* @p_str2, i32 0, i32 0, i32 0, i32 0, [1 x i8]* @p_str1, [1 x i8]* @p_str1, [1 x i8]* @p_str1) nounwind

ST_6: stg_33 [1/1] 0.00ns
.preheader51.preheader:19  call void (...)* @_ssdm_op_SpecMemCore([2048 x i64]* %outxk1, [1 x i8]* @p_str1, [7 x i8]* @p_str4, [1 x i8]* @p_str1, i32 -1, [1 x i8]* @p_str1, [1 x i8]* @p_str1, [1 x i8]* @p_str1)

ST_6: stg_34 [1/1] 0.00ns
.preheader51.preheader:20  call void (...)* @_ssdm_op_SpecMemCore([2048 x i64]* %inxn2, [1 x i8]* @p_str1, [12 x i8]* @p_str5, [1 x i8]* @p_str1, i32 -1, [1 x i8]* @p_str1, [1 x i8]* @p_str1, [1 x i8]* @p_str1)

ST_6: stg_35 [1/1] 0.00ns
.preheader51.preheader:21  call void (...)* @_ssdm_op_SpecInterface([2048 x i64]* %inxn2, [10 x i8]* @p_str2, i32 0, i32 0, i32 0, i32 0, [1 x i8]* @p_str1, [1 x i8]* @p_str1, [1 x i8]* @p_str1) nounwind

ST_6: stg_36 [1/1] 0.00ns
.preheader51.preheader:22  call void (...)* @_ssdm_op_SpecMemCore([2048 x i64]* %coefs, [1 x i8]* @p_str1, [12 x i8]* @p_str5, [1 x i8]* @p_str1, i32 -1, [1 x i8]* @p_str1, [1 x i8]* @p_str1, [1 x i8]* @p_str1)

ST_6: empty [1/1] 0.00ns
.preheader51.preheader:24  %empty = call i32 (...)* @_ssdm_op_SpecChannel([30 x i8]* @str62, i32 1, [1 x i8]* @str63, [1 x i8]* @str63, i32 2048, i32 0, i16* %fft_config_fwd_data_V, i16* %fft_config_fwd_data_V)

ST_6: stg_38 [1/1] 0.00ns
.preheader51.preheader:25  call void (...)* @_ssdm_op_SpecInterface(i16* %fft_config_fwd_data_V, [8 x i8]* @str64, i32 0, i32 0, i32 0, i32 0, [8 x i8]* @str64, [8 x i8]* @str64, [8 x i8]* @str64)

ST_6: empty_27 [1/1] 0.00ns
.preheader51.preheader:26  %empty_27 = call i32 (...)* @_ssdm_op_SpecChannel([3 x i8]* @str68, i32 1, [1 x i8]* @str69, [1 x i8]* @str69, i32 1344, i32 2048, i64* %xn_channel, i64* %xn_channel)

ST_6: stg_40 [1/1] 0.00ns
.preheader51.preheader:27  call void (...)* @_ssdm_op_SpecInterface(i64* %xn_channel, [8 x i8]* @str70, i32 0, i32 0, i32 0, i32 0, [8 x i8]* @str70, [8 x i8]* @str70, [8 x i8]* @str70)

ST_6: empty_28 [1/1] 0.00ns
.preheader51.preheader:29  %empty_28 = call i32 (...)* @_ssdm_op_SpecChannel([30 x i8]* @str65, i32 1, [1 x i8]* @str66, [1 x i8]* @str66, i32 2048, i32 0, i16* %fft_config_inv_data_V, i16* %fft_config_inv_data_V)

ST_6: stg_42 [1/1] 0.00ns
.preheader51.preheader:30  call void (...)* @_ssdm_op_SpecInterface(i16* %fft_config_inv_data_V, [8 x i8]* @str67, i32 0, i32 0, i32 0, i32 0, [8 x i8]* @str67, [8 x i8]* @str67, [8 x i8]* @str67)

ST_6: empty_29 [1/1] 0.00ns
.preheader51.preheader:31  %empty_29 = call i32 (...)* @_ssdm_op_SpecChannel([4 x i8]* @str71, i32 1, [1 x i8]* @str72, [1 x i8]* @str72, i32 64, i32 2048, i64* %xn2_channel, i64* %xn2_channel)

ST_6: stg_44 [1/1] 0.00ns
.preheader51.preheader:32  call void (...)* @_ssdm_op_SpecInterface(i64* %xn2_channel, [8 x i8]* @str73, i32 0, i32 0, i32 0, i32 0, [8 x i8]* @str73, [8 x i8]* @str73, [8 x i8]* @str73)

ST_6: empty_30 [1/1] 0.00ns
.preheader51.preheader:34  %empty_30 = call i32 (...)* @_ssdm_op_SpecChannel([3 x i8]* @str74, i32 1, [1 x i8]* @str75, [1 x i8]* @str75, i32 64, i32 2048, i64* %xk_channel, i64* %xk_channel)

ST_6: stg_46 [1/1] 0.00ns
.preheader51.preheader:35  call void (...)* @_ssdm_op_SpecInterface(i64* %xk_channel, [8 x i8]* @str76, i32 0, i32 0, i32 0, i32 0, [8 x i8]* @str76, [8 x i8]* @str76, [8 x i8]* @str76)

ST_6: empty_31 [1/1] 0.00ns
.preheader51.preheader:36  %empty_31 = call i32 (...)* @_ssdm_op_SpecChannel([4 x i8]* @str77, i32 1, [1 x i8]* @str78, [1 x i8]* @str78, i32 64, i32 2048, i64* %xk2_channel, i64* %xk2_channel)

ST_6: stg_48 [1/1] 0.00ns
.preheader51.preheader:37  call void (...)* @_ssdm_op_SpecInterface(i64* %xk2_channel, [8 x i8]* @str79, i32 0, i32 0, i32 0, i32 0, [8 x i8]* @str79, [8 x i8]* @str79, [8 x i8]* @str79)

ST_6: stg_49 [1/2] 1.79ns
.preheader51.preheader:38  call fastcc void @filter_top_dummy_proc_be([2048 x i64]* %coefs, i64* %xk_channel, i64* %xk2_channel, [2048 x i64]* %outxk1, i64* %out_r)

ST_6: stg_50 [1/1] 0.00ns
.preheader51.preheader:39  ret void



============================================================
+ Verbose Summary: Binding
============================================================
N/A
* FSMD analyzer results:
  - Output states:
  - Chain level:
	State 1
	State 2
	State 3
	State 4
	State 5
	State 6


============================================================
+ Verbose Summary: Datapath Resource usage 
============================================================
N/A
