

================================================================
== Vivado HLS Report for 'filter_top'
================================================================
* Date:           Fri Feb  2 16:43:26 2018

* Version:        2017.4 (Build 2086221 on Fri Dec 15 21:13:33 MST 2017)
* Project:        fft_filter_hlsprj
* Solution:       solution3
* Product family: kintex7
* Target device:  xc7k410tffg900-2


================================================================
== Performance Estimates
================================================================
+ Timing (ns): 
    * Summary: 
    +--------+-------+----------+------------+
    |  Clock | Target| Estimated| Uncertainty|
    +--------+-------+----------+------------+
    |ap_clk  |   3.30|      2.89|        0.41|
    +--------+-------+----------+------------+

+ Latency (clock cycles): 
    * Summary: 
    +-------+-------+-------+-------+----------+
    |    Latency    |    Interval   | Pipeline |
    |  min  |  max  |  min  |  max  |   Type   |
    +-------+-------+-------+-------+----------+
    |  18433|  18433|  18434|  18434| dataflow |
    +-------+-------+-------+-------+----------+

    + Detail: 
        * Instance: 
        +--------------------------+---------------+-------+-------+-------+-------+---------+
        |                          |               |    Latency    |    Interval   | Pipeline|
        |         Instance         |     Module    |  min  |  max  |  min  |  max  |   Type  |
        +--------------------------+---------------+-------+-------+-------+-------+---------+
        |grp_dummy_proc_be_fu_282  |dummy_proc_be  |  18433|  18433|  18433|  18433|   none  |
        |grp_dummy_proc_fe_fu_294  |dummy_proc_fe  |  10241|  10241|  10241|  10241|   none  |
        |grp_fft_config1_s_fu_310  |fft_config1_s  |   6278|   6278|   6278|   6278|   none  |
        |grp_fft_config2_s_fu_318  |fft_config2_s  |   6278|   6278|   6278|   6278|   none  |
        +--------------------------+---------------+-------+-------+-------+-------+---------+

        * Loop: 
        N/A

============================================================
+ Verbose Summary: Synthesis Manager
============================================================
InlineROM: 1
ExposeGlobal: 0
============================================================
+ Verbose Summary: CDFG Model
============================================================
IsTopModel: 1
ResetActiveHigh: 1
IsCombinational: 2
IsDatapathOnly: 0
HasWiredReturn: 1
HasMFsm: 0
HasVarLatency: 1
IsPipeline: 0
IsRtlPipelined: 0
IsInstanceOverlapped: 0
IsDontTouch: 0
HasImplIP: 0
IsGatedGlobalClock: 0


============================================================
+ Verbose Summary: Schedule
============================================================
* Number of FSM states : 6
* Pipeline : 0
* Dataflow Pipeline: 1
  DF-Pipeline-0: Size = 6, States = { 1 2 3 4 5 6 }

* FSM state transitions: 
1 --> 
	2  / true
2 --> 
	3  / true
3 --> 
	4  / true
4 --> 
	5  / true
5 --> 
	6  / true
6 --> 

* FSM state operations: 

 <State 1> : 0.00ns
ST_1 : Operation 7 [1/1] (0.00ns)   --->   "%fft_config_inv_data_s = alloca i16, align 2" [fft_filter_hlsprj/src/filter_fft.cpp:68]   --->   Core 32 'FIFO' <Latency = 0> <II = 1> <Delay = 2.81> <Storage> <Opcode : 'read' 'write' 'nbread' 'nbwrite'> <Ports = 0> <Width = 64> <Depth = 64> <FIFO>
ST_1 : Operation 8 [1/1] (0.00ns)   --->   "%fft_config_fwd_data_s = alloca i16, align 2" [fft_filter_hlsprj/src/filter_fft.cpp:67]   --->   Core 32 'FIFO' <Latency = 0> <II = 1> <Delay = 2.81> <Storage> <Opcode : 'read' 'write' 'nbread' 'nbwrite'> <Ports = 0> <Width = 64> <Depth = 64> <FIFO>
ST_1 : Operation 9 [1/1] (0.00ns)   --->   "%xk2_channel = alloca i64, align 8"   --->   Core 32 'FIFO' <Latency = 0> <II = 1> <Delay = 2.81> <Storage> <Opcode : 'read' 'write' 'nbread' 'nbwrite'> <Ports = 0> <Width = 64> <Depth = 64> <FIFO>
ST_1 : Operation 10 [1/1] (0.00ns)   --->   "%xn2_channel = alloca i64, align 8"   --->   Core 32 'FIFO' <Latency = 0> <II = 1> <Delay = 2.81> <Storage> <Opcode : 'read' 'write' 'nbread' 'nbwrite'> <Ports = 0> <Width = 64> <Depth = 64> <FIFO>
ST_1 : Operation 11 [1/1] (0.00ns)   --->   "%xk_channel = alloca i64, align 8"   --->   Core 32 'FIFO' <Latency = 0> <II = 1> <Delay = 2.81> <Storage> <Opcode : 'read' 'write' 'nbread' 'nbwrite'> <Ports = 0> <Width = 64> <Depth = 64> <FIFO>
ST_1 : Operation 12 [1/1] (0.00ns)   --->   "%xn_channel = alloca i64, align 8"   --->   Core 32 'FIFO' <Latency = 0> <II = 1> <Delay = 2.81> <Storage> <Opcode : 'read' 'write' 'nbread' 'nbwrite'> <Ports = 0> <Width = 64> <Depth = 64> <FIFO>
ST_1 : Operation 13 [1/1] (0.00ns)   --->   "%fft_status_fwd_data_s = alloca i8, align 1" [fft_filter_hlsprj/src/filter_fft.cpp:69]
ST_1 : Operation 14 [1/1] (0.00ns)   --->   "%fft_status_inv_data_s = alloca i8, align 1" [fft_filter_hlsprj/src/filter_fft.cpp:70]
ST_1 : Operation 15 [2/2] (0.00ns)   --->   "call fastcc void @dummy_proc_fe(i16* %fft_config_fwd_data_s, i16* %fft_config_inv_data_s, i64* %in_r, [2048 x i64]* %inxn2, i64* %xn_channel, i64* %xn2_channel)"   --->   Core 0 '' <Latency = 0> <II = 1> <Delay = 1.00> <Generic> <Opcode : >

 <State 2> : 0.00ns
ST_2 : Operation 16 [1/2] (0.00ns)   --->   "call fastcc void @dummy_proc_fe(i16* %fft_config_fwd_data_s, i16* %fft_config_inv_data_s, i64* %in_r, [2048 x i64]* %inxn2, i64* %xn_channel, i64* %xn2_channel)"   --->   Core 0 '' <Latency = 0> <II = 1> <Delay = 1.00> <Generic> <Opcode : >

 <State 3> : 2.89ns
ST_3 : Operation 17 [2/2] (2.88ns)   --->   "call fastcc void @"fft<config1>"(i64* %xn_channel, i64* %xk_channel, i8* %fft_status_fwd_data_s, i16* %fft_config_fwd_data_s)"   --->   Core 12 'Vivado_FFT' <Latency = 6278> <II = 0> <Delay = 2.00> <IPBlock> <Opcode : > <InPorts = 2> <OutPorts = 1> <Async> <VivadoIP> <CReg>
ST_3 : Operation 18 [2/2] (2.88ns)   --->   "call fastcc void @"fft<config2>"(i64* %xn2_channel, i64* %xk2_channel, i8* %fft_status_inv_data_s, i16* %fft_config_inv_data_s)"   --->   Core 12 'Vivado_FFT' <Latency = 6278> <II = 0> <Delay = 2.00> <IPBlock> <Opcode : > <InPorts = 2> <OutPorts = 1> <Async> <VivadoIP> <CReg>

 <State 4> : 2.89ns
ST_4 : Operation 19 [1/2] (2.88ns)   --->   "call fastcc void @"fft<config1>"(i64* %xn_channel, i64* %xk_channel, i8* %fft_status_fwd_data_s, i16* %fft_config_fwd_data_s)"   --->   Core 12 'Vivado_FFT' <Latency = 6278> <II = 0> <Delay = 2.00> <IPBlock> <Opcode : > <InPorts = 2> <OutPorts = 1> <Async> <VivadoIP> <CReg>
ST_4 : Operation 20 [1/2] (2.88ns)   --->   "call fastcc void @"fft<config2>"(i64* %xn2_channel, i64* %xk2_channel, i8* %fft_status_inv_data_s, i16* %fft_config_inv_data_s)"   --->   Core 12 'Vivado_FFT' <Latency = 6278> <II = 0> <Delay = 2.00> <IPBlock> <Opcode : > <InPorts = 2> <OutPorts = 1> <Async> <VivadoIP> <CReg>

 <State 5> : 0.00ns
ST_5 : Operation 21 [2/2] (0.00ns)   --->   "call fastcc void @dummy_proc_be([2048 x i64]* %coefs, i64* %xk_channel, i64* %xk2_channel, [2048 x i64]* %outxk1, i64* %out_r)"   --->   Core 0 '' <Latency = 0> <II = 1> <Delay = 1.00> <Generic> <Opcode : >

 <State 6> : 0.00ns
ST_6 : Operation 22 [1/1] (0.00ns)   --->   "call void (...)* @_ssdm_op_SpecDataflowPipeline(i32 -1, [1 x i8]* @p_str1) nounwind" [fft_filter_hlsprj/src/filter_fft.cpp:51]
ST_6 : Operation 23 [1/1] (0.00ns)   --->   "call void (...)* @_ssdm_op_SpecBitsMap(i64* %out_r), !map !98"
ST_6 : Operation 24 [1/1] (0.00ns)   --->   "call void (...)* @_ssdm_op_SpecBitsMap([2048 x i64]* %outxk1), !map !107"
ST_6 : Operation 25 [1/1] (0.00ns)   --->   "call void (...)* @_ssdm_op_SpecBitsMap([2048 x i64]* %inxn2), !map !116"
ST_6 : Operation 26 [1/1] (0.00ns)   --->   "call void (...)* @_ssdm_op_SpecBitsMap(i64* %in_r), !map !123"
ST_6 : Operation 27 [1/1] (0.00ns)   --->   "call void (...)* @_ssdm_op_SpecBitsMap([2048 x i64]* %coefs), !map !130"
ST_6 : Operation 28 [1/1] (0.00ns)   --->   "%empty = call i32 (...)* @_ssdm_op_SpecChannel([12 x i8]* @xk2_OC_channel_str, i32 1, [1 x i8]* @p_str208, [1 x i8]* @p_str208, i32 64, i32 2048, i64* %xk2_channel, i64* %xk2_channel)"
ST_6 : Operation 29 [1/1] (0.00ns)   --->   "call void (...)* @_ssdm_op_SpecInterface(i64* %xk2_channel, [8 x i8]* @ap_fifo_str, i32 0, i32 0, [1 x i8]* @p_str209, i32 0, i32 0, [1 x i8]* @p_str210, [1 x i8]* @p_str211, [1 x i8]* @p_str212, i32 2, i32 2, i32 16, i32 16, [1 x i8]* @p_str213, [1 x i8]* @p_str214)"
ST_6 : Operation 30 [1/1] (0.00ns)   --->   "%empty_17 = call i32 (...)* @_ssdm_op_SpecChannel([12 x i8]* @xn2_OC_channel_str, i32 1, [1 x i8]* @p_str201, [1 x i8]* @p_str201, i32 64, i32 2048, i64* %xn2_channel, i64* %xn2_channel)"
ST_6 : Operation 31 [1/1] (0.00ns)   --->   "call void (...)* @_ssdm_op_SpecInterface(i64* %xn2_channel, [8 x i8]* @ap_fifo_str, i32 0, i32 0, [1 x i8]* @p_str202, i32 0, i32 0, [1 x i8]* @p_str203, [1 x i8]* @p_str204, [1 x i8]* @p_str205, i32 2, i32 2, i32 16, i32 16, [1 x i8]* @p_str206, [1 x i8]* @p_str207)"
ST_6 : Operation 32 [1/1] (0.00ns)   --->   "%empty_18 = call i32 (...)* @_ssdm_op_SpecChannel([11 x i8]* @xk_OC_channel_str, i32 1, [1 x i8]* @p_str194, [1 x i8]* @p_str194, i32 64, i32 2048, i64* %xk_channel, i64* %xk_channel)"
ST_6 : Operation 33 [1/1] (0.00ns)   --->   "call void (...)* @_ssdm_op_SpecInterface(i64* %xk_channel, [8 x i8]* @ap_fifo_str, i32 0, i32 0, [1 x i8]* @p_str195, i32 0, i32 0, [1 x i8]* @p_str196, [1 x i8]* @p_str197, [1 x i8]* @p_str198, i32 2, i32 2, i32 16, i32 16, [1 x i8]* @p_str199, [1 x i8]* @p_str200)"
ST_6 : Operation 34 [1/1] (0.00ns)   --->   "%empty_19 = call i32 (...)* @_ssdm_op_SpecChannel([11 x i8]* @xn_OC_channel_str, i32 1, [1 x i8]* @p_str187, [1 x i8]* @p_str187, i32 1344, i32 2048, i64* %xn_channel, i64* %xn_channel)"
ST_6 : Operation 35 [1/1] (0.00ns)   --->   "call void (...)* @_ssdm_op_SpecInterface(i64* %xn_channel, [8 x i8]* @ap_fifo_str, i32 0, i32 0, [1 x i8]* @p_str188, i32 0, i32 0, [1 x i8]* @p_str189, [1 x i8]* @p_str190, [1 x i8]* @p_str191, i32 2, i32 2, i32 16, i32 16, [1 x i8]* @p_str192, [1 x i8]* @p_str193)"
ST_6 : Operation 36 [1/1] (0.00ns)   --->   "call void (...)* @_ssdm_op_SpecTopModule([11 x i8]* @filter_top_str) nounwind"
ST_6 : Operation 37 [1/1] (0.00ns)   --->   "call void (...)* @_ssdm_op_SpecInterface(i64* %out_r, [8 x i8]* @p_str, i32 0, i32 0, [1 x i8]* @p_str1, i32 0, i32 0, [1 x i8]* @p_str1, [1 x i8]* @p_str1, [1 x i8]* @p_str1, i32 0, i32 0, i32 0, i32 0, [1 x i8]* @p_str1, [1 x i8]* @p_str1)"
ST_6 : Operation 38 [1/1] (0.00ns)   --->   "call void (...)* @_ssdm_op_SpecInterface([2048 x i64]* %outxk1, [10 x i8]* @p_str2, i32 0, i32 0, [1 x i8]* @p_str1, i32 0, i32 0, [1 x i8]* @p_str1, [1 x i8]* @p_str1, [1 x i8]* @p_str1, i32 0, i32 0, i32 0, i32 0, [1 x i8]* @p_str1, [1 x i8]* @p_str1) nounwind"
ST_6 : Operation 39 [1/1] (0.00ns)   --->   "call void (...)* @_ssdm_op_SpecInterface([2048 x i64]* %inxn2, [10 x i8]* @p_str2, i32 0, i32 0, [1 x i8]* @p_str1, i32 0, i32 0, [1 x i8]* @p_str1, [1 x i8]* @p_str1, [1 x i8]* @p_str1, i32 0, i32 0, i32 0, i32 0, [1 x i8]* @p_str1, [1 x i8]* @p_str1) nounwind"
ST_6 : Operation 40 [1/1] (0.00ns)   --->   "call void (...)* @_ssdm_op_SpecInterface(i64* %in_r, [8 x i8]* @p_str, i32 0, i32 0, [1 x i8]* @p_str1, i32 0, i32 0, [1 x i8]* @p_str1, [1 x i8]* @p_str1, [1 x i8]* @p_str1, i32 0, i32 0, i32 0, i32 0, [1 x i8]* @p_str1, [1 x i8]* @p_str1)"
ST_6 : Operation 41 [1/1] (0.00ns)   --->   "call void (...)* @_ssdm_op_SpecInterface([2048 x i64]* %coefs, [10 x i8]* @p_str2, i32 0, i32 0, [1 x i8]* @p_str1, i32 0, i32 0, [1 x i8]* @p_str1, [1 x i8]* @p_str1, [1 x i8]* @p_str1, i32 0, i32 0, i32 0, i32 0, [1 x i8]* @p_str1, [1 x i8]* @p_str1) nounwind"
ST_6 : Operation 42 [1/1] (0.00ns)   --->   "call void (...)* @_ssdm_op_SpecMemCore([2048 x i64]* %outxk1, [1 x i8]* @p_str1, [12 x i8]* @p_str3, [1 x i8]* @p_str1, i32 -1, [1 x i8]* @p_str1, [1 x i8]* @p_str1, [1 x i8]* @p_str1, [1 x i8]* @p_str1, [1 x i8]* @p_str1)"
ST_6 : Operation 43 [1/1] (0.00ns)   --->   "call void (...)* @_ssdm_op_SpecMemCore([2048 x i64]* %inxn2, [1 x i8]* @p_str1, [12 x i8]* @p_str4, [1 x i8]* @p_str1, i32 -1, [1 x i8]* @p_str1, [1 x i8]* @p_str1, [1 x i8]* @p_str1, [1 x i8]* @p_str1, [1 x i8]* @p_str1)"
ST_6 : Operation 44 [1/1] (0.00ns)   --->   "call void (...)* @_ssdm_op_SpecInterface([2048 x i64]* %inxn2, [10 x i8]* @p_str2, i32 0, i32 0, [1 x i8]* @p_str1, i32 0, i32 0, [1 x i8]* @p_str1, [1 x i8]* @p_str1, [1 x i8]* @p_str1, i32 0, i32 0, i32 0, i32 0, [1 x i8]* @p_str1, [1 x i8]* @p_str1) nounwind"
ST_6 : Operation 45 [1/1] (0.00ns)   --->   "call void (...)* @_ssdm_op_SpecMemCore([2048 x i64]* %coefs, [1 x i8]* @p_str1, [12 x i8]* @p_str4, [1 x i8]* @p_str1, i32 -1, [1 x i8]* @p_str1, [1 x i8]* @p_str1, [1 x i8]* @p_str1, [1 x i8]* @p_str1, [1 x i8]* @p_str1)"
ST_6 : Operation 46 [1/1] (0.00ns)   --->   "%empty_20 = call i32 (...)* @_ssdm_op_SpecChannel([30 x i8]* @fft_config_fwd_OC_da, i32 1, [1 x i8]* @p_str55, [1 x i8]* @p_str55, i32 2048, i32 0, i16* %fft_config_fwd_data_s, i16* %fft_config_fwd_data_s)"
ST_6 : Operation 47 [1/1] (0.00ns)   --->   "call void (...)* @_ssdm_op_SpecInterface(i16* %fft_config_fwd_data_s, [8 x i8]* @ap_fifo_str, i32 0, i32 0, [1 x i8]* @p_str56, i32 0, i32 0, [1 x i8]* @p_str57, [1 x i8]* @p_str58, [1 x i8]* @p_str59, i32 2, i32 2, i32 16, i32 16, [1 x i8]* @p_str60, [1 x i8]* @p_str61)"
ST_6 : Operation 48 [1/1] (0.00ns)   --->   "%empty_21 = call i32 (...)* @_ssdm_op_SpecChannel([3 x i8]* @xn_str, i32 1, [1 x i8]* @p_str69, [1 x i8]* @p_str69, i32 1344, i32 2048, i64* %xn_channel, i64* %xn_channel)"
ST_6 : Operation 49 [1/1] (0.00ns)   --->   "call void (...)* @_ssdm_op_SpecInterface(i64* %xn_channel, [8 x i8]* @ap_fifo_str, i32 0, i32 0, [1 x i8]* @p_str70, i32 0, i32 0, [1 x i8]* @p_str71, [1 x i8]* @p_str72, [1 x i8]* @p_str73, i32 2, i32 2, i32 16, i32 16, [1 x i8]* @p_str74, [1 x i8]* @p_str75)"
ST_6 : Operation 50 [1/1] (0.00ns)   --->   "call void (...)* @_ssdm_op_SpecInterface(i8* %fft_status_fwd_data_s, [8 x i8]* @ap_fifo_str, i32 0, i32 0, [1 x i8]* @p_str173, i32 0, i32 0, [1 x i8]* @p_str174, [1 x i8]* @p_str175, [1 x i8]* @p_str176, i32 2, i32 2, i32 16, i32 16, [1 x i8]* @p_str177, [1 x i8]* @p_str178)"
ST_6 : Operation 51 [1/1] (0.00ns)   --->   "%empty_22 = call i32 (...)* @_ssdm_op_SpecChannel([30 x i8]* @fft_config_inv_OC_da, i32 1, [1 x i8]* @p_str62, [1 x i8]* @p_str62, i32 2048, i32 0, i16* %fft_config_inv_data_s, i16* %fft_config_inv_data_s)"
ST_6 : Operation 52 [1/1] (0.00ns)   --->   "call void (...)* @_ssdm_op_SpecInterface(i16* %fft_config_inv_data_s, [8 x i8]* @ap_fifo_str, i32 0, i32 0, [1 x i8]* @p_str63, i32 0, i32 0, [1 x i8]* @p_str64, [1 x i8]* @p_str65, [1 x i8]* @p_str66, i32 2, i32 2, i32 16, i32 16, [1 x i8]* @p_str67, [1 x i8]* @p_str68)"
ST_6 : Operation 53 [1/1] (0.00ns)   --->   "%empty_23 = call i32 (...)* @_ssdm_op_SpecChannel([4 x i8]* @xn2_str, i32 1, [1 x i8]* @p_str76, [1 x i8]* @p_str76, i32 64, i32 2048, i64* %xn2_channel, i64* %xn2_channel)"
ST_6 : Operation 54 [1/1] (0.00ns)   --->   "call void (...)* @_ssdm_op_SpecInterface(i64* %xn2_channel, [8 x i8]* @ap_fifo_str, i32 0, i32 0, [1 x i8]* @p_str77, i32 0, i32 0, [1 x i8]* @p_str78, [1 x i8]* @p_str79, [1 x i8]* @p_str80, i32 2, i32 2, i32 16, i32 16, [1 x i8]* @p_str81, [1 x i8]* @p_str82)"
ST_6 : Operation 55 [1/1] (0.00ns)   --->   "call void (...)* @_ssdm_op_SpecInterface(i8* %fft_status_inv_data_s, [8 x i8]* @ap_fifo_str, i32 0, i32 0, [1 x i8]* @p_str180, i32 0, i32 0, [1 x i8]* @p_str181, [1 x i8]* @p_str182, [1 x i8]* @p_str183, i32 2, i32 2, i32 16, i32 16, [1 x i8]* @p_str184, [1 x i8]* @p_str185)"
ST_6 : Operation 56 [1/1] (0.00ns)   --->   "%empty_24 = call i32 (...)* @_ssdm_op_SpecChannel([3 x i8]* @xk_str, i32 1, [1 x i8]* @p_str83, [1 x i8]* @p_str83, i32 64, i32 2048, i64* %xk_channel, i64* %xk_channel)"
ST_6 : Operation 57 [1/1] (0.00ns)   --->   "call void (...)* @_ssdm_op_SpecInterface(i64* %xk_channel, [8 x i8]* @ap_fifo_str, i32 0, i32 0, [1 x i8]* @p_str84, i32 0, i32 0, [1 x i8]* @p_str85, [1 x i8]* @p_str86, [1 x i8]* @p_str87, i32 2, i32 2, i32 16, i32 16, [1 x i8]* @p_str88, [1 x i8]* @p_str89)"
ST_6 : Operation 58 [1/1] (0.00ns)   --->   "%empty_25 = call i32 (...)* @_ssdm_op_SpecChannel([4 x i8]* @xk2_str, i32 1, [1 x i8]* @p_str90, [1 x i8]* @p_str90, i32 64, i32 2048, i64* %xk2_channel, i64* %xk2_channel)"
ST_6 : Operation 59 [1/1] (0.00ns)   --->   "call void (...)* @_ssdm_op_SpecInterface(i64* %xk2_channel, [8 x i8]* @ap_fifo_str, i32 0, i32 0, [1 x i8]* @p_str91, i32 0, i32 0, [1 x i8]* @p_str92, [1 x i8]* @p_str93, [1 x i8]* @p_str94, i32 2, i32 2, i32 16, i32 16, [1 x i8]* @p_str95, [1 x i8]* @p_str96)"
ST_6 : Operation 60 [1/2] (0.00ns)   --->   "call fastcc void @dummy_proc_be([2048 x i64]* %coefs, i64* %xk_channel, i64* %xk2_channel, [2048 x i64]* %outxk1, i64* %out_r)"   --->   Core 0 '' <Latency = 0> <II = 1> <Delay = 1.00> <Generic> <Opcode : >
ST_6 : Operation 61 [1/1] (0.00ns)   --->   "ret void" [fft_filter_hlsprj/src/filter_fft.cpp:81]


============================================================
+ Verbose Summary: Binding
============================================================
STG Binding: 
---------------- STG Properties BEGIN ----------------
- Is combinational: 0
- Is one-state seq: 0
- Is datapath-only: 0
- Is pipelined: 0
- Is top level: 1
Port [ Return ] is wired: 1; IO mode=ap_ctrl_hs:ce=0
Port [ coefs]:  wired=1; compound=1; hidden=0; nouse=0; global=0; static=0; extern=0; dir=0; type=1; pingpong=0; private_global=0; MemPort=[1]; IO mode=ap_memory:ce=0
Port [ in_r]:  wired=1; compound=1; hidden=0; nouse=0; global=0; static=0; extern=0; dir=0; type=3; pingpong=0; private_global=0; IO mode=ap_fifo:ce=0
Port [ inxn2]:  wired=1; compound=1; hidden=0; nouse=0; global=0; static=0; extern=0; dir=0; type=1; pingpong=0; private_global=0; MemPort=[1]; IO mode=ap_memory:ce=0
Port [ outxk1]:  wired=1; compound=1; hidden=0; nouse=0; global=0; static=0; extern=0; dir=1; type=1; pingpong=0; private_global=0; MemPort=[0]; IO mode=ap_memory:ce=0
Port [ out_r]:  wired=1; compound=1; hidden=0; nouse=0; global=0; static=0; extern=0; dir=1; type=3; pingpong=0; private_global=0; IO mode=ap_fifo:ce=0
Port [ detector_tail_M_rea]:  wired=0; compound=1; hidden=1; nouse=1; global=1; static=1; extern=0; dir=2; type=1; pingpong=0; private_global=0; linkage=7; visibility=0; MemPort=[23]; IO mode=ap_memory:ce=0
Port [ detector_tail_M_ima]:  wired=0; compound=1; hidden=1; nouse=1; global=1; static=1; extern=0; dir=2; type=1; pingpong=0; private_global=0; linkage=7; visibility=0; MemPort=[23]; IO mode=ap_memory:ce=0
---------------- STG Properties END ------------------

---------------- Datapath Model BEGIN ----------------

<LifeTime>
<method=bitvector/>
fft_config_inv_data_s (alloca              ) [ 0111111]
fft_config_fwd_data_s (alloca              ) [ 0111111]
xk2_channel           (alloca              ) [ 0011111]
xn2_channel           (alloca              ) [ 0111111]
xk_channel            (alloca              ) [ 0011111]
xn_channel            (alloca              ) [ 0111111]
fft_status_fwd_data_s (alloca              ) [ 0011111]
fft_status_inv_data_s (alloca              ) [ 0011111]
StgValue_16           (call                ) [ 0000000]
StgValue_19           (call                ) [ 0000000]
StgValue_20           (call                ) [ 0000000]
StgValue_22           (specdataflowpipeline) [ 0000000]
StgValue_23           (specbitsmap         ) [ 0000000]
StgValue_24           (specbitsmap         ) [ 0000000]
StgValue_25           (specbitsmap         ) [ 0000000]
StgValue_26           (specbitsmap         ) [ 0000000]
StgValue_27           (specbitsmap         ) [ 0000000]
empty                 (specchannel         ) [ 0000000]
StgValue_29           (specinterface       ) [ 0000000]
empty_17              (specchannel         ) [ 0000000]
StgValue_31           (specinterface       ) [ 0000000]
empty_18              (specchannel         ) [ 0000000]
StgValue_33           (specinterface       ) [ 0000000]
empty_19              (specchannel         ) [ 0000000]
StgValue_35           (specinterface       ) [ 0000000]
StgValue_36           (spectopmodule       ) [ 0000000]
StgValue_37           (specinterface       ) [ 0000000]
StgValue_38           (specinterface       ) [ 0000000]
StgValue_39           (specinterface       ) [ 0000000]
StgValue_40           (specinterface       ) [ 0000000]
StgValue_41           (specinterface       ) [ 0000000]
StgValue_42           (specmemcore         ) [ 0000000]
StgValue_43           (specmemcore         ) [ 0000000]
StgValue_44           (specinterface       ) [ 0000000]
StgValue_45           (specmemcore         ) [ 0000000]
empty_20              (specchannel         ) [ 0000000]
StgValue_47           (specinterface       ) [ 0000000]
empty_21              (specchannel         ) [ 0000000]
StgValue_49           (specinterface       ) [ 0000000]
StgValue_50           (specinterface       ) [ 0000000]
empty_22              (specchannel         ) [ 0000000]
StgValue_52           (specinterface       ) [ 0000000]
empty_23              (specchannel         ) [ 0000000]
StgValue_54           (specinterface       ) [ 0000000]
StgValue_55           (specinterface       ) [ 0000000]
empty_24              (specchannel         ) [ 0000000]
StgValue_57           (specinterface       ) [ 0000000]
empty_25              (specchannel         ) [ 0000000]
StgValue_59           (specinterface       ) [ 0000000]
StgValue_60           (call                ) [ 0000000]
StgValue_61           (ret                 ) [ 0000000]
</LifeTime>

<model>

<comp_list>
<comp id="0" class="1000" name="coefs">
<pin_list>
<pin id="1" dir="1" index="0" bw="1" slack="0"/>
</pin_list>
<bind>
<StgValue><ssdm name="coefs"/><MemPortTyVec>1 </MemPortTyVec>
</StgValue>
</bind>
</comp>

<comp id="2" class="1000" name="in_r">
<pin_list>
<pin id="3" dir="1" index="0" bw="1" slack="0"/>
</pin_list>
<bind>
<StgValue><ssdm name="in_r"/></StgValue>
</bind>
</comp>

<comp id="4" class="1000" name="inxn2">
<pin_list>
<pin id="5" dir="1" index="0" bw="1" slack="0"/>
</pin_list>
<bind>
<StgValue><ssdm name="inxn2"/><MemPortTyVec>1 </MemPortTyVec>
</StgValue>
</bind>
</comp>

<comp id="6" class="1000" name="outxk1">
<pin_list>
<pin id="7" dir="1" index="0" bw="1" slack="0"/>
</pin_list>
<bind>
<StgValue><ssdm name="outxk1"/><MemPortTyVec>0 </MemPortTyVec>
</StgValue>
</bind>
</comp>

<comp id="8" class="1000" name="out_r">
<pin_list>
<pin id="9" dir="1" index="0" bw="1" slack="0"/>
</pin_list>
<bind>
<StgValue><ssdm name="out_r"/></StgValue>
</bind>
</comp>

<comp id="10" class="1000" name="detector_tail_M_rea">
<pin_list>
<pin id="11" dir="1" index="0" bw="1" slack="0"/>
</pin_list>
<bind>
<StgValue><ssdm name="detector_tail_M_rea"/><MemPortTyVec>2 3 </MemPortTyVec>
</StgValue>
</bind>
</comp>

<comp id="12" class="1000" name="detector_tail_M_ima">
<pin_list>
<pin id="13" dir="1" index="0" bw="1" slack="0"/>
</pin_list>
<bind>
<StgValue><ssdm name="detector_tail_M_ima"/><MemPortTyVec>2 3 </MemPortTyVec>
</StgValue>
</bind>
</comp>

<comp id="14" class="1001" name="const_14">
<pin_list>
<pin id="15" dir="1" index="0" bw="1" slack="0"/>
</pin_list>
<bind>
<StgValue><ssdm name=""/></StgValue>
</bind>
</comp>

<comp id="16" class="1001" name="const_16">
<pin_list>
<pin id="17" dir="1" index="0" bw="1" slack="0"/>
</pin_list>
<bind>
<StgValue><ssdm name="dummy_proc_fe"/></StgValue>
</bind>
</comp>

<comp id="18" class="1001" name="const_18">
<pin_list>
<pin id="19" dir="1" index="0" bw="1" slack="0"/>
</pin_list>
<bind>
<StgValue><ssdm name="fft<config1>"/></StgValue>
</bind>
</comp>

<comp id="20" class="1001" name="const_20">
<pin_list>
<pin id="21" dir="1" index="0" bw="1" slack="0"/>
</pin_list>
<bind>
<StgValue><ssdm name="fft<config2>"/></StgValue>
</bind>
</comp>

<comp id="22" class="1001" name="const_22">
<pin_list>
<pin id="23" dir="1" index="0" bw="1" slack="0"/>
</pin_list>
<bind>
<StgValue><ssdm name="dummy_proc_be"/></StgValue>
</bind>
</comp>

<comp id="24" class="1001" name="const_24">
<pin_list>
<pin id="25" dir="1" index="0" bw="1" slack="2147483647"/>
</pin_list>
<bind>
<StgValue><ssdm name="_ssdm_op_SpecDataflowPipeline"/></StgValue>
</bind>
</comp>

<comp id="26" class="1001" name="const_26">
<pin_list>
<pin id="27" dir="1" index="0" bw="1" slack="2147483647"/>
</pin_list>
<bind>
<StgValue><ssdm name=""/></StgValue>
</bind>
</comp>

<comp id="28" class="1001" name="const_28">
<pin_list>
<pin id="29" dir="1" index="0" bw="1" slack="2147483647"/>
</pin_list>
<bind>
<StgValue><ssdm name="p_str1"/></StgValue>
</bind>
</comp>

<comp id="30" class="1001" name="const_30">
<pin_list>
<pin id="31" dir="1" index="0" bw="1" slack="2147483647"/>
</pin_list>
<bind>
<StgValue><ssdm name="_ssdm_op_SpecBitsMap"/></StgValue>
</bind>
</comp>

<comp id="32" class="1001" name="const_32">
<pin_list>
<pin id="33" dir="1" index="0" bw="1" slack="2147483647"/>
</pin_list>
<bind>
<StgValue><ssdm name="_ssdm_op_SpecChannel"/></StgValue>
</bind>
</comp>

<comp id="34" class="1001" name="const_34">
<pin_list>
<pin id="35" dir="1" index="0" bw="1" slack="2147483647"/>
</pin_list>
<bind>
<StgValue><ssdm name="xk2_OC_channel_str"/></StgValue>
</bind>
</comp>

<comp id="36" class="1001" name="const_36">
<pin_list>
<pin id="37" dir="1" index="0" bw="1" slack="2147483647"/>
</pin_list>
<bind>
<StgValue><ssdm name=""/></StgValue>
</bind>
</comp>

<comp id="38" class="1001" name="const_38">
<pin_list>
<pin id="39" dir="1" index="0" bw="1" slack="2147483647"/>
</pin_list>
<bind>
<StgValue><ssdm name="p_str208"/></StgValue>
</bind>
</comp>

<comp id="40" class="1001" name="const_40">
<pin_list>
<pin id="41" dir="1" index="0" bw="1" slack="2147483647"/>
</pin_list>
<bind>
<StgValue><ssdm name=""/></StgValue>
</bind>
</comp>

<comp id="42" class="1001" name="const_42">
<pin_list>
<pin id="43" dir="1" index="0" bw="1" slack="2147483647"/>
</pin_list>
<bind>
<StgValue><ssdm name=""/></StgValue>
</bind>
</comp>

<comp id="44" class="1001" name="const_44">
<pin_list>
<pin id="45" dir="1" index="0" bw="1" slack="2147483647"/>
</pin_list>
<bind>
<StgValue><ssdm name="_ssdm_op_SpecInterface"/></StgValue>
</bind>
</comp>

<comp id="46" class="1001" name="const_46">
<pin_list>
<pin id="47" dir="1" index="0" bw="1" slack="2147483647"/>
</pin_list>
<bind>
<StgValue><ssdm name="ap_fifo_str"/></StgValue>
</bind>
</comp>

<comp id="48" class="1001" name="const_48">
<pin_list>
<pin id="49" dir="1" index="0" bw="1" slack="2147483647"/>
</pin_list>
<bind>
<StgValue><ssdm name=""/></StgValue>
</bind>
</comp>

<comp id="50" class="1001" name="const_50">
<pin_list>
<pin id="51" dir="1" index="0" bw="1" slack="2147483647"/>
</pin_list>
<bind>
<StgValue><ssdm name="p_str209"/></StgValue>
</bind>
</comp>

<comp id="52" class="1001" name="const_52">
<pin_list>
<pin id="53" dir="1" index="0" bw="1" slack="2147483647"/>
</pin_list>
<bind>
<StgValue><ssdm name="p_str210"/></StgValue>
</bind>
</comp>

<comp id="54" class="1001" name="const_54">
<pin_list>
<pin id="55" dir="1" index="0" bw="1" slack="2147483647"/>
</pin_list>
<bind>
<StgValue><ssdm name="p_str211"/></StgValue>
</bind>
</comp>

<comp id="56" class="1001" name="const_56">
<pin_list>
<pin id="57" dir="1" index="0" bw="1" slack="2147483647"/>
</pin_list>
<bind>
<StgValue><ssdm name="p_str212"/></StgValue>
</bind>
</comp>

<comp id="58" class="1001" name="const_58">
<pin_list>
<pin id="59" dir="1" index="0" bw="1" slack="2147483647"/>
</pin_list>
<bind>
<StgValue><ssdm name=""/></StgValue>
</bind>
</comp>

<comp id="60" class="1001" name="const_60">
<pin_list>
<pin id="61" dir="1" index="0" bw="1" slack="2147483647"/>
</pin_list>
<bind>
<StgValue><ssdm name=""/></StgValue>
</bind>
</comp>

<comp id="62" class="1001" name="const_62">
<pin_list>
<pin id="63" dir="1" index="0" bw="1" slack="2147483647"/>
</pin_list>
<bind>
<StgValue><ssdm name="p_str213"/></StgValue>
</bind>
</comp>

<comp id="64" class="1001" name="const_64">
<pin_list>
<pin id="65" dir="1" index="0" bw="1" slack="2147483647"/>
</pin_list>
<bind>
<StgValue><ssdm name="p_str214"/></StgValue>
</bind>
</comp>

<comp id="66" class="1001" name="const_66">
<pin_list>
<pin id="67" dir="1" index="0" bw="1" slack="2147483647"/>
</pin_list>
<bind>
<StgValue><ssdm name="xn2_OC_channel_str"/></StgValue>
</bind>
</comp>

<comp id="68" class="1001" name="const_68">
<pin_list>
<pin id="69" dir="1" index="0" bw="1" slack="2147483647"/>
</pin_list>
<bind>
<StgValue><ssdm name="p_str201"/></StgValue>
</bind>
</comp>

<comp id="70" class="1001" name="const_70">
<pin_list>
<pin id="71" dir="1" index="0" bw="1" slack="2147483647"/>
</pin_list>
<bind>
<StgValue><ssdm name="p_str202"/></StgValue>
</bind>
</comp>

<comp id="72" class="1001" name="const_72">
<pin_list>
<pin id="73" dir="1" index="0" bw="1" slack="2147483647"/>
</pin_list>
<bind>
<StgValue><ssdm name="p_str203"/></StgValue>
</bind>
</comp>

<comp id="74" class="1001" name="const_74">
<pin_list>
<pin id="75" dir="1" index="0" bw="1" slack="2147483647"/>
</pin_list>
<bind>
<StgValue><ssdm name="p_str204"/></StgValue>
</bind>
</comp>

<comp id="76" class="1001" name="const_76">
<pin_list>
<pin id="77" dir="1" index="0" bw="1" slack="2147483647"/>
</pin_list>
<bind>
<StgValue><ssdm name="p_str205"/></StgValue>
</bind>
</comp>

<comp id="78" class="1001" name="const_78">
<pin_list>
<pin id="79" dir="1" index="0" bw="1" slack="2147483647"/>
</pin_list>
<bind>
<StgValue><ssdm name="p_str206"/></StgValue>
</bind>
</comp>

<comp id="80" class="1001" name="const_80">
<pin_list>
<pin id="81" dir="1" index="0" bw="1" slack="2147483647"/>
</pin_list>
<bind>
<StgValue><ssdm name="p_str207"/></StgValue>
</bind>
</comp>

<comp id="82" class="1001" name="const_82">
<pin_list>
<pin id="83" dir="1" index="0" bw="1" slack="2147483647"/>
</pin_list>
<bind>
<StgValue><ssdm name="xk_OC_channel_str"/></StgValue>
</bind>
</comp>

<comp id="84" class="1001" name="const_84">
<pin_list>
<pin id="85" dir="1" index="0" bw="1" slack="2147483647"/>
</pin_list>
<bind>
<StgValue><ssdm name="p_str194"/></StgValue>
</bind>
</comp>

<comp id="86" class="1001" name="const_86">
<pin_list>
<pin id="87" dir="1" index="0" bw="1" slack="2147483647"/>
</pin_list>
<bind>
<StgValue><ssdm name="p_str195"/></StgValue>
</bind>
</comp>

<comp id="88" class="1001" name="const_88">
<pin_list>
<pin id="89" dir="1" index="0" bw="1" slack="2147483647"/>
</pin_list>
<bind>
<StgValue><ssdm name="p_str196"/></StgValue>
</bind>
</comp>

<comp id="90" class="1001" name="const_90">
<pin_list>
<pin id="91" dir="1" index="0" bw="1" slack="2147483647"/>
</pin_list>
<bind>
<StgValue><ssdm name="p_str197"/></StgValue>
</bind>
</comp>

<comp id="92" class="1001" name="const_92">
<pin_list>
<pin id="93" dir="1" index="0" bw="1" slack="2147483647"/>
</pin_list>
<bind>
<StgValue><ssdm name="p_str198"/></StgValue>
</bind>
</comp>

<comp id="94" class="1001" name="const_94">
<pin_list>
<pin id="95" dir="1" index="0" bw="1" slack="2147483647"/>
</pin_list>
<bind>
<StgValue><ssdm name="p_str199"/></StgValue>
</bind>
</comp>

<comp id="96" class="1001" name="const_96">
<pin_list>
<pin id="97" dir="1" index="0" bw="1" slack="2147483647"/>
</pin_list>
<bind>
<StgValue><ssdm name="p_str200"/></StgValue>
</bind>
</comp>

<comp id="98" class="1001" name="const_98">
<pin_list>
<pin id="99" dir="1" index="0" bw="1" slack="2147483647"/>
</pin_list>
<bind>
<StgValue><ssdm name="xn_OC_channel_str"/></StgValue>
</bind>
</comp>

<comp id="100" class="1001" name="const_100">
<pin_list>
<pin id="101" dir="1" index="0" bw="1" slack="2147483647"/>
</pin_list>
<bind>
<StgValue><ssdm name="p_str187"/></StgValue>
</bind>
</comp>

<comp id="102" class="1001" name="const_102">
<pin_list>
<pin id="103" dir="1" index="0" bw="1" slack="2147483647"/>
</pin_list>
<bind>
<StgValue><ssdm name=""/></StgValue>
</bind>
</comp>

<comp id="104" class="1001" name="const_104">
<pin_list>
<pin id="105" dir="1" index="0" bw="1" slack="2147483647"/>
</pin_list>
<bind>
<StgValue><ssdm name="p_str188"/></StgValue>
</bind>
</comp>

<comp id="106" class="1001" name="const_106">
<pin_list>
<pin id="107" dir="1" index="0" bw="1" slack="2147483647"/>
</pin_list>
<bind>
<StgValue><ssdm name="p_str189"/></StgValue>
</bind>
</comp>

<comp id="108" class="1001" name="const_108">
<pin_list>
<pin id="109" dir="1" index="0" bw="1" slack="2147483647"/>
</pin_list>
<bind>
<StgValue><ssdm name="p_str190"/></StgValue>
</bind>
</comp>

<comp id="110" class="1001" name="const_110">
<pin_list>
<pin id="111" dir="1" index="0" bw="1" slack="2147483647"/>
</pin_list>
<bind>
<StgValue><ssdm name="p_str191"/></StgValue>
</bind>
</comp>

<comp id="112" class="1001" name="const_112">
<pin_list>
<pin id="113" dir="1" index="0" bw="1" slack="2147483647"/>
</pin_list>
<bind>
<StgValue><ssdm name="p_str192"/></StgValue>
</bind>
</comp>

<comp id="114" class="1001" name="const_114">
<pin_list>
<pin id="115" dir="1" index="0" bw="1" slack="2147483647"/>
</pin_list>
<bind>
<StgValue><ssdm name="p_str193"/></StgValue>
</bind>
</comp>

<comp id="116" class="1001" name="const_116">
<pin_list>
<pin id="117" dir="1" index="0" bw="1" slack="2147483647"/>
</pin_list>
<bind>
<StgValue><ssdm name="_ssdm_op_SpecTopModule"/></StgValue>
</bind>
</comp>

<comp id="118" class="1001" name="const_118">
<pin_list>
<pin id="119" dir="1" index="0" bw="1" slack="2147483647"/>
</pin_list>
<bind>
<StgValue><ssdm name="filter_top_str"/></StgValue>
</bind>
</comp>

<comp id="120" class="1001" name="const_120">
<pin_list>
<pin id="121" dir="1" index="0" bw="1" slack="2147483647"/>
</pin_list>
<bind>
<StgValue><ssdm name="p_str"/></StgValue>
</bind>
</comp>

<comp id="122" class="1001" name="const_122">
<pin_list>
<pin id="123" dir="1" index="0" bw="1" slack="2147483647"/>
</pin_list>
<bind>
<StgValue><ssdm name="p_str2"/></StgValue>
</bind>
</comp>

<comp id="124" class="1001" name="const_124">
<pin_list>
<pin id="125" dir="1" index="0" bw="1" slack="2147483647"/>
</pin_list>
<bind>
<StgValue><ssdm name="_ssdm_op_SpecMemCore"/></StgValue>
</bind>
</comp>

<comp id="126" class="1001" name="const_126">
<pin_list>
<pin id="127" dir="1" index="0" bw="1" slack="2147483647"/>
</pin_list>
<bind>
<StgValue><ssdm name="p_str3"/></StgValue>
</bind>
</comp>

<comp id="128" class="1001" name="const_128">
<pin_list>
<pin id="129" dir="1" index="0" bw="1" slack="2147483647"/>
</pin_list>
<bind>
<StgValue><ssdm name="p_str4"/></StgValue>
</bind>
</comp>

<comp id="130" class="1001" name="const_130">
<pin_list>
<pin id="131" dir="1" index="0" bw="1" slack="2147483647"/>
</pin_list>
<bind>
<StgValue><ssdm name="fft_config_fwd_OC_da"/></StgValue>
</bind>
</comp>

<comp id="132" class="1001" name="const_132">
<pin_list>
<pin id="133" dir="1" index="0" bw="1" slack="2147483647"/>
</pin_list>
<bind>
<StgValue><ssdm name="p_str55"/></StgValue>
</bind>
</comp>

<comp id="134" class="1001" name="const_134">
<pin_list>
<pin id="135" dir="1" index="0" bw="1" slack="2147483647"/>
</pin_list>
<bind>
<StgValue><ssdm name="p_str56"/></StgValue>
</bind>
</comp>

<comp id="136" class="1001" name="const_136">
<pin_list>
<pin id="137" dir="1" index="0" bw="1" slack="2147483647"/>
</pin_list>
<bind>
<StgValue><ssdm name="p_str57"/></StgValue>
</bind>
</comp>

<comp id="138" class="1001" name="const_138">
<pin_list>
<pin id="139" dir="1" index="0" bw="1" slack="2147483647"/>
</pin_list>
<bind>
<StgValue><ssdm name="p_str58"/></StgValue>
</bind>
</comp>

<comp id="140" class="1001" name="const_140">
<pin_list>
<pin id="141" dir="1" index="0" bw="1" slack="2147483647"/>
</pin_list>
<bind>
<StgValue><ssdm name="p_str59"/></StgValue>
</bind>
</comp>

<comp id="142" class="1001" name="const_142">
<pin_list>
<pin id="143" dir="1" index="0" bw="1" slack="2147483647"/>
</pin_list>
<bind>
<StgValue><ssdm name="p_str60"/></StgValue>
</bind>
</comp>

<comp id="144" class="1001" name="const_144">
<pin_list>
<pin id="145" dir="1" index="0" bw="1" slack="2147483647"/>
</pin_list>
<bind>
<StgValue><ssdm name="p_str61"/></StgValue>
</bind>
</comp>

<comp id="146" class="1001" name="const_146">
<pin_list>
<pin id="147" dir="1" index="0" bw="1" slack="2147483647"/>
</pin_list>
<bind>
<StgValue><ssdm name="xn_str"/></StgValue>
</bind>
</comp>

<comp id="148" class="1001" name="const_148">
<pin_list>
<pin id="149" dir="1" index="0" bw="1" slack="2147483647"/>
</pin_list>
<bind>
<StgValue><ssdm name="p_str69"/></StgValue>
</bind>
</comp>

<comp id="150" class="1001" name="const_150">
<pin_list>
<pin id="151" dir="1" index="0" bw="1" slack="2147483647"/>
</pin_list>
<bind>
<StgValue><ssdm name="p_str70"/></StgValue>
</bind>
</comp>

<comp id="152" class="1001" name="const_152">
<pin_list>
<pin id="153" dir="1" index="0" bw="1" slack="2147483647"/>
</pin_list>
<bind>
<StgValue><ssdm name="p_str71"/></StgValue>
</bind>
</comp>

<comp id="154" class="1001" name="const_154">
<pin_list>
<pin id="155" dir="1" index="0" bw="1" slack="2147483647"/>
</pin_list>
<bind>
<StgValue><ssdm name="p_str72"/></StgValue>
</bind>
</comp>

<comp id="156" class="1001" name="const_156">
<pin_list>
<pin id="157" dir="1" index="0" bw="1" slack="2147483647"/>
</pin_list>
<bind>
<StgValue><ssdm name="p_str73"/></StgValue>
</bind>
</comp>

<comp id="158" class="1001" name="const_158">
<pin_list>
<pin id="159" dir="1" index="0" bw="1" slack="2147483647"/>
</pin_list>
<bind>
<StgValue><ssdm name="p_str74"/></StgValue>
</bind>
</comp>

<comp id="160" class="1001" name="const_160">
<pin_list>
<pin id="161" dir="1" index="0" bw="1" slack="2147483647"/>
</pin_list>
<bind>
<StgValue><ssdm name="p_str75"/></StgValue>
</bind>
</comp>

<comp id="162" class="1001" name="const_162">
<pin_list>
<pin id="163" dir="1" index="0" bw="1" slack="2147483647"/>
</pin_list>
<bind>
<StgValue><ssdm name="p_str173"/></StgValue>
</bind>
</comp>

<comp id="164" class="1001" name="const_164">
<pin_list>
<pin id="165" dir="1" index="0" bw="1" slack="2147483647"/>
</pin_list>
<bind>
<StgValue><ssdm name="p_str174"/></StgValue>
</bind>
</comp>

<comp id="166" class="1001" name="const_166">
<pin_list>
<pin id="167" dir="1" index="0" bw="1" slack="2147483647"/>
</pin_list>
<bind>
<StgValue><ssdm name="p_str175"/></StgValue>
</bind>
</comp>

<comp id="168" class="1001" name="const_168">
<pin_list>
<pin id="169" dir="1" index="0" bw="1" slack="2147483647"/>
</pin_list>
<bind>
<StgValue><ssdm name="p_str176"/></StgValue>
</bind>
</comp>

<comp id="170" class="1001" name="const_170">
<pin_list>
<pin id="171" dir="1" index="0" bw="1" slack="2147483647"/>
</pin_list>
<bind>
<StgValue><ssdm name="p_str177"/></StgValue>
</bind>
</comp>

<comp id="172" class="1001" name="const_172">
<pin_list>
<pin id="173" dir="1" index="0" bw="1" slack="2147483647"/>
</pin_list>
<bind>
<StgValue><ssdm name="p_str178"/></StgValue>
</bind>
</comp>

<comp id="174" class="1001" name="const_174">
<pin_list>
<pin id="175" dir="1" index="0" bw="1" slack="2147483647"/>
</pin_list>
<bind>
<StgValue><ssdm name="fft_config_inv_OC_da"/></StgValue>
</bind>
</comp>

<comp id="176" class="1001" name="const_176">
<pin_list>
<pin id="177" dir="1" index="0" bw="1" slack="2147483647"/>
</pin_list>
<bind>
<StgValue><ssdm name="p_str62"/></StgValue>
</bind>
</comp>

<comp id="178" class="1001" name="const_178">
<pin_list>
<pin id="179" dir="1" index="0" bw="1" slack="2147483647"/>
</pin_list>
<bind>
<StgValue><ssdm name="p_str63"/></StgValue>
</bind>
</comp>

<comp id="180" class="1001" name="const_180">
<pin_list>
<pin id="181" dir="1" index="0" bw="1" slack="2147483647"/>
</pin_list>
<bind>
<StgValue><ssdm name="p_str64"/></StgValue>
</bind>
</comp>

<comp id="182" class="1001" name="const_182">
<pin_list>
<pin id="183" dir="1" index="0" bw="1" slack="2147483647"/>
</pin_list>
<bind>
<StgValue><ssdm name="p_str65"/></StgValue>
</bind>
</comp>

<comp id="184" class="1001" name="const_184">
<pin_list>
<pin id="185" dir="1" index="0" bw="1" slack="2147483647"/>
</pin_list>
<bind>
<StgValue><ssdm name="p_str66"/></StgValue>
</bind>
</comp>

<comp id="186" class="1001" name="const_186">
<pin_list>
<pin id="187" dir="1" index="0" bw="1" slack="2147483647"/>
</pin_list>
<bind>
<StgValue><ssdm name="p_str67"/></StgValue>
</bind>
</comp>

<comp id="188" class="1001" name="const_188">
<pin_list>
<pin id="189" dir="1" index="0" bw="1" slack="2147483647"/>
</pin_list>
<bind>
<StgValue><ssdm name="p_str68"/></StgValue>
</bind>
</comp>

<comp id="190" class="1001" name="const_190">
<pin_list>
<pin id="191" dir="1" index="0" bw="1" slack="2147483647"/>
</pin_list>
<bind>
<StgValue><ssdm name="xn2_str"/></StgValue>
</bind>
</comp>

<comp id="192" class="1001" name="const_192">
<pin_list>
<pin id="193" dir="1" index="0" bw="1" slack="2147483647"/>
</pin_list>
<bind>
<StgValue><ssdm name="p_str76"/></StgValue>
</bind>
</comp>

<comp id="194" class="1001" name="const_194">
<pin_list>
<pin id="195" dir="1" index="0" bw="1" slack="2147483647"/>
</pin_list>
<bind>
<StgValue><ssdm name="p_str77"/></StgValue>
</bind>
</comp>

<comp id="196" class="1001" name="const_196">
<pin_list>
<pin id="197" dir="1" index="0" bw="1" slack="2147483647"/>
</pin_list>
<bind>
<StgValue><ssdm name="p_str78"/></StgValue>
</bind>
</comp>

<comp id="198" class="1001" name="const_198">
<pin_list>
<pin id="199" dir="1" index="0" bw="1" slack="2147483647"/>
</pin_list>
<bind>
<StgValue><ssdm name="p_str79"/></StgValue>
</bind>
</comp>

<comp id="200" class="1001" name="const_200">
<pin_list>
<pin id="201" dir="1" index="0" bw="1" slack="2147483647"/>
</pin_list>
<bind>
<StgValue><ssdm name="p_str80"/></StgValue>
</bind>
</comp>

<comp id="202" class="1001" name="const_202">
<pin_list>
<pin id="203" dir="1" index="0" bw="1" slack="2147483647"/>
</pin_list>
<bind>
<StgValue><ssdm name="p_str81"/></StgValue>
</bind>
</comp>

<comp id="204" class="1001" name="const_204">
<pin_list>
<pin id="205" dir="1" index="0" bw="1" slack="2147483647"/>
</pin_list>
<bind>
<StgValue><ssdm name="p_str82"/></StgValue>
</bind>
</comp>

<comp id="206" class="1001" name="const_206">
<pin_list>
<pin id="207" dir="1" index="0" bw="1" slack="2147483647"/>
</pin_list>
<bind>
<StgValue><ssdm name="p_str180"/></StgValue>
</bind>
</comp>

<comp id="208" class="1001" name="const_208">
<pin_list>
<pin id="209" dir="1" index="0" bw="1" slack="2147483647"/>
</pin_list>
<bind>
<StgValue><ssdm name="p_str181"/></StgValue>
</bind>
</comp>

<comp id="210" class="1001" name="const_210">
<pin_list>
<pin id="211" dir="1" index="0" bw="1" slack="2147483647"/>
</pin_list>
<bind>
<StgValue><ssdm name="p_str182"/></StgValue>
</bind>
</comp>

<comp id="212" class="1001" name="const_212">
<pin_list>
<pin id="213" dir="1" index="0" bw="1" slack="2147483647"/>
</pin_list>
<bind>
<StgValue><ssdm name="p_str183"/></StgValue>
</bind>
</comp>

<comp id="214" class="1001" name="const_214">
<pin_list>
<pin id="215" dir="1" index="0" bw="1" slack="2147483647"/>
</pin_list>
<bind>
<StgValue><ssdm name="p_str184"/></StgValue>
</bind>
</comp>

<comp id="216" class="1001" name="const_216">
<pin_list>
<pin id="217" dir="1" index="0" bw="1" slack="2147483647"/>
</pin_list>
<bind>
<StgValue><ssdm name="p_str185"/></StgValue>
</bind>
</comp>

<comp id="218" class="1001" name="const_218">
<pin_list>
<pin id="219" dir="1" index="0" bw="1" slack="2147483647"/>
</pin_list>
<bind>
<StgValue><ssdm name="xk_str"/></StgValue>
</bind>
</comp>

<comp id="220" class="1001" name="const_220">
<pin_list>
<pin id="221" dir="1" index="0" bw="1" slack="2147483647"/>
</pin_list>
<bind>
<StgValue><ssdm name="p_str83"/></StgValue>
</bind>
</comp>

<comp id="222" class="1001" name="const_222">
<pin_list>
<pin id="223" dir="1" index="0" bw="1" slack="2147483647"/>
</pin_list>
<bind>
<StgValue><ssdm name="p_str84"/></StgValue>
</bind>
</comp>

<comp id="224" class="1001" name="const_224">
<pin_list>
<pin id="225" dir="1" index="0" bw="1" slack="2147483647"/>
</pin_list>
<bind>
<StgValue><ssdm name="p_str85"/></StgValue>
</bind>
</comp>

<comp id="226" class="1001" name="const_226">
<pin_list>
<pin id="227" dir="1" index="0" bw="1" slack="2147483647"/>
</pin_list>
<bind>
<StgValue><ssdm name="p_str86"/></StgValue>
</bind>
</comp>

<comp id="228" class="1001" name="const_228">
<pin_list>
<pin id="229" dir="1" index="0" bw="1" slack="2147483647"/>
</pin_list>
<bind>
<StgValue><ssdm name="p_str87"/></StgValue>
</bind>
</comp>

<comp id="230" class="1001" name="const_230">
<pin_list>
<pin id="231" dir="1" index="0" bw="1" slack="2147483647"/>
</pin_list>
<bind>
<StgValue><ssdm name="p_str88"/></StgValue>
</bind>
</comp>

<comp id="232" class="1001" name="const_232">
<pin_list>
<pin id="233" dir="1" index="0" bw="1" slack="2147483647"/>
</pin_list>
<bind>
<StgValue><ssdm name="p_str89"/></StgValue>
</bind>
</comp>

<comp id="234" class="1001" name="const_234">
<pin_list>
<pin id="235" dir="1" index="0" bw="1" slack="2147483647"/>
</pin_list>
<bind>
<StgValue><ssdm name="xk2_str"/></StgValue>
</bind>
</comp>

<comp id="236" class="1001" name="const_236">
<pin_list>
<pin id="237" dir="1" index="0" bw="1" slack="2147483647"/>
</pin_list>
<bind>
<StgValue><ssdm name="p_str90"/></StgValue>
</bind>
</comp>

<comp id="238" class="1001" name="const_238">
<pin_list>
<pin id="239" dir="1" index="0" bw="1" slack="2147483647"/>
</pin_list>
<bind>
<StgValue><ssdm name="p_str91"/></StgValue>
</bind>
</comp>

<comp id="240" class="1001" name="const_240">
<pin_list>
<pin id="241" dir="1" index="0" bw="1" slack="2147483647"/>
</pin_list>
<bind>
<StgValue><ssdm name="p_str92"/></StgValue>
</bind>
</comp>

<comp id="242" class="1001" name="const_242">
<pin_list>
<pin id="243" dir="1" index="0" bw="1" slack="2147483647"/>
</pin_list>
<bind>
<StgValue><ssdm name="p_str93"/></StgValue>
</bind>
</comp>

<comp id="244" class="1001" name="const_244">
<pin_list>
<pin id="245" dir="1" index="0" bw="1" slack="2147483647"/>
</pin_list>
<bind>
<StgValue><ssdm name="p_str94"/></StgValue>
</bind>
</comp>

<comp id="246" class="1001" name="const_246">
<pin_list>
<pin id="247" dir="1" index="0" bw="1" slack="2147483647"/>
</pin_list>
<bind>
<StgValue><ssdm name="p_str95"/></StgValue>
</bind>
</comp>

<comp id="248" class="1001" name="const_248">
<pin_list>
<pin id="249" dir="1" index="0" bw="1" slack="2147483647"/>
</pin_list>
<bind>
<StgValue><ssdm name="p_str96"/></StgValue>
</bind>
</comp>

<comp id="250" class="1004" name="fft_config_inv_data_s_fu_250">
<pin_list>
<pin id="251" dir="0" index="0" bw="1" slack="0"/>
<pin id="252" dir="1" index="1" bw="16" slack="0"/>
</pin_list>
<bind>
<opcode="alloca(26) " fcode="alloca"/>
<opset="fft_config_inv_data_s/1 "/>
</bind>
</comp>

<comp id="254" class="1004" name="fft_config_fwd_data_s_fu_254">
<pin_list>
<pin id="255" dir="0" index="0" bw="1" slack="0"/>
<pin id="256" dir="1" index="1" bw="16" slack="0"/>
</pin_list>
<bind>
<opcode="alloca(26) " fcode="alloca"/>
<opset="fft_config_fwd_data_s/1 "/>
</bind>
</comp>

<comp id="258" class="1004" name="xk2_channel_fu_258">
<pin_list>
<pin id="259" dir="0" index="0" bw="1" slack="0"/>
<pin id="260" dir="1" index="1" bw="64" slack="2"/>
</pin_list>
<bind>
<opcode="alloca(26) " fcode="alloca"/>
<opset="xk2_channel/1 "/>
</bind>
</comp>

<comp id="262" class="1004" name="xn2_channel_fu_262">
<pin_list>
<pin id="263" dir="0" index="0" bw="1" slack="0"/>
<pin id="264" dir="1" index="1" bw="64" slack="0"/>
</pin_list>
<bind>
<opcode="alloca(26) " fcode="alloca"/>
<opset="xn2_channel/1 "/>
</bind>
</comp>

<comp id="266" class="1004" name="xk_channel_fu_266">
<pin_list>
<pin id="267" dir="0" index="0" bw="1" slack="0"/>
<pin id="268" dir="1" index="1" bw="64" slack="2"/>
</pin_list>
<bind>
<opcode="alloca(26) " fcode="alloca"/>
<opset="xk_channel/1 "/>
</bind>
</comp>

<comp id="270" class="1004" name="xn_channel_fu_270">
<pin_list>
<pin id="271" dir="0" index="0" bw="1" slack="0"/>
<pin id="272" dir="1" index="1" bw="64" slack="0"/>
</pin_list>
<bind>
<opcode="alloca(26) " fcode="alloca"/>
<opset="xn_channel/1 "/>
</bind>
</comp>

<comp id="274" class="1004" name="fft_status_fwd_data_s_fu_274">
<pin_list>
<pin id="275" dir="0" index="0" bw="1" slack="0"/>
<pin id="276" dir="1" index="1" bw="8" slack="2"/>
</pin_list>
<bind>
<opcode="alloca(26) " fcode="alloca"/>
<opset="fft_status_fwd_data_s/1 "/>
</bind>
</comp>

<comp id="278" class="1004" name="fft_status_inv_data_s_fu_278">
<pin_list>
<pin id="279" dir="0" index="0" bw="1" slack="0"/>
<pin id="280" dir="1" index="1" bw="8" slack="2"/>
</pin_list>
<bind>
<opcode="alloca(26) " fcode="alloca"/>
<opset="fft_status_inv_data_s/1 "/>
</bind>
</comp>

<comp id="282" class="1004" name="grp_dummy_proc_be_fu_282">
<pin_list>
<pin id="283" dir="0" index="0" bw="0" slack="0"/>
<pin id="284" dir="0" index="1" bw="64" slack="0"/>
<pin id="285" dir="0" index="2" bw="64" slack="4"/>
<pin id="286" dir="0" index="3" bw="64" slack="4"/>
<pin id="287" dir="0" index="4" bw="64" slack="0"/>
<pin id="288" dir="0" index="5" bw="64" slack="0"/>
<pin id="289" dir="1" index="6" bw="0" slack="2147483647"/>
</pin_list>
<bind>
<opcode="call(48) " fcode="call"/>
<opset="StgValue_21/5 "/>
</bind>
</comp>

<comp id="294" class="1004" name="grp_dummy_proc_fe_fu_294">
<pin_list>
<pin id="295" dir="0" index="0" bw="0" slack="0"/>
<pin id="296" dir="0" index="1" bw="16" slack="0"/>
<pin id="297" dir="0" index="2" bw="16" slack="0"/>
<pin id="298" dir="0" index="3" bw="64" slack="0"/>
<pin id="299" dir="0" index="4" bw="64" slack="0"/>
<pin id="300" dir="0" index="5" bw="64" slack="0"/>
<pin id="301" dir="0" index="6" bw="64" slack="0"/>
<pin id="302" dir="0" index="7" bw="32" slack="0"/>
<pin id="303" dir="0" index="8" bw="32" slack="0"/>
<pin id="304" dir="1" index="9" bw="0" slack="2147483647"/>
</pin_list>
<bind>
<opcode="call(48) " fcode="call"/>
<opset="StgValue_15/1 "/>
</bind>
</comp>

<comp id="310" class="1004" name="grp_fft_config1_s_fu_310">
<pin_list>
<pin id="311" dir="0" index="0" bw="0" slack="0"/>
<pin id="312" dir="0" index="1" bw="64" slack="2"/>
<pin id="313" dir="0" index="2" bw="64" slack="2"/>
<pin id="314" dir="0" index="3" bw="8" slack="2"/>
<pin id="315" dir="0" index="4" bw="16" slack="2"/>
<pin id="316" dir="1" index="5" bw="0" slack="2147483647"/>
</pin_list>
<bind>
<opcode="call(48) " fcode="call"/>
<opset="StgValue_17/3 "/>
</bind>
</comp>

<comp id="318" class="1004" name="grp_fft_config2_s_fu_318">
<pin_list>
<pin id="319" dir="0" index="0" bw="0" slack="0"/>
<pin id="320" dir="0" index="1" bw="64" slack="2"/>
<pin id="321" dir="0" index="2" bw="64" slack="2"/>
<pin id="322" dir="0" index="3" bw="8" slack="2"/>
<pin id="323" dir="0" index="4" bw="16" slack="2"/>
<pin id="324" dir="1" index="5" bw="0" slack="2147483647"/>
</pin_list>
<bind>
<opcode="call(48) " fcode="call"/>
<opset="StgValue_18/3 "/>
</bind>
</comp>

<comp id="326" class="1005" name="fft_config_inv_data_s_reg_326">
<pin_list>
<pin id="327" dir="0" index="0" bw="16" slack="0"/>
<pin id="328" dir="1" index="1" bw="16" slack="0"/>
</pin_list>
<bind>
<opset="fft_config_inv_data_s "/>
</bind>
</comp>

<comp id="332" class="1005" name="fft_config_fwd_data_s_reg_332">
<pin_list>
<pin id="333" dir="0" index="0" bw="16" slack="0"/>
<pin id="334" dir="1" index="1" bw="16" slack="0"/>
</pin_list>
<bind>
<opset="fft_config_fwd_data_s "/>
</bind>
</comp>

<comp id="338" class="1005" name="xk2_channel_reg_338">
<pin_list>
<pin id="339" dir="0" index="0" bw="64" slack="2"/>
<pin id="340" dir="1" index="1" bw="64" slack="2"/>
</pin_list>
<bind>
<opset="xk2_channel "/>
</bind>
</comp>

<comp id="344" class="1005" name="xn2_channel_reg_344">
<pin_list>
<pin id="345" dir="0" index="0" bw="64" slack="0"/>
<pin id="346" dir="1" index="1" bw="64" slack="0"/>
</pin_list>
<bind>
<opset="xn2_channel "/>
</bind>
</comp>

<comp id="350" class="1005" name="xk_channel_reg_350">
<pin_list>
<pin id="351" dir="0" index="0" bw="64" slack="2"/>
<pin id="352" dir="1" index="1" bw="64" slack="2"/>
</pin_list>
<bind>
<opset="xk_channel "/>
</bind>
</comp>

<comp id="356" class="1005" name="xn_channel_reg_356">
<pin_list>
<pin id="357" dir="0" index="0" bw="64" slack="0"/>
<pin id="358" dir="1" index="1" bw="64" slack="0"/>
</pin_list>
<bind>
<opset="xn_channel "/>
</bind>
</comp>

<comp id="362" class="1005" name="fft_status_fwd_data_s_reg_362">
<pin_list>
<pin id="363" dir="0" index="0" bw="8" slack="2"/>
<pin id="364" dir="1" index="1" bw="8" slack="2"/>
</pin_list>
<bind>
<opset="fft_status_fwd_data_s "/>
</bind>
</comp>

<comp id="367" class="1005" name="fft_status_inv_data_s_reg_367">
<pin_list>
<pin id="368" dir="0" index="0" bw="8" slack="2"/>
<pin id="369" dir="1" index="1" bw="8" slack="2"/>
</pin_list>
<bind>
<opset="fft_status_inv_data_s "/>
</bind>
</comp>

</comp_list>

<net_list>
<net id="253"><net_src comp="14" pin="0"/><net_sink comp="250" pin=0"/></net>

<net id="257"><net_src comp="14" pin="0"/><net_sink comp="254" pin=0"/></net>

<net id="261"><net_src comp="14" pin="0"/><net_sink comp="258" pin=0"/></net>

<net id="265"><net_src comp="14" pin="0"/><net_sink comp="262" pin=0"/></net>

<net id="269"><net_src comp="14" pin="0"/><net_sink comp="266" pin=0"/></net>

<net id="273"><net_src comp="14" pin="0"/><net_sink comp="270" pin=0"/></net>

<net id="277"><net_src comp="14" pin="0"/><net_sink comp="274" pin=0"/></net>

<net id="281"><net_src comp="14" pin="0"/><net_sink comp="278" pin=0"/></net>

<net id="290"><net_src comp="22" pin="0"/><net_sink comp="282" pin=0"/></net>

<net id="291"><net_src comp="0" pin="0"/><net_sink comp="282" pin=1"/></net>

<net id="292"><net_src comp="6" pin="0"/><net_sink comp="282" pin=4"/></net>

<net id="293"><net_src comp="8" pin="0"/><net_sink comp="282" pin=5"/></net>

<net id="305"><net_src comp="16" pin="0"/><net_sink comp="294" pin=0"/></net>

<net id="306"><net_src comp="2" pin="0"/><net_sink comp="294" pin=3"/></net>

<net id="307"><net_src comp="4" pin="0"/><net_sink comp="294" pin=4"/></net>

<net id="308"><net_src comp="10" pin="0"/><net_sink comp="294" pin=7"/></net>

<net id="309"><net_src comp="12" pin="0"/><net_sink comp="294" pin=8"/></net>

<net id="317"><net_src comp="18" pin="0"/><net_sink comp="310" pin=0"/></net>

<net id="325"><net_src comp="20" pin="0"/><net_sink comp="318" pin=0"/></net>

<net id="329"><net_src comp="250" pin="1"/><net_sink comp="326" pin=0"/></net>

<net id="330"><net_src comp="326" pin="1"/><net_sink comp="294" pin=2"/></net>

<net id="331"><net_src comp="326" pin="1"/><net_sink comp="318" pin=4"/></net>

<net id="335"><net_src comp="254" pin="1"/><net_sink comp="332" pin=0"/></net>

<net id="336"><net_src comp="332" pin="1"/><net_sink comp="294" pin=1"/></net>

<net id="337"><net_src comp="332" pin="1"/><net_sink comp="310" pin=4"/></net>

<net id="341"><net_src comp="258" pin="1"/><net_sink comp="338" pin=0"/></net>

<net id="342"><net_src comp="338" pin="1"/><net_sink comp="318" pin=2"/></net>

<net id="343"><net_src comp="338" pin="1"/><net_sink comp="282" pin=3"/></net>

<net id="347"><net_src comp="262" pin="1"/><net_sink comp="344" pin=0"/></net>

<net id="348"><net_src comp="344" pin="1"/><net_sink comp="294" pin=6"/></net>

<net id="349"><net_src comp="344" pin="1"/><net_sink comp="318" pin=1"/></net>

<net id="353"><net_src comp="266" pin="1"/><net_sink comp="350" pin=0"/></net>

<net id="354"><net_src comp="350" pin="1"/><net_sink comp="310" pin=2"/></net>

<net id="355"><net_src comp="350" pin="1"/><net_sink comp="282" pin=2"/></net>

<net id="359"><net_src comp="270" pin="1"/><net_sink comp="356" pin=0"/></net>

<net id="360"><net_src comp="356" pin="1"/><net_sink comp="294" pin=5"/></net>

<net id="361"><net_src comp="356" pin="1"/><net_sink comp="310" pin=1"/></net>

<net id="365"><net_src comp="274" pin="1"/><net_sink comp="362" pin=0"/></net>

<net id="366"><net_src comp="362" pin="1"/><net_sink comp="310" pin=3"/></net>

<net id="370"><net_src comp="278" pin="1"/><net_sink comp="367" pin=0"/></net>

<net id="371"><net_src comp="367" pin="1"/><net_sink comp="318" pin=3"/></net>

</net_list>

</model> 
---------------- Datapath Model END ------------------

* FSMD analyzer results:
  - Output states:
	Port: outxk1 | {5 6 }
	Port: out_r | {5 6 }
	Port: detector_tail_M_rea | {1 2 }
	Port: detector_tail_M_ima | {1 2 }
 - Input state : 
	Port: filter_top : coefs | {5 6 }
	Port: filter_top : in_r | {1 2 }
	Port: filter_top : inxn2 | {1 2 }
	Port: filter_top : detector_tail_M_rea | {1 2 }
	Port: filter_top : detector_tail_M_ima | {1 2 }
  - Chain level:
	State 1
		StgValue_15 : 1
	State 2
	State 3
	State 4
	State 5
	State 6


============================================================
+ Verbose Summary: Datapath Resource usage 
============================================================

* Functional unit list:
|----------|--------------------------|---------|---------|---------|---------|---------|
| Operation|      Functional Unit     |   BRAM  |  DSP48E |  Delay  |    FF   |   LUT   |
|----------|--------------------------|---------|---------|---------|---------|---------|
|          | grp_dummy_proc_be_fu_282 |    0    |    16   |  7.848  |   1720  |   266   |
|   call   | grp_dummy_proc_fe_fu_294 |    0    |    0    | 4.43114 |   323   |   126   |
|          | grp_fft_config1_s_fu_310 |    16   |    40   |    0    |  17987  |  14499  |
|          | grp_fft_config2_s_fu_318 |    16   |    40   |    0    |  17987  |  14499  |
|----------|--------------------------|---------|---------|---------|---------|---------|
|   Total  |                          |    32   |    96   | 12.2791 |  38017  |  29390  |
|----------|--------------------------|---------|---------|---------|---------|---------|

Memories:
+-------------------+--------+--------+--------+
|                   |  BRAM  |   FF   |   LUT  |
+-------------------+--------+--------+--------+
|detector_tail_M_ima|    1   |    0   |    0   |
|detector_tail_M_rea|    1   |    0   |    0   |
+-------------------+--------+--------+--------+
|       Total       |    2   |    0   |    0   |
+-------------------+--------+--------+--------+

* Register list:
+-----------------------------+--------+
|                             |   FF   |
+-----------------------------+--------+
|fft_config_fwd_data_s_reg_332|   16   |
|fft_config_inv_data_s_reg_326|   16   |
|fft_status_fwd_data_s_reg_362|    8   |
|fft_status_inv_data_s_reg_367|    8   |
|     xk2_channel_reg_338     |   64   |
|      xk_channel_reg_350     |   64   |
|     xn2_channel_reg_344     |   64   |
|      xn_channel_reg_356     |   64   |
+-----------------------------+--------+
|            Total            |   304  |
+-----------------------------+--------+

* Multiplexer (MUX) list: 
|--------|------|------|------|--------|
|  Comp  |  Pin | Size |  BW  | S x BW |
|--------|------|------|------|--------|
|  Total |      |      |      |    0   |
|--------|------|------|------|--------|



* Summary:
+-----------+--------+--------+--------+--------+--------+
|           |  BRAM  | DSP48E |  Delay |   FF   |   LUT  |
+-----------+--------+--------+--------+--------+--------+
|  Function |   32   |   96   |   12   |  38017 |  29390 |
|   Memory  |    2   |    -   |    -   |    0   |    0   |
|Multiplexer|    -   |    -   |    -   |    -   |    -   |
|  Register |    -   |    -   |    -   |   304  |    -   |
+-----------+--------+--------+--------+--------+--------+
|   Total   |   34   |   96   |   12   |  38321 |  29390 |
+-----------+--------+--------+--------+--------+--------+
