

================================================================
== Vivado HLS Report for 'filter_top_dummy_proc_be'
================================================================
* Date:           Sat Mar 24 15:13:15 2018

* Version:        2014.4 (Build 1071461 on Tue Nov 18 16:42:57 PM 2014)
* Project:        fft_filter_hlsprj
* Solution:       solution3
* Product family: kintex7
* Target device:  xc7k410tffg900-2


================================================================
== Performance Estimates
================================================================
+ Timing (ns): 
    * Summary: 
    +---------+-------+----------+------------+
    |  Clock  | Target| Estimated| Uncertainty|
    +---------+-------+----------+------------+
    |default  |   3.30|      2.39|        0.41|
    +---------+-------+----------+------------+

+ Latency (clock cycles): 
    * Summary: 
    +-------+-------+-------+-------+---------+
    |    Latency    |    Interval   | Pipeline|
    |  min  |  max  |  min  |  max  |   Type  |
    +-------+-------+-------+-------+---------+
    |  22529|  22529|  22529|  22529|   none  |
    +-------+-------+-------+-------+---------+

    + Detail: 
        * Instance: 
        N/A

        * Loop: 
        +----------+-------+-------+----------+-----------+-----------+------+----------+
        |          |    Latency    | Iteration|  Initiation Interval  | Trip |          |
        | Loop Name|  min  |  max  |  Latency |  achieved |   target  | Count| Pipelined|
        +----------+-------+-------+----------+-----------+-----------+------+----------+
        |- Loop 1  |  22528|  22528|        11|          -|          -|  2048|    no    |
        +----------+-------+-------+----------+-----------+-----------+------+----------+



================================================================
== Utilization Estimates
================================================================
* Summary: 
+-----------------+---------+-------+--------+--------+
|       Name      | BRAM_18K| DSP48E|   FF   |   LUT  |
+-----------------+---------+-------+--------+--------+
|Expression       |        -|      -|       -|       -|
|FIFO             |        -|      -|       -|       -|
|Instance         |        -|      -|       -|       -|
|Memory           |        -|      -|       -|       -|
|Multiplexer      |        -|      -|       -|       -|
|Register         |        -|      -|       -|       -|
+-----------------+---------+-------+--------+--------+
|Total            |        0|      0|       0|       0|
+-----------------+---------+-------+--------+--------+
|Available        |     1590|   1540|  508400|  254200|
+-----------------+---------+-------+--------+--------+
|Utilization (%)  |        0|      0|       0|       0|
+-----------------+---------+-------+--------+--------+

+ Detail: 
    * Instance: 
    N/A

    * Memory: 
    N/A

    * FIFO: 
    N/A

    * Expression: 
    N/A

    * Multiplexer: 
    N/A

    * Register: 
    N/A



================================================================
== Interface
================================================================
* Summary: 
N/A

============================================================
+ Verbose Summary: Synthesis Manager
============================================================
InlineROM: 1
ExposeGlobal: 0
============================================================
+ Verbose Summary: CDFG Model
============================================================
IsTopModel: 0
ResetActiveHigh: 1
IsCombinational: 2
IsDatapathOnly: 0
HasWiredReturn: 1
HasMFsm: 0
HasVarLatency: 1
IsPipeline: 0
IsRtlPipelined: 0
IsInstanceOverlapped: 0
IsDontTouch: 0
HasImplIP: 0
IsGatedGlobalClock: 0


============================================================
+ Verbose Summary: Schedule
============================================================
* Number of FSM states: 12
* Pipeline: 0
* Dataflow Pipeline: 0

* FSM state transitions: 
1 --> 
	2  / true
2 --> 
	3  / (!exitcond)
3 --> 
	4  / true
4 --> 
	5  / true
5 --> 
	6  / true
6 --> 
	7  / true
7 --> 
	8  / true
8 --> 
	9  / true
9 --> 
	10  / true
10 --> 
	11  / true
11 --> 
	12  / true
12 --> 
	2  / true
* FSM state operations: 

 <State 1>: 0.89ns
ST_1: stg_13 [1/1] 0.00ns
:0  call void (...)* @_ssdm_op_SpecInterface(i64* %out_r, [5 x i8]* @p_str2, i32 0, i32 0, i32 0, i32 0, [1 x i8]* @p_str1, [1 x i8]* @p_str1, [1 x i8]* @p_str1)

ST_1: stg_14 [1/1] 0.00ns
:1  call void (...)* @_ssdm_op_SpecInterface(i64* %input_xk2, [8 x i8]* @str94, i32 0, i32 0, i32 0, i32 0, [8 x i8]* @str94, [8 x i8]* @str94, [8 x i8]* @str94)

ST_1: stg_15 [1/1] 0.00ns
:2  call void (...)* @_ssdm_op_SpecInterface(i64* %input_xk1, [8 x i8]* @str93, i32 0, i32 0, i32 0, i32 0, [8 x i8]* @str93, [8 x i8]* @str93, [8 x i8]* @str93)

ST_1: stg_16 [1/1] 0.00ns
:3  call void (...)* @_ssdm_op_SpecMemCore([2048 x i64]* %output_xk1, [1 x i8]* @p_str1, [7 x i8]* @p_str3, [1 x i8]* @p_str1, i32 -1, [1 x i8]* @p_str1, [1 x i8]* @p_str1, [1 x i8]* @p_str1)

ST_1: stg_17 [1/1] 0.00ns
:4  call void (...)* @_ssdm_op_SpecMemCore([2048 x i64]* %coefs, [1 x i8]* @p_str1, [12 x i8]* @p_str4, [1 x i8]* @p_str1, i32 -1, [1 x i8]* @p_str1, [1 x i8]* @p_str1, [1 x i8]* @p_str1)

ST_1: stg_18 [1/1] 0.00ns
:5  call void (...)* @_ssdm_op_SpecInterface([2048 x i64]* %output_xk1, [10 x i8]* @p_str, i32 0, i32 0, i32 0, i32 0, [1 x i8]* @p_str1, [1 x i8]* @p_str1, [1 x i8]* @p_str1) nounwind

ST_1: stg_19 [1/1] 0.00ns
:6  call void (...)* @_ssdm_op_SpecInterface([2048 x i64]* %coefs, [10 x i8]* @p_str, i32 0, i32 0, i32 0, i32 0, [1 x i8]* @p_str1, [1 x i8]* @p_str1, [1 x i8]* @p_str1) nounwind

ST_1: stg_20 [1/1] 0.89ns
:7  br label %1


 <State 2>: 2.39ns
ST_2: i [1/1] 0.00ns
:0  %i = phi i12 [ 0, %0 ], [ %i_1, %4 ]

ST_2: exitcond [1/1] 1.30ns
:1  %exitcond = icmp eq i12 %i, -2048

ST_2: empty [1/1] 0.00ns
:2  %empty = call i32 (...)* @_ssdm_op_SpecLoopTripCount(i64 2048, i64 2048, i64 2048)

ST_2: i_1 [1/1] 1.30ns
:3  %i_1 = add i12 %i, 1

ST_2: stg_25 [1/1] 0.00ns
:4  br i1 %exitcond, label %5, label %2

ST_2: tmp [1/1] 0.00ns
:0  %tmp = zext i12 %i to i64

ST_2: coefs_addr [1/1] 0.00ns
:1  %coefs_addr = getelementptr [2048 x i64]* %coefs, i64 0, i64 %tmp

ST_2: coefs_load [2/2] 2.39ns
:2  %coefs_load = load i64* %coefs_addr, align 8

ST_2: tmp_7 [1/1] 0.00ns
:23  %tmp_7 = call i3 @_ssdm_op_PartSelect.i3.i12.i32.i32(i12 %i, i32 9, i32 11)

ST_2: icmp [1/1] 0.94ns
:24  %icmp = icmp eq i3 %tmp_7, 0

ST_2: stg_31 [1/1] 0.00ns
:0  ret void


 <State 3>: 2.39ns
ST_3: coefs_load [1/2] 2.39ns
:2  %coefs_load = load i64* %coefs_addr, align 8

ST_3: tmp_5 [1/1] 0.00ns
:3  %tmp_5 = trunc i64 %coefs_load to i32

ST_3: p_y_M_imag_V_read_assign [1/1] 0.00ns
:4  %p_y_M_imag_V_read_assign = call i32 @_ssdm_op_PartSelect.i32.i64.i32.i32(i64 %coefs_load, i32 32, i32 63)

ST_3: input_xk1_read [1/1] 1.44ns
:5  %input_xk1_read = call i64 @_ssdm_op_Read.ap_fifo.volatile.i64P(i64* %input_xk1)

ST_3: tmp_6 [1/1] 0.00ns
:6  %tmp_6 = trunc i64 %input_xk1_read to i32

ST_3: p_x_M_imag_V_read_assign [1/1] 0.00ns
:7  %p_x_M_imag_V_read_assign = call i32 @_ssdm_op_PartSelect.i32.i64.i32.i32(i64 %input_xk1_read, i32 32, i32 63)

ST_3: input_xk2_read [1/1] 1.44ns
:25  %input_xk2_read = call i64 @_ssdm_op_Read.ap_fifo.volatile.i64P(i64* %input_xk2)


 <State 4>: 1.54ns
ST_4: tmp_1 [1/1] 0.00ns
:8  %tmp_1 = sext i32 %tmp_5 to i63

ST_4: tmp_2 [1/1] 0.00ns
:9  %tmp_2 = sext i32 %tmp_6 to i63

ST_4: tmp_3 [1/1] 0.00ns
:10  %tmp_3 = sext i32 %p_y_M_imag_V_read_assign to i63

ST_4: tmp_4 [1/1] 0.00ns
:11  %tmp_4 = sext i32 %p_x_M_imag_V_read_assign to i63

ST_4: tmp1_i_cast [7/7] 1.54ns
:12  %tmp1_i_cast = mul i63 %tmp_1, %tmp_2

ST_4: tmp_2_i_cast [7/7] 1.54ns
:13  %tmp_2_i_cast = mul i63 %tmp_3, %tmp_4

ST_4: tmp_i_cast [7/7] 1.54ns
:16  %tmp_i_cast = mul i63 %tmp_3, %tmp_2

ST_4: tmp_3_i_cast [7/7] 1.54ns
:17  %tmp_3_i_cast = mul i63 %tmp_1, %tmp_4


 <State 5>: 1.54ns
ST_5: tmp1_i_cast [6/7] 1.54ns
:12  %tmp1_i_cast = mul i63 %tmp_1, %tmp_2

ST_5: tmp_2_i_cast [6/7] 1.54ns
:13  %tmp_2_i_cast = mul i63 %tmp_3, %tmp_4

ST_5: tmp_i_cast [6/7] 1.54ns
:16  %tmp_i_cast = mul i63 %tmp_3, %tmp_2

ST_5: tmp_3_i_cast [6/7] 1.54ns
:17  %tmp_3_i_cast = mul i63 %tmp_1, %tmp_4


 <State 6>: 1.54ns
ST_6: tmp1_i_cast [5/7] 1.54ns
:12  %tmp1_i_cast = mul i63 %tmp_1, %tmp_2

ST_6: tmp_2_i_cast [5/7] 1.54ns
:13  %tmp_2_i_cast = mul i63 %tmp_3, %tmp_4

ST_6: tmp_i_cast [5/7] 1.54ns
:16  %tmp_i_cast = mul i63 %tmp_3, %tmp_2

ST_6: tmp_3_i_cast [5/7] 1.54ns
:17  %tmp_3_i_cast = mul i63 %tmp_1, %tmp_4


 <State 7>: 1.54ns
ST_7: tmp1_i_cast [4/7] 1.54ns
:12  %tmp1_i_cast = mul i63 %tmp_1, %tmp_2

ST_7: tmp_2_i_cast [4/7] 1.54ns
:13  %tmp_2_i_cast = mul i63 %tmp_3, %tmp_4

ST_7: tmp_i_cast [4/7] 1.54ns
:16  %tmp_i_cast = mul i63 %tmp_3, %tmp_2

ST_7: tmp_3_i_cast [4/7] 1.54ns
:17  %tmp_3_i_cast = mul i63 %tmp_1, %tmp_4


 <State 8>: 1.54ns
ST_8: tmp1_i_cast [3/7] 1.54ns
:12  %tmp1_i_cast = mul i63 %tmp_1, %tmp_2

ST_8: tmp_2_i_cast [3/7] 1.54ns
:13  %tmp_2_i_cast = mul i63 %tmp_3, %tmp_4

ST_8: tmp_i_cast [3/7] 1.54ns
:16  %tmp_i_cast = mul i63 %tmp_3, %tmp_2

ST_8: tmp_3_i_cast [3/7] 1.54ns
:17  %tmp_3_i_cast = mul i63 %tmp_1, %tmp_4


 <State 9>: 1.54ns
ST_9: tmp1_i_cast [2/7] 1.54ns
:12  %tmp1_i_cast = mul i63 %tmp_1, %tmp_2

ST_9: tmp_2_i_cast [2/7] 1.54ns
:13  %tmp_2_i_cast = mul i63 %tmp_3, %tmp_4

ST_9: tmp_i_cast [2/7] 1.54ns
:16  %tmp_i_cast = mul i63 %tmp_3, %tmp_2

ST_9: tmp_3_i_cast [2/7] 1.54ns
:17  %tmp_3_i_cast = mul i63 %tmp_1, %tmp_4


 <State 10>: 1.54ns
ST_10: tmp1_i_cast [1/7] 1.54ns
:12  %tmp1_i_cast = mul i63 %tmp_1, %tmp_2

ST_10: tmp_2_i_cast [1/7] 1.54ns
:13  %tmp_2_i_cast = mul i63 %tmp_3, %tmp_4

ST_10: tmp_i_cast [1/7] 1.54ns
:16  %tmp_i_cast = mul i63 %tmp_3, %tmp_2

ST_10: tmp_3_i_cast [1/7] 1.54ns
:17  %tmp_3_i_cast = mul i63 %tmp_1, %tmp_4


 <State 11>: 2.08ns
ST_11: p_Val2_s [1/1] 2.08ns
:14  %p_Val2_s = sub i63 %tmp1_i_cast, %tmp_2_i_cast

ST_11: p_r_M_real_V [1/1] 0.00ns
:15  %p_r_M_real_V = call i32 @_ssdm_op_PartSelect.i32.i63.i32.i32(i63 %p_Val2_s, i32 31, i32 62)

ST_11: p_Val2_1 [1/1] 2.08ns
:18  %p_Val2_1 = add i63 %tmp_i_cast, %tmp_3_i_cast

ST_11: p_r_M_imag_V [1/1] 0.00ns
:19  %p_r_M_imag_V = call i32 @_ssdm_op_PartSelect.i32.i63.i32.i32(i63 %p_Val2_1, i32 31, i32 62)


 <State 12>: 2.39ns
ST_12: output_xk1_addr [1/1] 0.00ns
:20  %output_xk1_addr = getelementptr [2048 x i64]* %output_xk1, i64 0, i64 %tmp

ST_12: output_xk1_M_imag_V_addr [1/1] 0.00ns
:21  %output_xk1_M_imag_V_addr = call i64 @_ssdm_op_BitConcatenate.i64.i32.i32(i32 %p_r_M_imag_V, i32 %p_r_M_real_V)

ST_12: stg_77 [1/1] 2.39ns
:22  store i64 %output_xk1_M_imag_V_addr, i64* %output_xk1_addr, align 8

ST_12: stg_78 [1/1] 0.00ns
:26  br i1 %icmp, label %4, label %3

ST_12: stg_79 [1/1] 0.00ns
:0  call void @_ssdm_op_Write.axis.volatile.i64P(i64* %out_r, i64 %input_xk2_read)

ST_12: stg_80 [1/1] 0.00ns
:1  br label %4

ST_12: stg_81 [1/1] 0.00ns
:0  br label %1



============================================================
+ Verbose Summary: Binding
============================================================
N/A
* FSMD analyzer results:
  - Output states:
  - Chain level:
	State 1
	State 2
	State 3
	State 4
	State 5
	State 6
	State 7
	State 8
	State 9
	State 10
	State 11
	State 12


============================================================
+ Verbose Summary: Datapath Resource usage 
============================================================
N/A
