

================================================================
== Vivado HLS Report for 'filter_multop_operator_ap_fixed_s'
================================================================
* Date:           Tue Mar 27 09:39:46 2018

* Version:        2014.4 (Build 1071461 on Tue Nov 18 16:42:57 PM 2014)
* Project:        fft_filter_hlsprj
* Solution:       solution3
* Product family: kintex7
* Target device:  xc7k410tffg900-2


================================================================
== Performance Estimates
================================================================
+ Timing (ns): 
    * Summary: 
    +---------+-------+----------+------------+
    |  Clock  | Target| Estimated| Uncertainty|
    +---------+-------+----------+------------+
    |default  |   5.00|      3.93|        0.62|
    +---------+-------+----------+------------+

+ Latency (clock cycles): 
    * Summary: 
    +-----+-----+-----+-----+---------+
    |  Latency  |  Interval | Pipeline|
    | min | max | min | max |   Type  |
    +-----+-----+-----+-----+---------+
    |    7|    7|    7|    7|   none  |
    +-----+-----+-----+-----+---------+

    + Detail: 
        * Instance: 
        N/A

        * Loop: 
        N/A



================================================================
== Utilization Estimates
================================================================
* Summary: 
+-----------------+---------+-------+--------+--------+
|       Name      | BRAM_18K| DSP48E|   FF   |   LUT  |
+-----------------+---------+-------+--------+--------+
|Expression       |        -|      -|       -|       -|
|FIFO             |        -|      -|       -|       -|
|Instance         |        -|      -|       -|       -|
|Memory           |        -|      -|       -|       -|
|Multiplexer      |        -|      -|       -|       -|
|Register         |        -|      -|       -|       -|
+-----------------+---------+-------+--------+--------+
|Total            |        0|      0|       0|       0|
+-----------------+---------+-------+--------+--------+
|Available        |     1590|   1540|  508400|  254200|
+-----------------+---------+-------+--------+--------+
|Utilization (%)  |        0|      0|       0|       0|
+-----------------+---------+-------+--------+--------+

+ Detail: 
    * Instance: 
    N/A

    * Memory: 
    N/A

    * FIFO: 
    N/A

    * Expression: 
    N/A

    * Multiplexer: 
    N/A

    * Register: 
    N/A



================================================================
== Interface
================================================================
* Summary: 
N/A

============================================================
+ Verbose Summary: Synthesis Manager
============================================================
InlineROM: 1
ExposeGlobal: 0
============================================================
+ Verbose Summary: CDFG Model
============================================================
IsTopModel: 0
ResetActiveHigh: 1
IsCombinational: 0
IsDatapathOnly: 0
HasWiredReturn: 1
HasMFsm: 0
HasVarLatency: 1
IsPipeline: 0
IsRtlPipelined: 0
IsInstanceOverlapped: 0
IsDontTouch: 0
HasImplIP: 0
IsGatedGlobalClock: 0


============================================================
+ Verbose Summary: Schedule
============================================================
* Number of FSM states: 8
* Pipeline: 0
* Dataflow Pipeline: 0

* FSM state transitions: 
1 --> 
	2  / true
2 --> 
	3  / true
3 --> 
	4  / true
4 --> 
	5  / true
5 --> 
	6  / true
6 --> 
	7  / true
7 --> 
	8  / true
8 --> 
* FSM state operations: 

 <State 1>: 2.39ns
ST_1: tmp1_read [1/1] 0.00ns
:0  %tmp1_read = call i12 @_ssdm_op_Read.ap_auto.i12(i12 %tmp1)

ST_1: tmp1_cast [1/1] 0.00ns
:3  %tmp1_cast = zext i12 %tmp1_read to i64

ST_1: p_y_addr [1/1] 0.00ns
:6  %p_y_addr = getelementptr [2048 x i64]* %p_y, i64 0, i64 %tmp1_cast

ST_1: p_y_load [2/2] 2.39ns
:7  %p_y_load = load i64* %p_y_addr, align 8


 <State 2>: 3.93ns
ST_2: p_x_M_imag_V_read_1 [1/1] 0.00ns
:1  %p_x_M_imag_V_read_1 = call i32 @_ssdm_op_Read.ap_auto.i32(i32 %p_x_M_imag_V_read)

ST_2: p_x_M_real_V_read_1 [1/1] 0.00ns
:2  %p_x_M_real_V_read_1 = call i32 @_ssdm_op_Read.ap_auto.i32(i32 %p_x_M_real_V_read)

ST_2: p_y_load [1/2] 2.39ns
:7  %p_y_load = load i64* %p_y_addr, align 8

ST_2: tmp_4 [1/1] 0.00ns
:8  %tmp_4 = trunc i64 %p_y_load to i32

ST_2: tmp [1/1] 0.00ns
:9  %tmp = sext i32 %tmp_4 to i63

ST_2: tmp_1 [1/1] 0.00ns
:10  %tmp_1 = sext i32 %p_x_M_real_V_read_1 to i63

ST_2: p_y_M_imag_V_load_new [1/1] 0.00ns
:11  %p_y_M_imag_V_load_new = call i32 @_ssdm_op_PartSelect.i32.i64.i32.i32(i64 %p_y_load, i32 32, i32 63)

ST_2: tmp_2 [1/1] 0.00ns
:12  %tmp_2 = sext i32 %p_y_M_imag_V_load_new to i63

ST_2: tmp_3 [1/1] 0.00ns
:13  %tmp_3 = sext i32 %p_x_M_imag_V_read_1 to i63

ST_2: tmp_cast [7/7] 1.54ns
:14  %tmp_cast = mul i63 %tmp, %tmp_1

ST_2: tmp_6_cast [7/7] 1.54ns
:15  %tmp_6_cast = mul i63 %tmp_2, %tmp_3

ST_2: tmp_cast_26 [7/7] 1.54ns
:18  %tmp_cast_26 = mul i63 %tmp_2, %tmp_1

ST_2: tmp_14_cast [7/7] 1.54ns
:19  %tmp_14_cast = mul i63 %tmp, %tmp_3


 <State 3>: 1.54ns
ST_3: tmp_cast [6/7] 1.54ns
:14  %tmp_cast = mul i63 %tmp, %tmp_1

ST_3: tmp_6_cast [6/7] 1.54ns
:15  %tmp_6_cast = mul i63 %tmp_2, %tmp_3

ST_3: tmp_cast_26 [6/7] 1.54ns
:18  %tmp_cast_26 = mul i63 %tmp_2, %tmp_1

ST_3: tmp_14_cast [6/7] 1.54ns
:19  %tmp_14_cast = mul i63 %tmp, %tmp_3


 <State 4>: 1.54ns
ST_4: tmp_cast [5/7] 1.54ns
:14  %tmp_cast = mul i63 %tmp, %tmp_1

ST_4: tmp_6_cast [5/7] 1.54ns
:15  %tmp_6_cast = mul i63 %tmp_2, %tmp_3

ST_4: tmp_cast_26 [5/7] 1.54ns
:18  %tmp_cast_26 = mul i63 %tmp_2, %tmp_1

ST_4: tmp_14_cast [5/7] 1.54ns
:19  %tmp_14_cast = mul i63 %tmp, %tmp_3


 <State 5>: 1.54ns
ST_5: tmp_cast [4/7] 1.54ns
:14  %tmp_cast = mul i63 %tmp, %tmp_1

ST_5: tmp_6_cast [4/7] 1.54ns
:15  %tmp_6_cast = mul i63 %tmp_2, %tmp_3

ST_5: tmp_cast_26 [4/7] 1.54ns
:18  %tmp_cast_26 = mul i63 %tmp_2, %tmp_1

ST_5: tmp_14_cast [4/7] 1.54ns
:19  %tmp_14_cast = mul i63 %tmp, %tmp_3


 <State 6>: 1.54ns
ST_6: tmp_cast [3/7] 1.54ns
:14  %tmp_cast = mul i63 %tmp, %tmp_1

ST_6: tmp_6_cast [3/7] 1.54ns
:15  %tmp_6_cast = mul i63 %tmp_2, %tmp_3

ST_6: tmp_cast_26 [3/7] 1.54ns
:18  %tmp_cast_26 = mul i63 %tmp_2, %tmp_1

ST_6: tmp_14_cast [3/7] 1.54ns
:19  %tmp_14_cast = mul i63 %tmp, %tmp_3


 <State 7>: 1.54ns
ST_7: tmp_cast [2/7] 1.54ns
:14  %tmp_cast = mul i63 %tmp, %tmp_1

ST_7: tmp_6_cast [2/7] 1.54ns
:15  %tmp_6_cast = mul i63 %tmp_2, %tmp_3

ST_7: tmp_cast_26 [2/7] 1.54ns
:18  %tmp_cast_26 = mul i63 %tmp_2, %tmp_1

ST_7: tmp_14_cast [2/7] 1.54ns
:19  %tmp_14_cast = mul i63 %tmp, %tmp_3


 <State 8>: 3.62ns
ST_8: stg_46 [1/1] 0.00ns
:4  call void (...)* @_ssdm_op_SpecMemCore([2048 x i64]* %p_y, [1 x i8]* @p_str1, [12 x i8]* @p_str4, [1 x i8]* @p_str1, i32 -1, [1 x i8]* @p_str1, [1 x i8]* @p_str1, [1 x i8]* @p_str1)

ST_8: stg_47 [1/1] 0.00ns
:5  call void (...)* @_ssdm_op_SpecInterface([2048 x i64]* %p_y, [10 x i8]* @p_str, i32 0, i32 0, i32 0, i32 0, [1 x i8]* @p_str1, [1 x i8]* @p_str1, [1 x i8]* @p_str1) nounwind

ST_8: tmp_cast [1/7] 1.54ns
:14  %tmp_cast = mul i63 %tmp, %tmp_1

ST_8: tmp_6_cast [1/7] 1.54ns
:15  %tmp_6_cast = mul i63 %tmp_2, %tmp_3

ST_8: p_Val2_s [1/1] 2.08ns
:16  %p_Val2_s = sub i63 %tmp_cast, %tmp_6_cast

ST_8: p_r_M_real_V [1/1] 0.00ns
:17  %p_r_M_real_V = call i32 @_ssdm_op_PartSelect.i32.i63.i32.i32(i63 %p_Val2_s, i32 31, i32 62)

ST_8: tmp_cast_26 [1/7] 1.54ns
:18  %tmp_cast_26 = mul i63 %tmp_2, %tmp_1

ST_8: tmp_14_cast [1/7] 1.54ns
:19  %tmp_14_cast = mul i63 %tmp, %tmp_3

ST_8: p_Val2_1 [1/1] 2.08ns
:20  %p_Val2_1 = add i63 %tmp_cast_26, %tmp_14_cast

ST_8: p_r_M_imag_V [1/1] 0.00ns
:21  %p_r_M_imag_V = call i32 @_ssdm_op_PartSelect.i32.i63.i32.i32(i63 %p_Val2_1, i32 31, i32 62)

ST_8: mrv [1/1] 0.00ns
:22  %mrv = insertvalue { i32, i32 } undef, i32 %p_r_M_real_V, 0

ST_8: mrv_1 [1/1] 0.00ns
:23  %mrv_1 = insertvalue { i32, i32 } %mrv, i32 %p_r_M_imag_V, 1

ST_8: stg_58 [1/1] 0.00ns
:24  ret { i32, i32 } %mrv_1



============================================================
+ Verbose Summary: Binding
============================================================
STG Binding: 
---------------- STG Properties BEGIN ----------------
- Is combinational: 0
- Is one-state seq: 0
- Is datapath-only: 0
- Is clock enabled: 0
- Is pipelined: 0
- Is top level: 0
Port [ Return ] is wired: 1; IO mode=ap_ctrl_hs:ce=0
Port [ p_x_M_real_V_read]:  wired=1; compound=0; hidden=0; nouse=0; global=0; static=0; extern=0; dir=0; type=0; mode=0x47f8520; pingpong=0; private_global=0; IO mode=ap_none:ce=0
Port [ p_x_M_imag_V_read]:  wired=1; compound=0; hidden=0; nouse=0; global=0; static=0; extern=0; dir=0; type=0; mode=0x47fba00; pingpong=0; private_global=0; IO mode=ap_none:ce=0
Port [ p_y]:  wired=1; compound=1; hidden=0; nouse=0; global=0; static=0; extern=0; dir=0; type=1; mode=0x47fd130; pingpong=0; private_global=0; MemPort=[1]; IO mode=ap_memory:ce=0
Port [ tmp1]:  wired=1; compound=0; hidden=0; nouse=0; global=0; static=0; extern=0; dir=0; type=0; mode=0x47fe5f0; pingpong=0; private_global=0; IO mode=ap_none:ce=0
---------------- STG Properties END ------------------

---------------- Datapath Model BEGIN ----------------

<LifeTime>
<method=bitvector/>
tmp1_read             (read         ) [ 000000000]
tmp1_cast             (zext         ) [ 000000000]
p_y_addr              (getelementptr) [ 001000000]
p_x_M_imag_V_read_1   (read         ) [ 000000000]
p_x_M_real_V_read_1   (read         ) [ 000000000]
p_y_load              (load         ) [ 000000000]
tmp_4                 (trunc        ) [ 000000000]
tmp                   (sext         ) [ 000111111]
tmp_1                 (sext         ) [ 000111111]
p_y_M_imag_V_load_new (partselect   ) [ 000000000]
tmp_2                 (sext         ) [ 000111111]
tmp_3                 (sext         ) [ 000111111]
stg_46                (specmemcore  ) [ 000000000]
stg_47                (specinterface) [ 000000000]
tmp_cast              (mul          ) [ 000000000]
tmp_6_cast            (mul          ) [ 000000000]
p_Val2_s              (sub          ) [ 000000000]
p_r_M_real_V          (partselect   ) [ 000000000]
tmp_cast_26           (mul          ) [ 000000000]
tmp_14_cast           (mul          ) [ 000000000]
p_Val2_1              (add          ) [ 000000000]
p_r_M_imag_V          (partselect   ) [ 000000000]
mrv                   (insertvalue  ) [ 000000000]
mrv_1                 (insertvalue  ) [ 000000000]
stg_58                (ret          ) [ 000000000]
</LifeTime>

<model>

<comp_list>
<comp id="0" class="1000" name="p_x_M_real_V_read">
<pin_list>
<pin id="1" dir="1" index="0" bw="1" slack="0"/>
</pin_list>
<bind>
<StgValue><ssdm name="p_x_M_real_V_read"/></StgValue>
</bind>
</comp>

<comp id="2" class="1000" name="p_x_M_imag_V_read">
<pin_list>
<pin id="3" dir="1" index="0" bw="1" slack="0"/>
</pin_list>
<bind>
<StgValue><ssdm name="p_x_M_imag_V_read"/></StgValue>
</bind>
</comp>

<comp id="4" class="1000" name="p_y">
<pin_list>
<pin id="5" dir="1" index="0" bw="1" slack="0"/>
</pin_list>
<bind>
<StgValue><ssdm name="p_y"/><MemPortTyVec>1 </MemPortTyVec>
</StgValue>
</bind>
</comp>

<comp id="6" class="1000" name="tmp1">
<pin_list>
<pin id="7" dir="1" index="0" bw="1" slack="0"/>
</pin_list>
<bind>
<StgValue><ssdm name="tmp1"/></StgValue>
</bind>
</comp>

<comp id="8" class="1001" name="const_8">
<pin_list>
<pin id="9" dir="1" index="0" bw="1" slack="0"/>
</pin_list>
<bind>
<StgValue><ssdm name="_ssdm_op_Read.ap_auto.i12"/></StgValue>
</bind>
</comp>

<comp id="10" class="1001" name="const_10">
<pin_list>
<pin id="11" dir="1" index="0" bw="1" slack="0"/>
</pin_list>
<bind>
<StgValue><ssdm name=""/></StgValue>
</bind>
</comp>

<comp id="12" class="1001" name="const_12">
<pin_list>
<pin id="13" dir="1" index="0" bw="1" slack="0"/>
</pin_list>
<bind>
<StgValue><ssdm name="_ssdm_op_Read.ap_auto.i32"/></StgValue>
</bind>
</comp>

<comp id="14" class="1001" name="const_14">
<pin_list>
<pin id="15" dir="1" index="0" bw="1" slack="0"/>
</pin_list>
<bind>
<StgValue><ssdm name="_ssdm_op_PartSelect.i32.i64.i32.i32"/></StgValue>
</bind>
</comp>

<comp id="16" class="1001" name="const_16">
<pin_list>
<pin id="17" dir="1" index="0" bw="1" slack="0"/>
</pin_list>
<bind>
<StgValue><ssdm name=""/></StgValue>
</bind>
</comp>

<comp id="18" class="1001" name="const_18">
<pin_list>
<pin id="19" dir="1" index="0" bw="1" slack="0"/>
</pin_list>
<bind>
<StgValue><ssdm name=""/></StgValue>
</bind>
</comp>

<comp id="20" class="1001" name="const_20">
<pin_list>
<pin id="21" dir="1" index="0" bw="1" slack="2147483647"/>
</pin_list>
<bind>
<StgValue><ssdm name="_ssdm_op_SpecMemCore"/></StgValue>
</bind>
</comp>

<comp id="22" class="1001" name="const_22">
<pin_list>
<pin id="23" dir="1" index="0" bw="1" slack="2147483647"/>
</pin_list>
<bind>
<StgValue><ssdm name="p_str1"/></StgValue>
</bind>
</comp>

<comp id="24" class="1001" name="const_24">
<pin_list>
<pin id="25" dir="1" index="0" bw="1" slack="2147483647"/>
</pin_list>
<bind>
<StgValue><ssdm name="p_str4"/></StgValue>
</bind>
</comp>

<comp id="26" class="1001" name="const_26">
<pin_list>
<pin id="27" dir="1" index="0" bw="1" slack="2147483647"/>
</pin_list>
<bind>
<StgValue><ssdm name=""/></StgValue>
</bind>
</comp>

<comp id="28" class="1001" name="const_28">
<pin_list>
<pin id="29" dir="1" index="0" bw="1" slack="2147483647"/>
</pin_list>
<bind>
<StgValue><ssdm name="_ssdm_op_SpecInterface"/></StgValue>
</bind>
</comp>

<comp id="30" class="1001" name="const_30">
<pin_list>
<pin id="31" dir="1" index="0" bw="1" slack="2147483647"/>
</pin_list>
<bind>
<StgValue><ssdm name="p_str"/></StgValue>
</bind>
</comp>

<comp id="32" class="1001" name="const_32">
<pin_list>
<pin id="33" dir="1" index="0" bw="1" slack="2147483647"/>
</pin_list>
<bind>
<StgValue><ssdm name=""/></StgValue>
</bind>
</comp>

<comp id="34" class="1001" name="const_34">
<pin_list>
<pin id="35" dir="1" index="0" bw="1" slack="0"/>
</pin_list>
<bind>
<StgValue><ssdm name="_ssdm_op_PartSelect.i32.i63.i32.i32"/></StgValue>
</bind>
</comp>

<comp id="36" class="1001" name="const_36">
<pin_list>
<pin id="37" dir="1" index="0" bw="1" slack="0"/>
</pin_list>
<bind>
<StgValue><ssdm name=""/></StgValue>
</bind>
</comp>

<comp id="38" class="1001" name="const_38">
<pin_list>
<pin id="39" dir="1" index="0" bw="1" slack="0"/>
</pin_list>
<bind>
<StgValue><ssdm name=""/></StgValue>
</bind>
</comp>

<comp id="40" class="1001" name="const_40">
<pin_list>
<pin id="41" dir="1" index="0" bw="1" slack="0"/>
</pin_list>
<bind>
<StgValue><ssdm name=""/></StgValue>
</bind>
</comp>

<comp id="42" class="1004" name="tmp1_read_read_fu_42">
<pin_list>
<pin id="43" dir="0" index="0" bw="12" slack="0"/>
<pin id="44" dir="0" index="1" bw="12" slack="0"/>
<pin id="45" dir="1" index="2" bw="12" slack="0"/>
</pin_list>
<bind>
<opcode="read(1150) " fcode="read"/>
<opset="tmp1_read/1 "/>
</bind>
</comp>

<comp id="48" class="1004" name="p_x_M_imag_V_read_1_read_fu_48">
<pin_list>
<pin id="49" dir="0" index="0" bw="32" slack="0"/>
<pin id="50" dir="0" index="1" bw="32" slack="0"/>
<pin id="51" dir="1" index="2" bw="32" slack="0"/>
</pin_list>
<bind>
<opcode="read(1150) " fcode="read"/>
<opset="p_x_M_imag_V_read_1/2 "/>
</bind>
</comp>

<comp id="54" class="1004" name="p_x_M_real_V_read_1_read_fu_54">
<pin_list>
<pin id="55" dir="0" index="0" bw="32" slack="0"/>
<pin id="56" dir="0" index="1" bw="32" slack="0"/>
<pin id="57" dir="1" index="2" bw="32" slack="0"/>
</pin_list>
<bind>
<opcode="read(1150) " fcode="read"/>
<opset="p_x_M_real_V_read_1/2 "/>
</bind>
</comp>

<comp id="60" class="1004" name="p_y_addr_gep_fu_60">
<pin_list>
<pin id="61" dir="0" index="0" bw="64" slack="0"/>
<pin id="62" dir="0" index="1" bw="1" slack="0"/>
<pin id="63" dir="0" index="2" bw="12" slack="0"/>
<pin id="64" dir="1" index="3" bw="11" slack="0"/>
</pin_list>
<bind>
<opcode="getelementptr(29) " fcode="getelementptr"/>
<opset="p_y_addr/1 "/>
</bind>
</comp>

<comp id="67" class="1004" name="grp_access_fu_67">
<pin_list>
<pin id="68" dir="0" index="0" bw="11" slack="0"/>
<pin id="69" dir="0" index="1" bw="64" slack="2147483647"/>
<pin id="70" dir="1" index="2" bw="64" slack="0"/>
</pin_list>
<bind>
<opcode="load(27) " fcode="load"/>
<opset="p_y_load/1 "/>
</bind>
</comp>

<comp id="73" class="1004" name="tmp1_cast_fu_73">
<pin_list>
<pin id="74" dir="0" index="0" bw="12" slack="0"/>
<pin id="75" dir="1" index="1" bw="64" slack="0"/>
</pin_list>
<bind>
<opcode="zext(34) " fcode="zext"/>
<opset="tmp1_cast/1 "/>
</bind>
</comp>

<comp id="78" class="1004" name="tmp_4_fu_78">
<pin_list>
<pin id="79" dir="0" index="0" bw="64" slack="0"/>
<pin id="80" dir="1" index="1" bw="32" slack="0"/>
</pin_list>
<bind>
<opcode="trunc(33) " fcode="trunc"/>
<opset="tmp_4/2 "/>
</bind>
</comp>

<comp id="82" class="1004" name="tmp_fu_82">
<pin_list>
<pin id="83" dir="0" index="0" bw="32" slack="0"/>
<pin id="84" dir="1" index="1" bw="63" slack="0"/>
</pin_list>
<bind>
<opcode="sext(35) " fcode="sext"/>
<opset="tmp/2 "/>
</bind>
</comp>

<comp id="86" class="1004" name="tmp_1_fu_86">
<pin_list>
<pin id="87" dir="0" index="0" bw="32" slack="0"/>
<pin id="88" dir="1" index="1" bw="63" slack="0"/>
</pin_list>
<bind>
<opcode="sext(35) " fcode="sext"/>
<opset="tmp_1/2 "/>
</bind>
</comp>

<comp id="90" class="1004" name="p_y_M_imag_V_load_new_fu_90">
<pin_list>
<pin id="91" dir="0" index="0" bw="32" slack="0"/>
<pin id="92" dir="0" index="1" bw="64" slack="0"/>
<pin id="93" dir="0" index="2" bw="7" slack="0"/>
<pin id="94" dir="0" index="3" bw="7" slack="0"/>
<pin id="95" dir="1" index="4" bw="32" slack="0"/>
</pin_list>
<bind>
<opcode="partselect(1002) " fcode="partselect"/>
<opset="p_y_M_imag_V_load_new/2 "/>
</bind>
</comp>

<comp id="100" class="1004" name="tmp_2_fu_100">
<pin_list>
<pin id="101" dir="0" index="0" bw="32" slack="0"/>
<pin id="102" dir="1" index="1" bw="63" slack="0"/>
</pin_list>
<bind>
<opcode="sext(35) " fcode="sext"/>
<opset="tmp_2/2 "/>
</bind>
</comp>

<comp id="104" class="1004" name="tmp_3_fu_104">
<pin_list>
<pin id="105" dir="0" index="0" bw="32" slack="0"/>
<pin id="106" dir="1" index="1" bw="63" slack="0"/>
</pin_list>
<bind>
<opcode="sext(35) " fcode="sext"/>
<opset="tmp_3/2 "/>
</bind>
</comp>

<comp id="108" class="1004" name="grp_fu_108">
<pin_list>
<pin id="109" dir="0" index="0" bw="32" slack="0"/>
<pin id="110" dir="0" index="1" bw="32" slack="0"/>
<pin id="111" dir="1" index="2" bw="63" slack="0"/>
</pin_list>
<bind>
<opcode="mul(12) " fcode="mul"/>
<opset="tmp_cast/2 "/>
</bind>
</comp>

<comp id="114" class="1004" name="grp_fu_114">
<pin_list>
<pin id="115" dir="0" index="0" bw="32" slack="0"/>
<pin id="116" dir="0" index="1" bw="32" slack="0"/>
<pin id="117" dir="1" index="2" bw="63" slack="0"/>
</pin_list>
<bind>
<opcode="mul(12) " fcode="mul"/>
<opset="tmp_6_cast/2 "/>
</bind>
</comp>

<comp id="120" class="1004" name="grp_fu_120">
<pin_list>
<pin id="121" dir="0" index="0" bw="32" slack="0"/>
<pin id="122" dir="0" index="1" bw="32" slack="0"/>
<pin id="123" dir="1" index="2" bw="63" slack="0"/>
</pin_list>
<bind>
<opcode="mul(12) " fcode="mul"/>
<opset="tmp_cast_26/2 "/>
</bind>
</comp>

<comp id="126" class="1004" name="grp_fu_126">
<pin_list>
<pin id="127" dir="0" index="0" bw="32" slack="0"/>
<pin id="128" dir="0" index="1" bw="32" slack="0"/>
<pin id="129" dir="1" index="2" bw="63" slack="0"/>
</pin_list>
<bind>
<opcode="mul(12) " fcode="mul"/>
<opset="tmp_14_cast/2 "/>
</bind>
</comp>

<comp id="132" class="1004" name="p_Val2_s_fu_132">
<pin_list>
<pin id="133" dir="0" index="0" bw="63" slack="0"/>
<pin id="134" dir="0" index="1" bw="63" slack="0"/>
<pin id="135" dir="1" index="2" bw="63" slack="0"/>
</pin_list>
<bind>
<opcode="sub(10) " fcode="sub"/>
<opset="p_Val2_s/8 "/>
</bind>
</comp>

<comp id="138" class="1004" name="p_r_M_real_V_fu_138">
<pin_list>
<pin id="139" dir="0" index="0" bw="32" slack="0"/>
<pin id="140" dir="0" index="1" bw="63" slack="0"/>
<pin id="141" dir="0" index="2" bw="6" slack="0"/>
<pin id="142" dir="0" index="3" bw="7" slack="0"/>
<pin id="143" dir="1" index="4" bw="32" slack="0"/>
</pin_list>
<bind>
<opcode="partselect(1002) " fcode="partselect"/>
<opset="p_r_M_real_V/8 "/>
</bind>
</comp>

<comp id="148" class="1004" name="p_Val2_1_fu_148">
<pin_list>
<pin id="149" dir="0" index="0" bw="63" slack="0"/>
<pin id="150" dir="0" index="1" bw="63" slack="0"/>
<pin id="151" dir="1" index="2" bw="63" slack="0"/>
</pin_list>
<bind>
<opcode="add(8) " fcode="add"/>
<opset="p_Val2_1/8 "/>
</bind>
</comp>

<comp id="154" class="1004" name="p_r_M_imag_V_fu_154">
<pin_list>
<pin id="155" dir="0" index="0" bw="32" slack="0"/>
<pin id="156" dir="0" index="1" bw="63" slack="0"/>
<pin id="157" dir="0" index="2" bw="6" slack="0"/>
<pin id="158" dir="0" index="3" bw="7" slack="0"/>
<pin id="159" dir="1" index="4" bw="32" slack="0"/>
</pin_list>
<bind>
<opcode="partselect(1002) " fcode="partselect"/>
<opset="p_r_M_imag_V/8 "/>
</bind>
</comp>

<comp id="164" class="1004" name="mrv_fu_164">
<pin_list>
<pin id="165" dir="0" index="0" bw="64" slack="0"/>
<pin id="166" dir="0" index="1" bw="32" slack="0"/>
<pin id="167" dir="1" index="2" bw="64" slack="0"/>
</pin_list>
<bind>
<opcode="insertvalue(57) " fcode="insertvalue"/>
<opset="mrv/8 "/>
</bind>
</comp>

<comp id="170" class="1004" name="mrv_1_fu_170">
<pin_list>
<pin id="171" dir="0" index="0" bw="64" slack="0"/>
<pin id="172" dir="0" index="1" bw="32" slack="0"/>
<pin id="173" dir="1" index="2" bw="64" slack="2147483647"/>
</pin_list>
<bind>
<opcode="insertvalue(57) " fcode="insertvalue"/>
<opset="mrv_1/8 "/>
</bind>
</comp>

<comp id="176" class="1005" name="p_y_addr_reg_176">
<pin_list>
<pin id="177" dir="0" index="0" bw="11" slack="1"/>
<pin id="178" dir="1" index="1" bw="11" slack="1"/>
</pin_list>
<bind>
<opset="p_y_addr "/>
</bind>
</comp>

<comp id="181" class="1005" name="tmp_reg_181">
<pin_list>
<pin id="182" dir="0" index="0" bw="63" slack="1"/>
<pin id="183" dir="1" index="1" bw="63" slack="1"/>
</pin_list>
<bind>
<opset="tmp "/>
</bind>
</comp>

<comp id="187" class="1005" name="tmp_1_reg_187">
<pin_list>
<pin id="188" dir="0" index="0" bw="63" slack="1"/>
<pin id="189" dir="1" index="1" bw="63" slack="1"/>
</pin_list>
<bind>
<opset="tmp_1 "/>
</bind>
</comp>

<comp id="193" class="1005" name="tmp_2_reg_193">
<pin_list>
<pin id="194" dir="0" index="0" bw="63" slack="1"/>
<pin id="195" dir="1" index="1" bw="63" slack="1"/>
</pin_list>
<bind>
<opset="tmp_2 "/>
</bind>
</comp>

<comp id="199" class="1005" name="tmp_3_reg_199">
<pin_list>
<pin id="200" dir="0" index="0" bw="63" slack="1"/>
<pin id="201" dir="1" index="1" bw="63" slack="1"/>
</pin_list>
<bind>
<opset="tmp_3 "/>
</bind>
</comp>

</comp_list>

<net_list>
<net id="46"><net_src comp="8" pin="0"/><net_sink comp="42" pin=0"/></net>

<net id="47"><net_src comp="6" pin="0"/><net_sink comp="42" pin=1"/></net>

<net id="52"><net_src comp="12" pin="0"/><net_sink comp="48" pin=0"/></net>

<net id="53"><net_src comp="2" pin="0"/><net_sink comp="48" pin=1"/></net>

<net id="58"><net_src comp="12" pin="0"/><net_sink comp="54" pin=0"/></net>

<net id="59"><net_src comp="0" pin="0"/><net_sink comp="54" pin=1"/></net>

<net id="65"><net_src comp="4" pin="0"/><net_sink comp="60" pin=0"/></net>

<net id="66"><net_src comp="10" pin="0"/><net_sink comp="60" pin=1"/></net>

<net id="71"><net_src comp="60" pin="3"/><net_sink comp="67" pin=0"/></net>

<net id="76"><net_src comp="42" pin="2"/><net_sink comp="73" pin=0"/></net>

<net id="77"><net_src comp="73" pin="1"/><net_sink comp="60" pin=2"/></net>

<net id="81"><net_src comp="67" pin="2"/><net_sink comp="78" pin=0"/></net>

<net id="85"><net_src comp="78" pin="1"/><net_sink comp="82" pin=0"/></net>

<net id="89"><net_src comp="54" pin="2"/><net_sink comp="86" pin=0"/></net>

<net id="96"><net_src comp="14" pin="0"/><net_sink comp="90" pin=0"/></net>

<net id="97"><net_src comp="67" pin="2"/><net_sink comp="90" pin=1"/></net>

<net id="98"><net_src comp="16" pin="0"/><net_sink comp="90" pin=2"/></net>

<net id="99"><net_src comp="18" pin="0"/><net_sink comp="90" pin=3"/></net>

<net id="103"><net_src comp="90" pin="4"/><net_sink comp="100" pin=0"/></net>

<net id="107"><net_src comp="48" pin="2"/><net_sink comp="104" pin=0"/></net>

<net id="112"><net_src comp="82" pin="1"/><net_sink comp="108" pin=0"/></net>

<net id="113"><net_src comp="86" pin="1"/><net_sink comp="108" pin=1"/></net>

<net id="118"><net_src comp="100" pin="1"/><net_sink comp="114" pin=0"/></net>

<net id="119"><net_src comp="104" pin="1"/><net_sink comp="114" pin=1"/></net>

<net id="124"><net_src comp="100" pin="1"/><net_sink comp="120" pin=0"/></net>

<net id="125"><net_src comp="86" pin="1"/><net_sink comp="120" pin=1"/></net>

<net id="130"><net_src comp="82" pin="1"/><net_sink comp="126" pin=0"/></net>

<net id="131"><net_src comp="104" pin="1"/><net_sink comp="126" pin=1"/></net>

<net id="136"><net_src comp="108" pin="2"/><net_sink comp="132" pin=0"/></net>

<net id="137"><net_src comp="114" pin="2"/><net_sink comp="132" pin=1"/></net>

<net id="144"><net_src comp="34" pin="0"/><net_sink comp="138" pin=0"/></net>

<net id="145"><net_src comp="132" pin="2"/><net_sink comp="138" pin=1"/></net>

<net id="146"><net_src comp="36" pin="0"/><net_sink comp="138" pin=2"/></net>

<net id="147"><net_src comp="38" pin="0"/><net_sink comp="138" pin=3"/></net>

<net id="152"><net_src comp="120" pin="2"/><net_sink comp="148" pin=0"/></net>

<net id="153"><net_src comp="126" pin="2"/><net_sink comp="148" pin=1"/></net>

<net id="160"><net_src comp="34" pin="0"/><net_sink comp="154" pin=0"/></net>

<net id="161"><net_src comp="148" pin="2"/><net_sink comp="154" pin=1"/></net>

<net id="162"><net_src comp="36" pin="0"/><net_sink comp="154" pin=2"/></net>

<net id="163"><net_src comp="38" pin="0"/><net_sink comp="154" pin=3"/></net>

<net id="168"><net_src comp="40" pin="0"/><net_sink comp="164" pin=0"/></net>

<net id="169"><net_src comp="138" pin="4"/><net_sink comp="164" pin=1"/></net>

<net id="174"><net_src comp="164" pin="2"/><net_sink comp="170" pin=0"/></net>

<net id="175"><net_src comp="154" pin="4"/><net_sink comp="170" pin=1"/></net>

<net id="179"><net_src comp="60" pin="3"/><net_sink comp="176" pin=0"/></net>

<net id="180"><net_src comp="176" pin="1"/><net_sink comp="67" pin=0"/></net>

<net id="184"><net_src comp="82" pin="1"/><net_sink comp="181" pin=0"/></net>

<net id="185"><net_src comp="181" pin="1"/><net_sink comp="108" pin=0"/></net>

<net id="186"><net_src comp="181" pin="1"/><net_sink comp="126" pin=0"/></net>

<net id="190"><net_src comp="86" pin="1"/><net_sink comp="187" pin=0"/></net>

<net id="191"><net_src comp="187" pin="1"/><net_sink comp="108" pin=1"/></net>

<net id="192"><net_src comp="187" pin="1"/><net_sink comp="120" pin=1"/></net>

<net id="196"><net_src comp="100" pin="1"/><net_sink comp="193" pin=0"/></net>

<net id="197"><net_src comp="193" pin="1"/><net_sink comp="114" pin=0"/></net>

<net id="198"><net_src comp="193" pin="1"/><net_sink comp="120" pin=0"/></net>

<net id="202"><net_src comp="104" pin="1"/><net_sink comp="199" pin=0"/></net>

<net id="203"><net_src comp="199" pin="1"/><net_sink comp="114" pin=1"/></net>

<net id="204"><net_src comp="199" pin="1"/><net_sink comp="126" pin=1"/></net>

</net_list>

</model> 
---------------- Datapath Model END ------------------

* FSMD analyzer results:
  - Output states:
  - Chain level:
	State 1
		p_y_addr : 1
		p_y_load : 2
	State 2
		tmp_4 : 1
		tmp : 2
		p_y_M_imag_V_load_new : 1
		tmp_2 : 2
		tmp_cast : 3
		tmp_6_cast : 3
		tmp_cast_26 : 3
		tmp_14_cast : 3
	State 3
	State 4
	State 5
	State 6
	State 7
	State 8
		p_Val2_s : 1
		p_r_M_real_V : 2
		p_Val2_1 : 1
		p_r_M_imag_V : 2
		mrv : 3
		mrv_1 : 4
		stg_58 : 5


============================================================
+ Verbose Summary: Datapath Resource usage 
============================================================

* Functional unit list:
|----------|--------------------------------|---------|---------|---------|
| Operation|         Functional Unit        |  DSP48E |    FF   |   LUT   |
|----------|--------------------------------|---------|---------|---------|
|    sub   |         p_Val2_s_fu_132        |    0    |    0    |    63   |
|----------|--------------------------------|---------|---------|---------|
|    add   |         p_Val2_1_fu_148        |    0    |    0    |    63   |
|----------|--------------------------------|---------|---------|---------|
|          |           grp_fu_108           |    4    |    0    |    0    |
|    mul   |           grp_fu_114           |    4    |    0    |    0    |
|          |           grp_fu_120           |    4    |    0    |    0    |
|          |           grp_fu_126           |    4    |    0    |    0    |
|----------|--------------------------------|---------|---------|---------|
|          |      tmp1_read_read_fu_42      |    0    |    0    |    0    |
|   read   | p_x_M_imag_V_read_1_read_fu_48 |    0    |    0    |    0    |
|          | p_x_M_real_V_read_1_read_fu_54 |    0    |    0    |    0    |
|----------|--------------------------------|---------|---------|---------|
|   zext   |         tmp1_cast_fu_73        |    0    |    0    |    0    |
|----------|--------------------------------|---------|---------|---------|
|   trunc  |           tmp_4_fu_78          |    0    |    0    |    0    |
|----------|--------------------------------|---------|---------|---------|
|          |            tmp_fu_82           |    0    |    0    |    0    |
|   sext   |           tmp_1_fu_86          |    0    |    0    |    0    |
|          |          tmp_2_fu_100          |    0    |    0    |    0    |
|          |          tmp_3_fu_104          |    0    |    0    |    0    |
|----------|--------------------------------|---------|---------|---------|
|          |   p_y_M_imag_V_load_new_fu_90  |    0    |    0    |    0    |
|partselect|       p_r_M_real_V_fu_138      |    0    |    0    |    0    |
|          |       p_r_M_imag_V_fu_154      |    0    |    0    |    0    |
|----------|--------------------------------|---------|---------|---------|
|insertvalue|           mrv_fu_164           |    0    |    0    |    0    |
|          |          mrv_1_fu_170          |    0    |    0    |    0    |
|----------|--------------------------------|---------|---------|---------|
|   Total  |                                |    16   |    0    |   126   |
|----------|--------------------------------|---------|---------|---------|

Memories:
N/A

* Register list:
+----------------+--------+
|                |   FF   |
+----------------+--------+
|p_y_addr_reg_176|   11   |
|  tmp_1_reg_187 |   63   |
|  tmp_2_reg_193 |   63   |
|  tmp_3_reg_199 |   63   |
|   tmp_reg_181  |   63   |
+----------------+--------+
|      Total     |   263  |
+----------------+--------+

* Multiplexer (MUX) list: 
|------------------|------|------|------|--------||---------||---------|
|       Comp       |  Pin | Size |  BW  | S x BW ||  Delay  ||   LUT   |
|------------------|------|------|------|--------||---------||---------|
| grp_access_fu_67 |  p0  |   2  |  11  |   22   ||    11   |
|    grp_fu_108    |  p0  |   2  |  32  |   64   ||    32   |
|    grp_fu_108    |  p1  |   2  |  32  |   64   ||    32   |
|    grp_fu_114    |  p0  |   2  |  32  |   64   ||    32   |
|    grp_fu_114    |  p1  |   2  |  32  |   64   ||    32   |
|    grp_fu_120    |  p0  |   2  |  32  |   64   ||    32   |
|    grp_fu_120    |  p1  |   2  |  32  |   64   ||    32   |
|    grp_fu_126    |  p0  |   2  |  32  |   64   ||    32   |
|    grp_fu_126    |  p1  |   2  |  32  |   64   ||    32   |
|------------------|------|------|------|--------||---------||---------|
|       Total      |      |      |      |   534  ||  8.028  ||   267   |
|------------------|------|------|------|--------||---------||---------|



* Summary:
+-----------+--------+--------+--------+--------+
|           | DSP48E |  Delay |   FF   |   LUT  |
+-----------+--------+--------+--------+--------+
|  Function |   16   |    -   |    0   |   126  |
|   Memory  |    -   |    -   |    -   |    -   |
|Multiplexer|    -   |    8   |    -   |   267  |
|  Register |    -   |    -   |   263  |    -   |
+-----------+--------+--------+--------+--------+
|   Total   |   16   |    8   |   263  |   393  |
+-----------+--------+--------+--------+--------+
